2015-03-02 10:50:46,121 [http-bio-8080-exec-5] [erp] [INFO] - ******************本次POST请求的参数如下************************
********请求toUri=/yazuo_erp/login/verifyMac.do**********
	参数名getParameter：tel,参数值：15000000000

2015-03-02 10:50:47,404 [http-bio-8080-exec-6] [erp] [INFO] - ******************本次POST请求的参数如下************************
********请求toUri=/yazuo_erp/login/loginSubmit.do**********

2015-03-02 10:50:50,004 [http-bio-8080-exec-8] [erp] [INFO] - sessionId: 58D1BAE885903BFCBE81AA21E82BC900
2015-03-02 10:50:50,004 [http-bio-8080-exec-8] [erp] [INFO] - userId: 1
2015-03-02 10:50:50,005 [http-bio-8080-exec-8] [erp] [INFO] - userName: admin
2015-03-02 10:50:50,009 [http-bio-8080-exec-8] [erp] [INFO] - ******************本次POST请求的参数如下************************
********请求toUri=/yazuo_erp/sysProductOperation/listSysProductOperations.do**********

2015-03-02 10:50:52,914 [http-bio-8080-exec-9] [erp] [INFO] - sessionId: 58D1BAE885903BFCBE81AA21E82BC900
2015-03-02 10:50:52,918 [http-bio-8080-exec-9] [erp] [INFO] - userId: 1
2015-03-02 10:50:52,924 [http-bio-8080-exec-9] [erp] [INFO] - userName: admin
2015-03-02 10:50:52,924 [http-bio-8080-exec-9] [erp] [INFO] - ******************本次POST请求的参数如下************************
********请求toUri=/yazuo_erp/myHomePage/getComplexSynMerchants.do**********

2015-03-02 10:50:52,924 [http-bio-8080-exec-10] [erp] [INFO] - sessionId: 58D1BAE885903BFCBE81AA21E82BC900
2015-03-02 10:50:52,925 [http-bio-8080-exec-10] [erp] [INFO] - userId: 1
2015-03-02 10:50:52,925 [http-bio-8080-exec-10] [erp] [INFO] - userName: admin
2015-03-02 10:50:52,925 [http-bio-8080-exec-10] [erp] [INFO] - ******************本次POST请求的参数如下************************
********请求toUri=/yazuo_erp/myHomePage/getComplexSysToDoLists.do**********

2015-03-02 10:50:55,128 [http-bio-8080-exec-3] [erp] [INFO] - sessionId: 58D1BAE885903BFCBE81AA21E82BC900
2015-03-02 10:50:55,128 [http-bio-8080-exec-3] [erp] [INFO] - userId: 1
2015-03-02 10:50:55,128 [http-bio-8080-exec-3] [erp] [INFO] - userName: admin
2015-03-02 10:50:55,128 [http-bio-8080-exec-3] [erp] [INFO] - ******************本次POST请求的参数如下************************
********请求toUri=/yazuo_erp/myHomePage/getComplexSynMerchants.do**********

2015-03-02 10:50:56,420 [http-bio-8080-exec-4] [erp] [INFO] - sessionId: 58D1BAE885903BFCBE81AA21E82BC900
2015-03-02 10:50:56,420 [http-bio-8080-exec-4] [erp] [INFO] - userId: 1
2015-03-02 10:50:56,420 [http-bio-8080-exec-4] [erp] [INFO] - userName: admin
2015-03-02 10:50:56,420 [http-bio-8080-exec-4] [erp] [INFO] - ******************本次POST请求的参数如下************************
********请求toUri=/yazuo_erp/myHomePage/getComplexSynMerchants.do**********

2015-03-02 10:51:50,955 [http-bio-8080-exec-5] [erp] [INFO] - sessionId: 58D1BAE885903BFCBE81AA21E82BC900
2015-03-02 10:51:50,956 [http-bio-8080-exec-5] [erp] [INFO] - userId: 1
2015-03-02 10:51:50,956 [http-bio-8080-exec-5] [erp] [INFO] - userName: admin
2015-03-02 10:51:50,956 [http-bio-8080-exec-5] [erp] [INFO] - ******************本次POST请求的参数如下************************
********请求toUri=/yazuo_erp/fesPlan/queryFesPlanList.do**********

2015-03-02 10:51:51,065 [http-bio-8080-exec-7] [erp] [INFO] - sessionId: 58D1BAE885903BFCBE81AA21E82BC900
2015-03-02 10:51:51,065 [http-bio-8080-exec-7] [erp] [INFO] - userId: 1
2015-03-02 10:51:51,065 [http-bio-8080-exec-7] [erp] [INFO] - userName: admin
2015-03-02 10:51:51,065 [http-bio-8080-exec-7] [erp] [INFO] - ******************本次POST请求的参数如下************************
********请求toUri=/yazuo_erp/activity/listNoneReadRemind.do**********
	参数名getParameter：merchantId,参数值：1763

2015-03-02 10:51:51,068 [http-bio-8080-exec-6] [erp] [INFO] - sessionId: 58D1BAE885903BFCBE81AA21E82BC900
2015-03-02 10:51:51,069 [http-bio-8080-exec-6] [erp] [INFO] - userId: 1
2015-03-02 10:51:51,069 [http-bio-8080-exec-6] [erp] [INFO] - userName: admin
2015-03-02 10:51:51,069 [http-bio-8080-exec-6] [erp] [INFO] - ******************本次POST请求的参数如下************************
********请求toUri=/yazuo_erp/synMerchant/getMerchantInfoByOrder.do**********

2015-03-02 10:51:51,071 [http-bio-8080-exec-8] [erp] [INFO] - sessionId: 58D1BAE885903BFCBE81AA21E82BC900
2015-03-02 10:51:51,071 [http-bio-8080-exec-8] [erp] [INFO] - userId: 1
2015-03-02 10:51:51,072 [http-bio-8080-exec-8] [erp] [INFO] - userName: admin
2015-03-02 10:51:51,072 [http-bio-8080-exec-8] [erp] [INFO] - ******************本次POST请求的参数如下************************
********请求toUri=/yazuo_erp/report/getMonthMerchantSummary.do**********

2015-03-02 10:51:51,087 [http-bio-8080-exec-2] [erp] [INFO] - sessionId: 58D1BAE885903BFCBE81AA21E82BC900
2015-03-02 10:51:51,087 [http-bio-8080-exec-2] [erp] [INFO] - userId: 1
2015-03-02 10:51:51,087 [http-bio-8080-exec-2] [erp] [INFO] - userName: admin
2015-03-02 10:51:51,088 [http-bio-8080-exec-2] [erp] [INFO] - ******************本次POST请求的参数如下************************
********请求toUri=/yazuo_erp/health/getHealthDegreeByMerchantId.do**********

2015-03-02 10:52:44,693 [http-bio-8080-exec-3] [erp] [INFO] - sessionId: 58D1BAE885903BFCBE81AA21E82BC900
2015-03-02 10:52:44,693 [http-bio-8080-exec-3] [erp] [INFO] - userId: 1
2015-03-02 10:52:44,693 [http-bio-8080-exec-3] [erp] [INFO] - userName: admin
2015-03-02 10:52:44,693 [http-bio-8080-exec-3] [erp] [INFO] - ******************本次POST请求的参数如下************************
********请求toUri=/yazuo_erp/report/getDailyMerchantSummary.do**********

2015-03-02 10:52:48,776 [http-bio-8080-exec-4] [erp] [INFO] - sessionId: 58D1BAE885903BFCBE81AA21E82BC900
2015-03-02 10:52:48,776 [http-bio-8080-exec-4] [erp] [INFO] - userId: 1
2015-03-02 10:52:48,776 [http-bio-8080-exec-4] [erp] [INFO] - userName: admin
2015-03-02 10:52:48,776 [http-bio-8080-exec-4] [erp] [INFO] - ******************本次POST请求的参数如下************************
********请求toUri=/yazuo_erp/report/getMonthMerchantSummary.do**********

2015-03-02 10:53:06,226 [http-bio-8080-exec-1] [erp] [INFO] - sessionId: 58D1BAE885903BFCBE81AA21E82BC900
2015-03-02 10:53:06,226 [http-bio-8080-exec-1] [erp] [INFO] - userId: 1
2015-03-02 10:53:06,226 [http-bio-8080-exec-1] [erp] [INFO] - userName: admin
2015-03-02 10:53:06,226 [http-bio-8080-exec-1] [erp] [INFO] - ******************本次POST请求的参数如下************************
********请求toUri=/yazuo_erp/report/getMonthMerchantSummary.do**********

2015-03-02 10:53:11,071 [http-bio-8080-exec-9] [erp] [INFO] - sessionId: 58D1BAE885903BFCBE81AA21E82BC900
2015-03-02 10:53:11,072 [http-bio-8080-exec-9] [erp] [INFO] - userId: 1
2015-03-02 10:53:11,072 [http-bio-8080-exec-9] [erp] [INFO] - userName: admin
2015-03-02 10:53:11,072 [http-bio-8080-exec-9] [erp] [INFO] - ******************本次POST请求的参数如下************************
********请求toUri=/yazuo_erp/fesPlan/queryFesPlanList.do**********

2015-03-02 10:53:11,123 [http-bio-8080-exec-6] [erp] [INFO] - sessionId: 58D1BAE885903BFCBE81AA21E82BC900
2015-03-02 10:53:11,124 [http-bio-8080-exec-6] [erp] [INFO] - userId: 1
2015-03-02 10:53:11,124 [http-bio-8080-exec-6] [erp] [INFO] - userName: admin
2015-03-02 10:53:11,124 [http-bio-8080-exec-6] [erp] [INFO] - ******************本次POST请求的参数如下************************
********请求toUri=/yazuo_erp/report/getMonthMerchantSummary.do**********

2015-03-02 10:53:11,125 [http-bio-8080-exec-5] [erp] [INFO] - sessionId: 58D1BAE885903BFCBE81AA21E82BC900
2015-03-02 10:53:11,125 [http-bio-8080-exec-5] [erp] [INFO] - userId: 1
2015-03-02 10:53:11,125 [http-bio-8080-exec-5] [erp] [INFO] - userName: admin
2015-03-02 10:53:11,125 [http-bio-8080-exec-5] [erp] [INFO] - ******************本次POST请求的参数如下************************
********请求toUri=/yazuo_erp/activity/listNoneReadRemind.do**********
	参数名getParameter：merchantId,参数值：1763

2015-03-02 10:53:11,144 [http-bio-8080-exec-10] [erp] [INFO] - sessionId: 58D1BAE885903BFCBE81AA21E82BC900
2015-03-02 10:53:11,145 [http-bio-8080-exec-10] [erp] [INFO] - userId: 1
2015-03-02 10:53:11,145 [http-bio-8080-exec-10] [erp] [INFO] - userName: admin
2015-03-02 10:53:11,145 [http-bio-8080-exec-10] [erp] [INFO] - ******************本次POST请求的参数如下************************
********请求toUri=/yazuo_erp/synMerchant/getMerchantInfoByOrder.do**********

2015-03-02 10:53:11,158 [http-bio-8080-exec-2] [erp] [INFO] - sessionId: 58D1BAE885903BFCBE81AA21E82BC900
2015-03-02 10:53:11,158 [http-bio-8080-exec-2] [erp] [INFO] - userId: 1
2015-03-02 10:53:11,159 [http-bio-8080-exec-2] [erp] [INFO] - userName: admin
2015-03-02 10:53:11,159 [http-bio-8080-exec-2] [erp] [INFO] - ******************本次POST请求的参数如下************************
********请求toUri=/yazuo_erp/health/getHealthDegreeByMerchantId.do**********

2015-03-02 10:56:46,008 [http-bio-8080-exec-1] [erp] [INFO] - sessionId: 58D1BAE885903BFCBE81AA21E82BC900
2015-03-02 10:56:46,008 [http-bio-8080-exec-1] [erp] [INFO] - userId: 1
2015-03-02 10:56:46,008 [http-bio-8080-exec-1] [erp] [INFO] - userName: admin
2015-03-02 10:56:46,009 [http-bio-8080-exec-1] [erp] [INFO] - ******************本次POST请求的参数如下************************
********请求toUri=/yazuo_erp/synMembershipCard/listSynMembershipCards.do**********
	参数名getParameter：pageNumber,参数值：1
	参数名getParameter：pageSize,参数值：10000
	参数名getParameter：merchantId,参数值：10578

2015-03-02 10:57:30,681 [http-bio-8080-exec-7] [erp] [INFO] - sessionId: 58D1BAE885903BFCBE81AA21E82BC900
2015-03-02 10:57:30,681 [http-bio-8080-exec-7] [erp] [INFO] - userId: 1
2015-03-02 10:57:30,681 [http-bio-8080-exec-7] [erp] [INFO] - userName: admin
2015-03-02 10:57:30,681 [http-bio-8080-exec-7] [erp] [INFO] - ******************本次POST请求的参数如下************************
********请求toUri=/yazuo_erp/synMembershipCard/listSynMembershipCards.do**********
	参数名getParameter：pageNumber,参数值：1
	参数名getParameter：pageSize,参数值：10000
	参数名getParameter：merchantId,参数值：10578

2015-03-02 10:57:33,340 [http-bio-8080-exec-9] [erp] [INFO] - sessionId: 58D1BAE885903BFCBE81AA21E82BC900
2015-03-02 10:57:33,341 [http-bio-8080-exec-9] [erp] [INFO] - userId: 1
2015-03-02 10:57:33,341 [http-bio-8080-exec-9] [erp] [INFO] - userName: admin
2015-03-02 10:57:33,341 [http-bio-8080-exec-9] [erp] [INFO] - ******************本次POST请求的参数如下************************
********请求toUri=/yazuo_erp/myHomePage/getComplexSynMerchants.do**********

2015-03-02 10:57:33,341 [http-bio-8080-exec-8] [erp] [INFO] - sessionId: 58D1BAE885903BFCBE81AA21E82BC900
2015-03-02 10:57:33,341 [http-bio-8080-exec-8] [erp] [INFO] - userId: 1
2015-03-02 10:57:33,341 [http-bio-8080-exec-8] [erp] [INFO] - userName: admin
2015-03-02 10:57:33,341 [http-bio-8080-exec-8] [erp] [INFO] - ******************本次POST请求的参数如下************************
********请求toUri=/yazuo_erp/myHomePage/getComplexSysToDoLists.do**********

2015-03-02 10:57:35,938 [http-bio-8080-exec-5] [erp] [INFO] - sessionId: 58D1BAE885903BFCBE81AA21E82BC900
2015-03-02 10:57:35,938 [http-bio-8080-exec-5] [erp] [INFO] - userId: 1
2015-03-02 10:57:35,938 [http-bio-8080-exec-5] [erp] [INFO] - userName: admin
2015-03-02 10:57:35,938 [http-bio-8080-exec-5] [erp] [INFO] - ******************本次POST请求的参数如下************************
********请求toUri=/yazuo_erp/myHomePage/getComplexSynMerchants.do**********

2015-03-02 10:57:38,109 [http-bio-8080-exec-2] [erp] [INFO] - sessionId: 58D1BAE885903BFCBE81AA21E82BC900
2015-03-02 10:57:38,111 [http-bio-8080-exec-10] [erp] [INFO] - sessionId: 58D1BAE885903BFCBE81AA21E82BC900
2015-03-02 10:57:38,112 [http-bio-8080-exec-2] [erp] [INFO] - userId: 1
2015-03-02 10:57:38,112 [http-bio-8080-exec-2] [erp] [INFO] - userName: admin
2015-03-02 10:57:38,112 [http-bio-8080-exec-2] [erp] [INFO] - ******************本次POST请求的参数如下************************
********请求toUri=/yazuo_erp/synMerchant/getMerchantInfoByOrder.do**********

2015-03-02 10:57:38,114 [http-bio-8080-exec-10] [erp] [INFO] - userId: 1
2015-03-02 10:57:38,115 [http-bio-8080-exec-10] [erp] [INFO] - userName: admin
2015-03-02 10:57:38,117 [http-bio-8080-exec-10] [erp] [INFO] - ******************本次POST请求的参数如下************************
********请求toUri=/yazuo_erp/fesOnlineProcess/listFesOnlineProcesss.do**********

2015-03-02 15:48:00,088 [http-bio-8080-exec-5] [erp] [INFO] - ******************本次POST请求的参数如下************************
********请求toUri=/yazuo_erp/login/verifyMac.do**********
	参数名getParameter：tel,参数值：15000000000

2015-03-02 15:50:33,911 [http-bio-8080-exec-6] [erp] [INFO] - ******************本次POST请求的参数如下************************
********请求toUri=/yazuo_erp/login/verifyMac.do**********
	参数名getParameter：tel,参数值：13521768597

2015-03-02 15:58:07,416 [http-bio-8080-exec-7] [erp] [INFO] - ******************本次POST请求的参数如下************************
********请求toUri=/yazuo_erp/login/verifyMac.do**********
	参数名getParameter：tel,参数值：13521768597

2015-03-02 15:58:19,197 [http-bio-8080-exec-8] [erp] [INFO] - ******************本次POST请求的参数如下************************
********请求toUri=/yazuo_erp/login/verifyMac.do**********
	参数名getParameter：tel,参数值：15000000000

2015-03-02 15:59:12,623 [http-bio-8080-exec-1] [erp] [INFO] - ******************本次POST请求的参数如下************************
********请求toUri=/yazuo_erp/login/loginSubmit.do**********

2015-03-02 15:59:14,709 [http-bio-8080-exec-4] [erp] [INFO] - sessionId: 36A177DBD1A4FCD6F5AAF8D6D19B0628
2015-03-02 15:59:14,709 [http-bio-8080-exec-4] [erp] [INFO] - userId: 1
2015-03-02 15:59:14,709 [http-bio-8080-exec-4] [erp] [INFO] - userName: admin
2015-03-02 15:59:14,709 [http-bio-8080-exec-4] [erp] [INFO] - ******************本次POST请求的参数如下************************
********请求toUri=/yazuo_erp/sysProductOperation/listSysProductOperations.do**********

2015-03-02 15:59:18,080 [http-bio-8080-exec-7] [erp] [INFO] - sessionId: 36A177DBD1A4FCD6F5AAF8D6D19B0628
2015-03-02 15:59:18,080 [http-bio-8080-exec-7] [erp] [INFO] - userId: 1
2015-03-02 15:59:18,080 [http-bio-8080-exec-7] [erp] [INFO] - userName: admin
2015-03-02 15:59:18,081 [http-bio-8080-exec-7] [erp] [INFO] - ******************本次POST请求的参数如下************************
********请求toUri=/yazuo_erp/myHomePage/getComplexSysToDoLists.do**********

2015-03-02 15:59:18,082 [http-bio-8080-exec-6] [erp] [INFO] - sessionId: 36A177DBD1A4FCD6F5AAF8D6D19B0628
2015-03-02 15:59:18,082 [http-bio-8080-exec-6] [erp] [INFO] - userId: 1
2015-03-02 15:59:18,082 [http-bio-8080-exec-6] [erp] [INFO] - userName: admin
2015-03-02 15:59:18,082 [http-bio-8080-exec-6] [erp] [INFO] - ******************本次POST请求的参数如下************************
********请求toUri=/yazuo_erp/myHomePage/getComplexSynMerchants.do**********

2015-03-02 15:59:20,553 [http-bio-8080-exec-9] [erp] [INFO] - sessionId: 36A177DBD1A4FCD6F5AAF8D6D19B0628
2015-03-02 15:59:20,553 [http-bio-8080-exec-9] [erp] [INFO] - userId: 1
2015-03-02 15:59:20,553 [http-bio-8080-exec-9] [erp] [INFO] - userName: admin
2015-03-02 15:59:20,554 [http-bio-8080-exec-9] [erp] [INFO] - ******************本次POST请求的参数如下************************
********请求toUri=/yazuo_erp/myHomePage/getComplexSynMerchants.do**********

2015-03-02 15:59:22,064 [http-bio-8080-exec-1] [erp] [INFO] - sessionId: 36A177DBD1A4FCD6F5AAF8D6D19B0628
2015-03-02 15:59:22,064 [http-bio-8080-exec-1] [erp] [INFO] - userId: 1
2015-03-02 15:59:22,064 [http-bio-8080-exec-1] [erp] [INFO] - userName: admin
2015-03-02 15:59:22,064 [http-bio-8080-exec-1] [erp] [INFO] - ******************本次POST请求的参数如下************************
********请求toUri=/yazuo_erp/myHomePage/getComplexSynMerchants.do**********

2015-03-02 15:59:24,403 [http-bio-8080-exec-2] [erp] [INFO] - sessionId: 36A177DBD1A4FCD6F5AAF8D6D19B0628
2015-03-02 15:59:24,403 [http-bio-8080-exec-2] [erp] [INFO] - userId: 1
2015-03-02 15:59:24,403 [http-bio-8080-exec-2] [erp] [INFO] - userName: admin
2015-03-02 15:59:24,404 [http-bio-8080-exec-2] [erp] [INFO] - ******************本次POST请求的参数如下************************
********请求toUri=/yazuo_erp/myHomePage/getComplexSynMerchants.do**********

2015-03-02 15:59:27,473 [http-bio-8080-exec-3] [erp] [INFO] - sessionId: 36A177DBD1A4FCD6F5AAF8D6D19B0628
2015-03-02 15:59:27,473 [http-bio-8080-exec-3] [erp] [INFO] - userId: 1
2015-03-02 15:59:27,473 [http-bio-8080-exec-3] [erp] [INFO] - userName: admin
2015-03-02 15:59:27,473 [http-bio-8080-exec-3] [erp] [INFO] - ******************本次POST请求的参数如下************************
********请求toUri=/yazuo_erp/synMerchant/getMerchantInfoByOrder.do**********

2015-03-02 15:59:27,479 [http-bio-8080-exec-5] [erp] [INFO] - sessionId: 36A177DBD1A4FCD6F5AAF8D6D19B0628
2015-03-02 15:59:27,479 [http-bio-8080-exec-5] [erp] [INFO] - userId: 1
2015-03-02 15:59:27,479 [http-bio-8080-exec-5] [erp] [INFO] - userName: admin
2015-03-02 15:59:27,479 [http-bio-8080-exec-5] [erp] [INFO] - ******************本次POST请求的参数如下************************
********请求toUri=/yazuo_erp/fesOnlineProcess/listFesOnlineProcesss.do**********

2015-03-02 15:59:34,033 [http-bio-8080-exec-7] [erp] [INFO] - sessionId: 36A177DBD1A4FCD6F5AAF8D6D19B0628
2015-03-02 15:59:34,033 [http-bio-8080-exec-8] [erp] [INFO] - sessionId: 36A177DBD1A4FCD6F5AAF8D6D19B0628
2015-03-02 15:59:34,033 [http-bio-8080-exec-7] [erp] [INFO] - userId: 1
2015-03-02 15:59:34,033 [http-bio-8080-exec-8] [erp] [INFO] - userId: 1
2015-03-02 15:59:34,033 [http-bio-8080-exec-7] [erp] [INFO] - userName: admin
2015-03-02 15:59:34,033 [http-bio-8080-exec-8] [erp] [INFO] - userName: admin
2015-03-02 15:59:34,033 [http-bio-8080-exec-7] [erp] [INFO] - ******************本次POST请求的参数如下************************
********请求toUri=/yazuo_erp/myHomePage/getComplexSysToDoLists.do**********

2015-03-02 15:59:34,035 [http-bio-8080-exec-8] [erp] [INFO] - ******************本次POST请求的参数如下************************
********请求toUri=/yazuo_erp/myHomePage/getComplexSynMerchants.do**********

2015-03-02 15:59:40,145 [http-bio-8080-exec-6] [erp] [INFO] - sessionId: 36A177DBD1A4FCD6F5AAF8D6D19B0628
2015-03-02 15:59:40,145 [http-bio-8080-exec-9] [erp] [INFO] - sessionId: 36A177DBD1A4FCD6F5AAF8D6D19B0628
2015-03-02 15:59:40,145 [http-bio-8080-exec-6] [erp] [INFO] - userId: 1
2015-03-02 15:59:40,146 [http-bio-8080-exec-6] [erp] [INFO] - userName: admin
2015-03-02 15:59:40,146 [http-bio-8080-exec-6] [erp] [INFO] - ******************本次POST请求的参数如下************************
********请求toUri=/yazuo_erp/synMerchant/getMerchantInfoByOrder.do**********

2015-03-02 15:59:40,146 [http-bio-8080-exec-9] [erp] [INFO] - userId: 1
2015-03-02 15:59:40,146 [http-bio-8080-exec-9] [erp] [INFO] - userName: admin
2015-03-02 15:59:40,146 [http-bio-8080-exec-9] [erp] [INFO] - ******************本次POST请求的参数如下************************
********请求toUri=/yazuo_erp/fesOnlineProcess/listFesOnlineProcesss.do**********

2015-03-02 16:01:45,555 [http-bio-8080-exec-3] [erp] [INFO] - sessionId: 36A177DBD1A4FCD6F5AAF8D6D19B0628
2015-03-02 16:01:45,555 [http-bio-8080-exec-4] [erp] [INFO] - sessionId: 36A177DBD1A4FCD6F5AAF8D6D19B0628
2015-03-02 16:01:45,555 [http-bio-8080-exec-3] [erp] [INFO] - userId: 1
2015-03-02 16:01:45,555 [http-bio-8080-exec-4] [erp] [INFO] - userId: 1
2015-03-02 16:01:45,555 [http-bio-8080-exec-3] [erp] [INFO] - userName: admin
2015-03-02 16:01:45,555 [http-bio-8080-exec-4] [erp] [INFO] - userName: admin
2015-03-02 16:01:45,555 [http-bio-8080-exec-4] [erp] [INFO] - ******************本次POST请求的参数如下************************
********请求toUri=/yazuo_erp/myHomePage/getComplexSynMerchants.do**********

2015-03-02 16:01:45,557 [http-bio-8080-exec-3] [erp] [INFO] - ******************本次POST请求的参数如下************************
********请求toUri=/yazuo_erp/myHomePage/getComplexSysToDoLists.do**********

2015-03-02 16:01:58,032 [http-bio-8080-exec-5] [erp] [INFO] - sessionId: 36A177DBD1A4FCD6F5AAF8D6D19B0628
2015-03-02 16:01:58,036 [http-bio-8080-exec-5] [erp] [INFO] - userId: 1
2015-03-02 16:01:58,039 [http-bio-8080-exec-10] [erp] [INFO] - sessionId: 36A177DBD1A4FCD6F5AAF8D6D19B0628
2015-03-02 16:01:58,039 [http-bio-8080-exec-5] [erp] [INFO] - userName: admin
2015-03-02 16:01:58,039 [http-bio-8080-exec-5] [erp] [INFO] - ******************本次POST请求的参数如下************************
********请求toUri=/yazuo_erp/fesOnlineProcess/listFesOnlineProcesss.do**********

2015-03-02 16:01:58,040 [http-bio-8080-exec-10] [erp] [INFO] - userId: 1
2015-03-02 16:01:58,040 [http-bio-8080-exec-10] [erp] [INFO] - userName: admin
2015-03-02 16:01:58,040 [http-bio-8080-exec-10] [erp] [INFO] - ******************本次POST请求的参数如下************************
********请求toUri=/yazuo_erp/synMerchant/getMerchantInfoByOrder.do**********

2015-03-02 17:07:24,250 [http-bio-8080-exec-1] [erp] [INFO] - sessionId: 36A177DBD1A4FCD6F5AAF8D6D19B0628
2015-03-02 17:07:24,250 [http-bio-8080-exec-2] [erp] [INFO] - sessionId: 36A177DBD1A4FCD6F5AAF8D6D19B0628
2015-03-02 17:07:24,250 [http-bio-8080-exec-1] [erp] [INFO] - userId: 1
2015-03-02 17:07:24,250 [http-bio-8080-exec-2] [erp] [INFO] - userId: 1
2015-03-02 17:07:24,250 [http-bio-8080-exec-1] [erp] [INFO] - userName: admin
2015-03-02 17:07:24,250 [http-bio-8080-exec-2] [erp] [INFO] - userName: admin
2015-03-02 17:07:24,250 [http-bio-8080-exec-1] [erp] [INFO] - ******************本次POST请求的参数如下************************
********请求toUri=/yazuo_erp/myHomePage/getComplexSynMerchants.do**********

2015-03-02 17:07:24,250 [http-bio-8080-exec-2] [erp] [INFO] - ******************本次POST请求的参数如下************************
********请求toUri=/yazuo_erp/myHomePage/getComplexSysToDoLists.do**********

2015-03-02 17:08:52,671 [http-bio-8080-exec-9] [erp] [INFO] - sessionId: 36A177DBD1A4FCD6F5AAF8D6D19B0628
2015-03-02 17:08:52,671 [http-bio-8080-exec-9] [erp] [INFO] - userId: 1
2015-03-02 17:08:52,671 [http-bio-8080-exec-9] [erp] [INFO] - userName: admin
2015-03-02 17:08:52,671 [http-bio-8080-exec-9] [erp] [INFO] - ******************本次POST请求的参数如下************************
********请求toUri=/yazuo_erp/user/getAllUsersByResourceCode.do**********

2015-03-02 17:08:52,676 [http-bio-8080-exec-6] [erp] [INFO] - sessionId: 36A177DBD1A4FCD6F5AAF8D6D19B0628
2015-03-02 17:08:52,676 [http-bio-8080-exec-6] [erp] [INFO] - userId: 1
2015-03-02 17:08:52,676 [http-bio-8080-exec-6] [erp] [INFO] - userName: admin
2015-03-02 17:08:52,676 [http-bio-8080-exec-6] [erp] [INFO] - ******************本次POST请求的参数如下************************
********请求toUri=/yazuo_erp/user/getAllUsersByResourceCode.do**********

2015-03-02 17:09:21,534 [http-bio-8080-exec-7] [erp] [INFO] - sessionId: 36A177DBD1A4FCD6F5AAF8D6D19B0628
2015-03-02 17:09:21,534 [http-bio-8080-exec-4] [erp] [INFO] - sessionId: 36A177DBD1A4FCD6F5AAF8D6D19B0628
2015-03-02 17:09:21,534 [http-bio-8080-exec-7] [erp] [INFO] - userId: 1
2015-03-02 17:09:21,534 [http-bio-8080-exec-4] [erp] [INFO] - userId: 1
2015-03-02 17:09:21,534 [http-bio-8080-exec-7] [erp] [INFO] - userName: admin
2015-03-02 17:09:21,534 [http-bio-8080-exec-4] [erp] [INFO] - userName: admin
2015-03-02 17:09:21,535 [http-bio-8080-exec-7] [erp] [INFO] - ******************本次POST请求的参数如下************************
********请求toUri=/yazuo_erp/myHomePage/getComplexSysToDoLists.do**********

2015-03-02 17:09:21,535 [http-bio-8080-exec-4] [erp] [INFO] - ******************本次POST请求的参数如下************************
********请求toUri=/yazuo_erp/myHomePage/getComplexSynMerchants.do**********

2015-03-02 17:09:22,318 [http-bio-8080-exec-10] [erp] [INFO] - sessionId: 36A177DBD1A4FCD6F5AAF8D6D19B0628
2015-03-02 17:09:22,318 [http-bio-8080-exec-10] [erp] [INFO] - userId: 1
2015-03-02 17:09:22,318 [http-bio-8080-exec-10] [erp] [INFO] - userName: admin
2015-03-02 17:09:22,318 [http-bio-8080-exec-10] [erp] [INFO] - ******************本次POST请求的参数如下************************
********请求toUri=/yazuo_erp/myHomePage/getComplexSynMerchants.do**********

2015-03-02 17:09:23,227 [http-bio-8080-exec-8] [erp] [INFO] - sessionId: 36A177DBD1A4FCD6F5AAF8D6D19B0628
2015-03-02 17:09:23,228 [http-bio-8080-exec-8] [erp] [INFO] - userId: 1
2015-03-02 17:09:23,228 [http-bio-8080-exec-8] [erp] [INFO] - userName: admin
2015-03-02 17:09:23,228 [http-bio-8080-exec-8] [erp] [INFO] - ******************本次POST请求的参数如下************************
********请求toUri=/yazuo_erp/myHomePage/getComplexSynMerchants.do**********

2015-03-02 17:21:32,210 [http-bio-8080-exec-5] [erp] [INFO] - sessionId: 36A177DBD1A4FCD6F5AAF8D6D19B0628
2015-03-02 17:21:32,210 [http-bio-8080-exec-5] [erp] [INFO] - userId: 1
2015-03-02 17:21:32,210 [http-bio-8080-exec-5] [erp] [INFO] - userName: admin
2015-03-02 17:21:32,210 [http-bio-8080-exec-5] [erp] [INFO] - ******************本次POST请求的参数如下************************
********请求toUri=/yazuo_erp/myHomePage/getComplexSynMerchants.do**********

2015-03-02 17:25:17,417 [http-bio-8080-exec-1] [erp] [INFO] - sessionId: 36A177DBD1A4FCD6F5AAF8D6D19B0628
2015-03-02 17:25:17,417 [http-bio-8080-exec-1] [erp] [INFO] - userId: 1
2015-03-02 17:25:17,417 [http-bio-8080-exec-1] [erp] [INFO] - userName: admin
2015-03-02 17:25:17,417 [http-bio-8080-exec-1] [erp] [INFO] - ******************本次POST请求的参数如下************************
********请求toUri=/yazuo_erp/position/initPosition.do**********

2015-03-02 17:25:17,426 [http-bio-8080-exec-2] [erp] [INFO] - sessionId: 36A177DBD1A4FCD6F5AAF8D6D19B0628
2015-03-02 17:25:17,426 [http-bio-8080-exec-2] [erp] [INFO] - userId: 1
2015-03-02 17:25:17,426 [http-bio-8080-exec-2] [erp] [INFO] - userName: admin
2015-03-02 17:25:17,427 [http-bio-8080-exec-2] [erp] [INFO] - ******************本次POST请求的参数如下************************
********请求toUri=/yazuo_erp/user/list.do**********
	参数名getParameter：userName,参数值：
	参数名getParameter：tel,参数值：
	参数名getParameter：positionId,参数值：
	参数名getParameter：pageSize,参数值：10
	参数名getParameter：pageNumber,参数值：1

2015-03-02 17:25:22,227 [http-bio-8080-exec-6] [erp] [INFO] - sessionId: 36A177DBD1A4FCD6F5AAF8D6D19B0628
2015-03-02 17:25:22,227 [http-bio-8080-exec-6] [erp] [INFO] - userId: 1
2015-03-02 17:25:22,228 [http-bio-8080-exec-6] [erp] [INFO] - userName: admin
2015-03-02 17:25:22,228 [http-bio-8080-exec-6] [erp] [INFO] - ******************本次POST请求的参数如下************************
********请求toUri=/yazuo_erp/user/list.do**********
	参数名getParameter：userName,参数值：
	参数名getParameter：tel,参数值：1500000
	参数名getParameter：positionId,参数值：
	参数名getParameter：pageSize,参数值：10
	参数名getParameter：pageNumber,参数值：1

2015-03-02 17:25:29,081 [http-bio-8080-exec-9] [erp] [INFO] - sessionId: 36A177DBD1A4FCD6F5AAF8D6D19B0628
2015-03-02 17:25:29,081 [http-bio-8080-exec-9] [erp] [INFO] - userId: 1
2015-03-02 17:25:29,081 [http-bio-8080-exec-9] [erp] [INFO] - userName: admin
2015-03-02 17:25:29,081 [http-bio-8080-exec-9] [erp] [INFO] - ******************本次POST请求的参数如下************************
********请求toUri=/yazuo_erp/user/list.do**********
	参数名getParameter：userName,参数值：
	参数名getParameter：tel,参数值：13521
	参数名getParameter：positionId,参数值：
	参数名getParameter：pageSize,参数值：10
	参数名getParameter：pageNumber,参数值：1

2015-03-02 17:25:32,543 [http-bio-8080-exec-7] [erp] [INFO] - sessionId: 36A177DBD1A4FCD6F5AAF8D6D19B0628
2015-03-02 17:25:32,543 [http-bio-8080-exec-3] [erp] [INFO] - sessionId: 36A177DBD1A4FCD6F5AAF8D6D19B0628
2015-03-02 17:25:32,543 [http-bio-8080-exec-7] [erp] [INFO] - userId: 1
2015-03-02 17:25:32,543 [http-bio-8080-exec-7] [erp] [INFO] - userName: admin
2015-03-02 17:25:32,543 [http-bio-8080-exec-7] [erp] [INFO] - ******************本次POST请求的参数如下************************
********请求toUri=/yazuo_erp/position/initPosition.do**********

2015-03-02 17:25:32,544 [http-bio-8080-exec-3] [erp] [INFO] - userId: 1
2015-03-02 17:25:32,544 [http-bio-8080-exec-3] [erp] [INFO] - userName: admin
2015-03-02 17:25:32,544 [http-bio-8080-exec-3] [erp] [INFO] - ******************本次POST请求的参数如下************************
********请求toUri=/yazuo_erp/group/initGroup.do**********

2015-03-02 17:25:32,733 [http-bio-8080-exec-4] [erp] [INFO] - sessionId: 36A177DBD1A4FCD6F5AAF8D6D19B0628
2015-03-02 17:25:32,733 [http-bio-8080-exec-4] [erp] [INFO] - userId: 1
2015-03-02 17:25:32,734 [http-bio-8080-exec-4] [erp] [INFO] - userName: admin
2015-03-02 17:25:32,734 [http-bio-8080-exec-4] [erp] [INFO] - ******************本次POST请求的参数如下************************
********请求toUri=/yazuo_erp/user/edit.do**********
	参数名getParameter：id,参数值：1
	参数名getParameter：editContent,参数值：baseSetting

2015-03-02 17:25:37,512 [http-bio-8080-exec-8] [erp] [INFO] - sessionId: 36A177DBD1A4FCD6F5AAF8D6D19B0628
2015-03-02 17:25:37,512 [http-bio-8080-exec-8] [erp] [INFO] - userId: 1
2015-03-02 17:25:37,512 [http-bio-8080-exec-8] [erp] [INFO] - userName: admin
2015-03-02 17:25:37,512 [http-bio-8080-exec-8] [erp] [INFO] - ******************本次POST请求的参数如下************************
********请求toUri=/yazuo_erp/user/saveUser.do**********

2015-03-02 17:25:39,469 [http-bio-8080-exec-1] [erp] [INFO] - sessionId: 36A177DBD1A4FCD6F5AAF8D6D19B0628
2015-03-02 17:25:39,469 [http-bio-8080-exec-2] [erp] [INFO] - sessionId: 36A177DBD1A4FCD6F5AAF8D6D19B0628
2015-03-02 17:25:39,469 [http-bio-8080-exec-1] [erp] [INFO] - userId: 1
2015-03-02 17:25:39,469 [http-bio-8080-exec-2] [erp] [INFO] - userId: 1
2015-03-02 17:25:39,469 [http-bio-8080-exec-1] [erp] [INFO] - userName: admin
2015-03-02 17:25:39,469 [http-bio-8080-exec-2] [erp] [INFO] - userName: admin
2015-03-02 17:25:39,469 [http-bio-8080-exec-1] [erp] [INFO] - ******************本次POST请求的参数如下************************
********请求toUri=/yazuo_erp/user/list.do**********
	参数名getParameter：userName,参数值：
	参数名getParameter：tel,参数值：
	参数名getParameter：positionId,参数值：
	参数名getParameter：pageSize,参数值：10
	参数名getParameter：pageNumber,参数值：1

2015-03-02 17:25:39,469 [http-bio-8080-exec-2] [erp] [INFO] - ******************本次POST请求的参数如下************************
********请求toUri=/yazuo_erp/position/initPosition.do**********

2015-03-02 17:25:40,651 [http-bio-8080-exec-6] [erp] [INFO] - sessionId: 36A177DBD1A4FCD6F5AAF8D6D19B0628
2015-03-02 17:25:40,651 [http-bio-8080-exec-6] [erp] [INFO] - userId: 1
2015-03-02 17:25:40,651 [http-bio-8080-exec-6] [erp] [INFO] - userName: admin
2015-03-02 17:25:40,651 [http-bio-8080-exec-6] [erp] [INFO] - ******************本次POST请求的参数如下************************
********请求toUri=/yazuo_erp/login/removeSessionUser.do**********

2015-03-02 17:25:51,591 [http-bio-8080-exec-7] [erp] [INFO] - ******************本次POST请求的参数如下************************
********请求toUri=/yazuo_erp/login/verifyMac.do**********
	参数名getParameter：tel,参数值：13521768597

2015-03-02 17:25:51,637 [http-bio-8080-exec-3] [erp] [INFO] - ******************本次POST请求的参数如下************************
********请求toUri=/yazuo_erp/login/loginSubmit.do**********

2015-03-02 17:25:52,856 [http-bio-8080-exec-8] [erp] [INFO] - sessionId: 44ECD1DD31A2A032E4577038037E77DF
2015-03-02 17:25:52,856 [http-bio-8080-exec-8] [erp] [INFO] - userId: 1
2015-03-02 17:25:52,856 [http-bio-8080-exec-8] [erp] [INFO] - userName: admin
2015-03-02 17:25:52,856 [http-bio-8080-exec-8] [erp] [INFO] - ******************本次POST请求的参数如下************************
********请求toUri=/yazuo_erp/sysProductOperation/listSysProductOperations.do**********

2015-03-02 17:25:55,494 [http-bio-8080-exec-5] [erp] [INFO] - sessionId: 44ECD1DD31A2A032E4577038037E77DF
2015-03-02 17:25:55,495 [http-bio-8080-exec-5] [erp] [INFO] - userId: 1
2015-03-02 17:25:55,495 [http-bio-8080-exec-5] [erp] [INFO] - userName: admin
2015-03-02 17:25:55,495 [http-bio-8080-exec-5] [erp] [INFO] - ******************本次POST请求的参数如下************************
********请求toUri=/yazuo_erp/login/loginSubmit.do**********

2015-03-02 17:25:56,441 [http-bio-8080-exec-6] [erp] [INFO] - sessionId: 44ECD1DD31A2A032E4577038037E77DF
2015-03-02 17:25:56,442 [http-bio-8080-exec-6] [erp] [INFO] - userId: 1
2015-03-02 17:25:56,442 [http-bio-8080-exec-6] [erp] [INFO] - userName: admin
2015-03-02 17:25:56,442 [http-bio-8080-exec-6] [erp] [INFO] - ******************本次POST请求的参数如下************************
********请求toUri=/yazuo_erp/sysProductOperation/listSysProductOperations.do**********

2015-03-02 17:27:05,180 [http-bio-8080-exec-7] [erp] [INFO] - sessionId: 44ECD1DD31A2A032E4577038037E77DF
2015-03-02 17:27:05,180 [http-bio-8080-exec-7] [erp] [INFO] - userId: 1
2015-03-02 17:27:05,180 [http-bio-8080-exec-7] [erp] [INFO] - userName: admin
2015-03-02 17:27:05,180 [http-bio-8080-exec-7] [erp] [INFO] - ******************本次POST请求的参数如下************************
********请求toUri=/yazuo_erp/myHomePage/getComplexSysToDoLists.do**********

2015-03-02 17:27:05,187 [http-bio-8080-exec-9] [erp] [INFO] - sessionId: 44ECD1DD31A2A032E4577038037E77DF
2015-03-02 17:27:05,187 [http-bio-8080-exec-9] [erp] [INFO] - userId: 1
2015-03-02 17:27:05,187 [http-bio-8080-exec-9] [erp] [INFO] - userName: admin
2015-03-02 17:27:05,188 [http-bio-8080-exec-9] [erp] [INFO] - ******************本次POST请求的参数如下************************
********请求toUri=/yazuo_erp/myHomePage/getComplexSynMerchants.do**********

2015-03-02 17:27:08,426 [http-bio-8080-exec-4] [erp] [INFO] - sessionId: 44ECD1DD31A2A032E4577038037E77DF
2015-03-02 17:27:08,426 [http-bio-8080-exec-4] [erp] [INFO] - userId: 1
2015-03-02 17:27:08,426 [http-bio-8080-exec-4] [erp] [INFO] - userName: admin
2015-03-02 17:27:08,427 [http-bio-8080-exec-4] [erp] [INFO] - ******************本次POST请求的参数如下************************
********请求toUri=/yazuo_erp/myHomePage/getComplexSynMerchants.do**********

2015-03-02 17:27:11,727 [http-bio-8080-exec-10] [erp] [INFO] - sessionId: 44ECD1DD31A2A032E4577038037E77DF
2015-03-02 17:27:11,727 [http-bio-8080-exec-10] [erp] [INFO] - userId: 1
2015-03-02 17:27:11,727 [http-bio-8080-exec-10] [erp] [INFO] - userName: admin
2015-03-02 17:27:11,727 [http-bio-8080-exec-10] [erp] [INFO] - ******************本次POST请求的参数如下************************
********请求toUri=/yazuo_erp/fesPlan/queryFesPlanList.do**********

2015-03-02 17:27:11,784 [http-bio-8080-exec-8] [erp] [INFO] - sessionId: 44ECD1DD31A2A032E4577038037E77DF
2015-03-02 17:27:11,789 [http-bio-8080-exec-8] [erp] [INFO] - userId: 1
2015-03-02 17:27:11,789 [http-bio-8080-exec-8] [erp] [INFO] - userName: admin
2015-03-02 17:27:11,792 [http-bio-8080-exec-1] [erp] [INFO] - sessionId: 44ECD1DD31A2A032E4577038037E77DF
2015-03-02 17:27:11,792 [http-bio-8080-exec-2] [erp] [INFO] - sessionId: 44ECD1DD31A2A032E4577038037E77DF
2015-03-02 17:27:11,793 [http-bio-8080-exec-5] [erp] [INFO] - sessionId: 44ECD1DD31A2A032E4577038037E77DF
2015-03-02 17:27:11,793 [http-bio-8080-exec-8] [erp] [INFO] - ******************本次POST请求的参数如下************************
********请求toUri=/yazuo_erp/synMerchant/getMerchantInfoByOrder.do**********

2015-03-02 17:27:11,793 [http-bio-8080-exec-1] [erp] [INFO] - userId: 1
2015-03-02 17:27:11,793 [http-bio-8080-exec-1] [erp] [INFO] - userName: admin
2015-03-02 17:27:11,793 [http-bio-8080-exec-1] [erp] [INFO] - ******************本次POST请求的参数如下************************
********请求toUri=/yazuo_erp/report/getMonthMerchantSummary.do**********

2015-03-02 17:27:11,795 [http-bio-8080-exec-5] [erp] [INFO] - userId: 1
2015-03-02 17:27:11,795 [http-bio-8080-exec-2] [erp] [INFO] - userId: 1
2015-03-02 17:27:11,795 [http-bio-8080-exec-5] [erp] [INFO] - userName: admin
2015-03-02 17:27:11,795 [http-bio-8080-exec-2] [erp] [INFO] - userName: admin
2015-03-02 17:27:11,795 [http-bio-8080-exec-5] [erp] [INFO] - ******************本次POST请求的参数如下************************
********请求toUri=/yazuo_erp/health/getHealthDegreeByMerchantId.do**********

2015-03-02 17:27:11,795 [http-bio-8080-exec-2] [erp] [INFO] - ******************本次POST请求的参数如下************************
********请求toUri=/yazuo_erp/activity/listNoneReadRemind.do**********
	参数名getParameter：merchantId,参数值：1763

2015-03-02 17:29:08,997 [http-bio-8080-exec-9] [erp] [INFO] - sessionId: 44ECD1DD31A2A032E4577038037E77DF
2015-03-02 17:29:08,997 [http-bio-8080-exec-4] [erp] [INFO] - sessionId: 44ECD1DD31A2A032E4577038037E77DF
2015-03-02 17:29:08,998 [http-bio-8080-exec-9] [erp] [INFO] - userId: 1
2015-03-02 17:29:08,998 [http-bio-8080-exec-4] [erp] [INFO] - userId: 1
2015-03-02 17:29:08,998 [http-bio-8080-exec-9] [erp] [INFO] - userName: admin
2015-03-02 17:29:08,998 [http-bio-8080-exec-4] [erp] [INFO] - userName: admin
2015-03-02 17:29:08,998 [http-bio-8080-exec-9] [erp] [INFO] - ******************本次POST请求的参数如下************************
********请求toUri=/yazuo_erp/myHomePage/getComplexSynMerchants.do**********

2015-03-02 17:29:08,998 [http-bio-8080-exec-4] [erp] [INFO] - ******************本次POST请求的参数如下************************
********请求toUri=/yazuo_erp/myHomePage/getComplexSysToDoLists.do**********

2015-03-02 17:29:10,647 [http-bio-8080-exec-10] [erp] [INFO] - sessionId: 44ECD1DD31A2A032E4577038037E77DF
2015-03-02 17:29:10,647 [http-bio-8080-exec-10] [erp] [INFO] - userId: 1
2015-03-02 17:29:10,647 [http-bio-8080-exec-10] [erp] [INFO] - userName: admin
2015-03-02 17:29:10,648 [http-bio-8080-exec-10] [erp] [INFO] - ******************本次POST请求的参数如下************************
********请求toUri=/yazuo_erp/myHomePage/getComplexSynMerchants.do**********

2015-03-02 17:29:11,846 [http-bio-8080-exec-6] [erp] [INFO] - sessionId: 44ECD1DD31A2A032E4577038037E77DF
2015-03-02 17:29:11,846 [http-bio-8080-exec-6] [erp] [INFO] - userId: 1
2015-03-02 17:29:11,846 [http-bio-8080-exec-6] [erp] [INFO] - userName: admin
2015-03-02 17:29:11,846 [http-bio-8080-exec-6] [erp] [INFO] - ******************本次POST请求的参数如下************************
********请求toUri=/yazuo_erp/myHomePage/getComplexSynMerchants.do**********

2015-03-02 17:29:12,664 [http-bio-8080-exec-2] [erp] [INFO] - sessionId: 44ECD1DD31A2A032E4577038037E77DF
2015-03-02 17:29:12,664 [http-bio-8080-exec-2] [erp] [INFO] - userId: 1
2015-03-02 17:29:12,664 [http-bio-8080-exec-2] [erp] [INFO] - userName: admin
2015-03-02 17:29:12,664 [http-bio-8080-exec-2] [erp] [INFO] - ******************本次POST请求的参数如下************************
********请求toUri=/yazuo_erp/myHomePage/getComplexSynMerchants.do**********

2015-03-02 17:37:08,250 [http-bio-8080-exec-5] [erp] [INFO] - sessionId: 44ECD1DD31A2A032E4577038037E77DF
2015-03-02 17:37:08,250 [http-bio-8080-exec-5] [erp] [INFO] - userId: 1
2015-03-02 17:37:08,250 [http-bio-8080-exec-5] [erp] [INFO] - userName: admin
2015-03-02 17:37:08,250 [http-bio-8080-exec-5] [erp] [INFO] - ******************本次POST请求的参数如下************************
********请求toUri=/yazuo_erp/myHomePage/getComplexSynMerchants.do**********

2015-03-02 17:38:31,234 [http-bio-8080-exec-3] [erp] [INFO] - sessionId: 44ECD1DD31A2A032E4577038037E77DF
2015-03-02 17:38:31,235 [http-bio-8080-exec-3] [erp] [INFO] - userId: 1
2015-03-02 17:38:31,235 [http-bio-8080-exec-3] [erp] [INFO] - userName: admin
2015-03-02 17:38:31,235 [http-bio-8080-exec-3] [erp] [INFO] - ******************本次POST请求的参数如下************************
********请求toUri=/yazuo_erp/myHomePage/getComplexSynMerchants.do**********

2015-03-02 17:39:41,044 [http-bio-8080-exec-5] [erp] [INFO] - sessionId: 44ECD1DD31A2A032E4577038037E77DF
2015-03-02 17:39:41,044 [http-bio-8080-exec-4] [erp] [INFO] - sessionId: 44ECD1DD31A2A032E4577038037E77DF
2015-03-02 17:39:41,053 [http-bio-8080-exec-5] [erp] [INFO] - userId: 1
2015-03-02 17:39:41,053 [http-bio-8080-exec-5] [erp] [INFO] - userName: admin
2015-03-02 17:39:41,053 [http-bio-8080-exec-5] [erp] [INFO] - ******************本次POST请求的参数如下************************
********请求toUri=/yazuo_erp/myHomePage/getComplexSynMerchants.do**********

2015-03-02 17:39:41,056 [http-bio-8080-exec-4] [erp] [INFO] - userId: 1
2015-03-02 17:39:41,057 [http-bio-8080-exec-4] [erp] [INFO] - userName: admin
2015-03-02 17:39:41,063 [http-bio-8080-exec-4] [erp] [INFO] - ******************本次POST请求的参数如下************************
********请求toUri=/yazuo_erp/myHomePage/getComplexSysToDoLists.do**********

2015-03-02 17:39:44,518 [http-bio-8080-exec-6] [erp] [INFO] - sessionId: 44ECD1DD31A2A032E4577038037E77DF
2015-03-02 17:39:44,518 [http-bio-8080-exec-6] [erp] [INFO] - userId: 1
2015-03-02 17:39:44,519 [http-bio-8080-exec-6] [erp] [INFO] - userName: admin
2015-03-02 17:39:44,519 [http-bio-8080-exec-6] [erp] [INFO] - ******************本次POST请求的参数如下************************
********请求toUri=/yazuo_erp/myHomePage/getComplexSysToDoLists.do**********

2015-03-02 17:39:55,797 [http-bio-8080-exec-8] [erp] [INFO] - sessionId: 44ECD1DD31A2A032E4577038037E77DF
2015-03-02 17:39:55,797 [http-bio-8080-exec-7] [erp] [INFO] - sessionId: 44ECD1DD31A2A032E4577038037E77DF
2015-03-02 17:39:55,797 [http-bio-8080-exec-8] [erp] [INFO] - userId: 1
2015-03-02 17:39:55,797 [http-bio-8080-exec-8] [erp] [INFO] - userName: admin
2015-03-02 17:39:55,797 [http-bio-8080-exec-8] [erp] [INFO] - ******************本次POST请求的参数如下************************
********请求toUri=/yazuo_erp/mktShopSurvey/listMktShopSurveys.do**********

2015-03-02 17:39:55,804 [http-bio-8080-exec-7] [erp] [INFO] - userId: 1
2015-03-02 17:39:55,804 [http-bio-8080-exec-7] [erp] [INFO] - userName: admin
2015-03-02 17:39:55,804 [http-bio-8080-exec-7] [erp] [INFO] - ******************本次POST请求的参数如下************************
********请求toUri=/yazuo_erp/synMerchant/getMerchantInfoByOrder.do**********

2015-03-02 17:41:02,981 [http-bio-8080-exec-10] [erp] [INFO] - sessionId: 44ECD1DD31A2A032E4577038037E77DF
2015-03-02 17:41:02,981 [http-bio-8080-exec-10] [erp] [INFO] - userId: 1
2015-03-02 17:41:02,981 [http-bio-8080-exec-10] [erp] [INFO] - userName: admin
2015-03-02 17:41:02,981 [http-bio-8080-exec-10] [erp] [INFO] - ******************本次POST请求的参数如下************************
********请求toUri=/yazuo_erp/contact/saveMktContact.do**********

2015-03-02 17:41:03,190 [http-bio-8080-exec-1] [erp] [INFO] - sessionId: 44ECD1DD31A2A032E4577038037E77DF
2015-03-02 17:41:03,190 [http-bio-8080-exec-1] [erp] [INFO] - userId: 1
2015-03-02 17:41:03,190 [http-bio-8080-exec-1] [erp] [INFO] - userName: admin
2015-03-02 17:41:03,190 [http-bio-8080-exec-1] [erp] [INFO] - ******************本次POST请求的参数如下************************
********请求toUri=/yazuo_erp/mktBrandInterview/saveMktBrandInterview.do**********

2015-03-02 17:41:03,909 [http-bio-8080-exec-3] [erp] [INFO] - sessionId: 44ECD1DD31A2A032E4577038037E77DF
2015-03-02 17:41:03,909 [http-bio-8080-exec-3] [erp] [INFO] - userId: 1
2015-03-02 17:41:03,909 [http-bio-8080-exec-3] [erp] [INFO] - userName: admin
2015-03-02 17:41:03,909 [http-bio-8080-exec-3] [erp] [INFO] - ******************本次POST请求的参数如下************************
********请求toUri=/yazuo_erp/mktShopSurvey/saveMktShopSurvey.do**********

2015-03-02 17:41:04,109 [http-bio-8080-exec-2] [erp] [INFO] - sessionId: 44ECD1DD31A2A032E4577038037E77DF
2015-03-02 17:41:04,110 [http-bio-8080-exec-2] [erp] [INFO] - userId: 1
2015-03-02 17:41:04,110 [http-bio-8080-exec-2] [erp] [INFO] - userName: admin
2015-03-02 17:41:04,110 [http-bio-8080-exec-2] [erp] [INFO] - ******************本次GET请求的参数如下************************
********请求toUri=/yazuo_erp/mktShopSurvey/salesComfirm.do**********
	参数名getParameter：merchantId,参数值：10576

2015-03-02 17:41:04,888 [http-bio-8080-exec-5] [erp] [INFO] - sessionId: 44ECD1DD31A2A032E4577038037E77DF
2015-03-02 17:41:04,888 [http-bio-8080-exec-4] [erp] [INFO] - sessionId: 44ECD1DD31A2A032E4577038037E77DF
2015-03-02 17:41:04,896 [http-bio-8080-exec-5] [erp] [INFO] - userId: 1
2015-03-02 17:41:04,896 [http-bio-8080-exec-4] [erp] [INFO] - userId: 1
2015-03-02 17:41:04,896 [http-bio-8080-exec-4] [erp] [INFO] - userName: admin
2015-03-02 17:41:04,896 [http-bio-8080-exec-4] [erp] [INFO] - ******************本次POST请求的参数如下************************
********请求toUri=/yazuo_erp/myHomePage/getComplexSysToDoLists.do**********

2015-03-02 17:41:04,900 [http-bio-8080-exec-5] [erp] [INFO] - userName: admin
2015-03-02 17:41:04,900 [http-bio-8080-exec-5] [erp] [INFO] - ******************本次POST请求的参数如下************************
********请求toUri=/yazuo_erp/myHomePage/getComplexSynMerchants.do**********

2015-03-02 17:41:14,097 [http-bio-8080-exec-6] [erp] [INFO] - sessionId: 44ECD1DD31A2A032E4577038037E77DF
2015-03-02 17:41:14,097 [http-bio-8080-exec-6] [erp] [INFO] - userId: 1
2015-03-02 17:41:14,097 [http-bio-8080-exec-6] [erp] [INFO] - userName: admin
2015-03-02 17:41:14,098 [http-bio-8080-exec-6] [erp] [INFO] - ******************本次POST请求的参数如下************************
********请求toUri=/yazuo_erp/myHomePage/getComplexSysToDoLists.do**********

2015-03-02 17:41:54,969 [http-bio-8080-exec-8] [erp] [INFO] - sessionId: 44ECD1DD31A2A032E4577038037E77DF
2015-03-02 17:41:54,969 [http-bio-8080-exec-8] [erp] [INFO] - userId: 1
2015-03-02 17:41:54,970 [http-bio-8080-exec-8] [erp] [INFO] - userName: admin
2015-03-02 17:41:54,970 [http-bio-8080-exec-8] [erp] [INFO] - ******************本次POST请求的参数如下************************
********请求toUri=/yazuo_erp/mktShopSurvey/listMktShopSurveys.do**********

2015-03-02 17:41:54,973 [http-bio-8080-exec-9] [erp] [INFO] - sessionId: 44ECD1DD31A2A032E4577038037E77DF
2015-03-02 17:41:54,973 [http-bio-8080-exec-9] [erp] [INFO] - userId: 1
2015-03-02 17:41:54,973 [http-bio-8080-exec-9] [erp] [INFO] - userName: admin
2015-03-02 17:41:54,973 [http-bio-8080-exec-9] [erp] [INFO] - ******************本次POST请求的参数如下************************
********请求toUri=/yazuo_erp/synMerchant/getMerchantInfoByOrder.do**********

2015-03-02 17:42:02,554 [http-bio-8080-exec-1] [erp] [INFO] - sessionId: 44ECD1DD31A2A032E4577038037E77DF
2015-03-02 17:42:02,554 [http-bio-8080-exec-10] [erp] [INFO] - sessionId: 44ECD1DD31A2A032E4577038037E77DF
2015-03-02 17:42:02,554 [http-bio-8080-exec-1] [erp] [INFO] - userId: 1
2015-03-02 17:42:02,554 [http-bio-8080-exec-10] [erp] [INFO] - userId: 1
2015-03-02 17:42:02,554 [http-bio-8080-exec-1] [erp] [INFO] - userName: admin
2015-03-02 17:42:02,554 [http-bio-8080-exec-10] [erp] [INFO] - userName: admin
2015-03-02 17:42:02,554 [http-bio-8080-exec-1] [erp] [INFO] - ******************本次POST请求的参数如下************************
********请求toUri=/yazuo_erp/myHomePage/getComplexSysToDoLists.do**********

2015-03-02 17:42:02,555 [http-bio-8080-exec-10] [erp] [INFO] - ******************本次POST请求的参数如下************************
********请求toUri=/yazuo_erp/myHomePage/getComplexSynMerchants.do**********

2015-03-02 17:42:03,510 [http-bio-8080-exec-3] [erp] [INFO] - sessionId: 44ECD1DD31A2A032E4577038037E77DF
2015-03-02 17:42:03,511 [http-bio-8080-exec-3] [erp] [INFO] - userId: 1
2015-03-02 17:42:03,511 [http-bio-8080-exec-3] [erp] [INFO] - userName: admin
2015-03-02 17:42:03,511 [http-bio-8080-exec-3] [erp] [INFO] - ******************本次POST请求的参数如下************************
********请求toUri=/yazuo_erp/myHomePage/getComplexSynMerchants.do**********

2015-03-02 17:42:05,723 [http-bio-8080-exec-2] [erp] [INFO] - sessionId: 44ECD1DD31A2A032E4577038037E77DF
2015-03-02 17:42:05,723 [http-bio-8080-exec-2] [erp] [INFO] - userId: 1
2015-03-02 17:42:05,723 [http-bio-8080-exec-2] [erp] [INFO] - userName: admin
2015-03-02 17:42:05,723 [http-bio-8080-exec-2] [erp] [INFO] - ******************本次POST请求的参数如下************************
********请求toUri=/yazuo_erp/myHomePage/getComplexSysToDoLists.do**********

2015-03-02 17:42:10,109 [http-bio-8080-exec-4] [erp] [INFO] - sessionId: 44ECD1DD31A2A032E4577038037E77DF
2015-03-02 17:42:10,109 [http-bio-8080-exec-4] [erp] [INFO] - userId: 1
2015-03-02 17:42:10,112 [http-bio-8080-exec-4] [erp] [INFO] - userName: admin
2015-03-02 17:42:10,112 [http-bio-8080-exec-4] [erp] [INFO] - ******************本次POST请求的参数如下************************
********请求toUri=/yazuo_erp/myHomePage/getComplexSynMerchants.do**********

2015-03-02 17:42:13,547 [http-bio-8080-exec-5] [erp] [INFO] - sessionId: 44ECD1DD31A2A032E4577038037E77DF
2015-03-02 17:42:13,548 [http-bio-8080-exec-5] [erp] [INFO] - userId: 1
2015-03-02 17:42:13,548 [http-bio-8080-exec-5] [erp] [INFO] - userName: admin
2015-03-02 17:42:13,548 [http-bio-8080-exec-5] [erp] [INFO] - ******************本次POST请求的参数如下************************
********请求toUri=/yazuo_erp/myHomePage/getComplexSynMerchants.do**********

2015-03-02 17:43:34,031 [http-bio-8080-exec-6] [erp] [INFO] - sessionId: 44ECD1DD31A2A032E4577038037E77DF
2015-03-02 17:43:34,031 [http-bio-8080-exec-6] [erp] [INFO] - userId: 1
2015-03-02 17:43:34,031 [http-bio-8080-exec-6] [erp] [INFO] - userName: admin
2015-03-02 17:43:34,031 [http-bio-8080-exec-6] [erp] [INFO] - ******************本次POST请求的参数如下************************
********请求toUri=/yazuo_erp/synMerchant/saveTestMerchant.do**********

2015-03-02 17:43:41,639 [http-bio-8080-exec-7] [erp] [INFO] - sessionId: 44ECD1DD31A2A032E4577038037E77DF
2015-03-02 17:43:41,639 [http-bio-8080-exec-7] [erp] [INFO] - userId: 1
2015-03-02 17:43:41,639 [http-bio-8080-exec-7] [erp] [INFO] - userName: admin
2015-03-02 17:43:41,639 [http-bio-8080-exec-7] [erp] [INFO] - ******************本次POST请求的参数如下************************
********请求toUri=/yazuo_erp/myHomePage/getComplexSynMerchants.do**********

2015-03-02 17:43:45,468 [http-bio-8080-exec-8] [erp] [INFO] - sessionId: 44ECD1DD31A2A032E4577038037E77DF
2015-03-02 17:43:45,468 [http-bio-8080-exec-8] [erp] [INFO] - userId: 1
2015-03-02 17:43:45,468 [http-bio-8080-exec-8] [erp] [INFO] - userName: admin
2015-03-02 17:43:45,469 [http-bio-8080-exec-8] [erp] [INFO] - ******************本次POST请求的参数如下************************
********请求toUri=/yazuo_erp/myHomePage/getComplexSynMerchants.do**********

2015-03-02 17:43:53,788 [http-bio-8080-exec-9] [erp] [INFO] - sessionId: 44ECD1DD31A2A032E4577038037E77DF
2015-03-02 17:43:53,788 [http-bio-8080-exec-1] [erp] [INFO] - sessionId: 44ECD1DD31A2A032E4577038037E77DF
2015-03-02 17:43:53,788 [http-bio-8080-exec-9] [erp] [INFO] - userId: 1
2015-03-02 17:43:53,788 [http-bio-8080-exec-9] [erp] [INFO] - userName: admin
2015-03-02 17:43:53,788 [http-bio-8080-exec-9] [erp] [INFO] - ******************本次POST请求的参数如下************************
********请求toUri=/yazuo_erp/besRequirement/listBesReqConditions.do**********

2015-03-02 17:43:53,792 [http-bio-8080-exec-1] [erp] [INFO] - userId: 1
2015-03-02 17:43:53,795 [http-bio-8080-exec-1] [erp] [INFO] - userName: admin
2015-03-02 17:43:53,795 [http-bio-8080-exec-1] [erp] [INFO] - ******************本次POST请求的参数如下************************
********请求toUri=/yazuo_erp/besRequirement/listBesRequirements.do**********

2015-03-02 17:43:53,971 [http-bio-8080-exec-10] [erp] [INFO] - sessionId: 44ECD1DD31A2A032E4577038037E77DF
2015-03-02 17:43:53,971 [http-bio-8080-exec-10] [erp] [INFO] - userId: 1
2015-03-02 17:43:53,971 [http-bio-8080-exec-10] [erp] [INFO] - userName: admin
2015-03-02 17:43:53,971 [http-bio-8080-exec-10] [erp] [INFO] - ******************本次POST请求的参数如下************************
********请求toUri=/yazuo_erp/besRequirement/listBesRequirements.do**********

2015-03-02 17:44:01,726 [http-bio-8080-exec-3] [erp] [INFO] - sessionId: 44ECD1DD31A2A032E4577038037E77DF
2015-03-02 17:44:01,726 [http-bio-8080-exec-2] [erp] [INFO] - sessionId: 44ECD1DD31A2A032E4577038037E77DF
2015-03-02 17:44:01,726 [http-bio-8080-exec-2] [erp] [INFO] - userId: 1
2015-03-02 17:44:01,726 [http-bio-8080-exec-3] [erp] [INFO] - userId: 1
2015-03-02 17:44:01,726 [http-bio-8080-exec-2] [erp] [INFO] - userName: admin
2015-03-02 17:44:01,727 [http-bio-8080-exec-3] [erp] [INFO] - userName: admin
2015-03-02 17:44:01,727 [http-bio-8080-exec-2] [erp] [INFO] - ******************本次POST请求的参数如下************************
********请求toUri=/yazuo_erp/myHomePage/getComplexSysToDoLists.do**********

2015-03-02 17:44:01,727 [http-bio-8080-exec-3] [erp] [INFO] - ******************本次POST请求的参数如下************************
********请求toUri=/yazuo_erp/myHomePage/getComplexSynMerchants.do**********

2015-03-02 17:44:02,727 [http-bio-8080-exec-4] [erp] [INFO] - sessionId: 44ECD1DD31A2A032E4577038037E77DF
2015-03-02 17:44:02,727 [http-bio-8080-exec-4] [erp] [INFO] - userId: 1
2015-03-02 17:44:02,727 [http-bio-8080-exec-4] [erp] [INFO] - userName: admin
2015-03-02 17:44:02,728 [http-bio-8080-exec-4] [erp] [INFO] - ******************本次POST请求的参数如下************************
********请求toUri=/yazuo_erp/myHomePage/getComplexSysToDoLists.do**********

2015-03-02 17:44:07,419 [http-bio-8080-exec-5] [erp] [INFO] - sessionId: 44ECD1DD31A2A032E4577038037E77DF
2015-03-02 17:44:07,419 [http-bio-8080-exec-5] [erp] [INFO] - userId: 1
2015-03-02 17:44:07,419 [http-bio-8080-exec-5] [erp] [INFO] - userName: admin
2015-03-02 17:44:07,419 [http-bio-8080-exec-5] [erp] [INFO] - ******************本次POST请求的参数如下************************
********请求toUri=/yazuo_erp/myHomePage/getComplexSynMerchants.do**********

2015-03-02 17:44:14,941 [http-bio-8080-exec-6] [erp] [INFO] - sessionId: 44ECD1DD31A2A032E4577038037E77DF
2015-03-02 17:44:14,941 [http-bio-8080-exec-6] [erp] [INFO] - userId: 1
2015-03-02 17:44:14,941 [http-bio-8080-exec-6] [erp] [INFO] - userName: admin
2015-03-02 17:44:14,941 [http-bio-8080-exec-6] [erp] [INFO] - ******************本次POST请求的参数如下************************
********请求toUri=/yazuo_erp/myHomePage/getComplexSynMerchants.do**********

2015-03-02 17:44:22,282 [http-bio-8080-exec-7] [erp] [INFO] - sessionId: 44ECD1DD31A2A032E4577038037E77DF
2015-03-02 17:44:22,282 [http-bio-8080-exec-8] [erp] [INFO] - sessionId: 44ECD1DD31A2A032E4577038037E77DF
2015-03-02 17:44:22,282 [http-bio-8080-exec-7] [erp] [INFO] - userId: 1
2015-03-02 17:44:22,282 [http-bio-8080-exec-8] [erp] [INFO] - userId: 1
2015-03-02 17:44:22,284 [http-bio-8080-exec-7] [erp] [INFO] - userName: admin
2015-03-02 17:44:22,284 [http-bio-8080-exec-7] [erp] [INFO] - ******************本次POST请求的参数如下************************
********请求toUri=/yazuo_erp/myHomePage/getComplexSynMerchants.do**********

2015-03-02 17:44:22,286 [http-bio-8080-exec-8] [erp] [INFO] - userName: admin
2015-03-02 17:44:22,286 [http-bio-8080-exec-8] [erp] [INFO] - ******************本次POST请求的参数如下************************
********请求toUri=/yazuo_erp/myHomePage/getComplexSysToDoLists.do**********

2015-03-02 17:44:25,531 [http-bio-8080-exec-9] [erp] [INFO] - sessionId: 44ECD1DD31A2A032E4577038037E77DF
2015-03-02 17:44:25,531 [http-bio-8080-exec-9] [erp] [INFO] - userId: 1
2015-03-02 17:44:25,531 [http-bio-8080-exec-9] [erp] [INFO] - userName: admin
2015-03-02 17:44:25,531 [http-bio-8080-exec-9] [erp] [INFO] - ******************本次POST请求的参数如下************************
********请求toUri=/yazuo_erp/myHomePage/getComplexSynMerchants.do**********

2015-03-02 17:45:01,488 [http-bio-8080-exec-1] [erp] [INFO] - sessionId: 44ECD1DD31A2A032E4577038037E77DF
2015-03-02 17:45:01,489 [http-bio-8080-exec-1] [erp] [INFO] - userId: 1
2015-03-02 17:45:01,489 [http-bio-8080-exec-1] [erp] [INFO] - userName: admin
2015-03-02 17:45:01,489 [http-bio-8080-exec-1] [erp] [INFO] - ******************本次POST请求的参数如下************************
********请求toUri=/yazuo_erp/myHomePage/getComplexSynMerchants.do**********

2015-03-02 17:45:07,484 [http-bio-8080-exec-10] [erp] [INFO] - sessionId: 44ECD1DD31A2A032E4577038037E77DF
2015-03-02 17:45:07,484 [http-bio-8080-exec-10] [erp] [INFO] - userId: 1
2015-03-02 17:45:07,484 [http-bio-8080-exec-10] [erp] [INFO] - userName: admin
2015-03-02 17:45:07,484 [http-bio-8080-exec-10] [erp] [INFO] - ******************本次POST请求的参数如下************************
********请求toUri=/yazuo_erp/myHomePage/getComplexSynMerchants.do**********

2015-03-02 17:45:10,975 [http-bio-8080-exec-2] [erp] [INFO] - sessionId: 44ECD1DD31A2A032E4577038037E77DF
2015-03-02 17:45:10,975 [http-bio-8080-exec-2] [erp] [INFO] - userId: 1
2015-03-02 17:45:10,975 [http-bio-8080-exec-2] [erp] [INFO] - userName: admin
2015-03-02 17:45:10,975 [http-bio-8080-exec-2] [erp] [INFO] - ******************本次POST请求的参数如下************************
********请求toUri=/yazuo_erp/synMerchant/saveTestMerchant.do**********

2015-03-02 17:45:17,601 [http-bio-8080-exec-3] [erp] [INFO] - sessionId: 44ECD1DD31A2A032E4577038037E77DF
2015-03-02 17:45:17,602 [http-bio-8080-exec-3] [erp] [INFO] - userId: 1
2015-03-02 17:45:17,602 [http-bio-8080-exec-3] [erp] [INFO] - userName: admin
2015-03-02 17:45:17,602 [http-bio-8080-exec-3] [erp] [INFO] - ******************本次POST请求的参数如下************************
********请求toUri=/yazuo_erp/myHomePage/getComplexSynMerchants.do**********

2015-03-02 17:45:56,918 [http-bio-8080-exec-4] [erp] [INFO] - sessionId: 44ECD1DD31A2A032E4577038037E77DF
2015-03-02 17:45:56,918 [http-bio-8080-exec-4] [erp] [INFO] - userId: 1
2015-03-02 17:45:56,918 [http-bio-8080-exec-4] [erp] [INFO] - userName: admin
2015-03-02 17:45:56,918 [http-bio-8080-exec-4] [erp] [INFO] - ******************本次POST请求的参数如下************************
********请求toUri=/yazuo_erp/myHomePage/getComplexSysToDoLists.do**********

2015-03-02 17:45:59,237 [http-bio-8080-exec-5] [erp] [INFO] - sessionId: 44ECD1DD31A2A032E4577038037E77DF
2015-03-02 17:45:59,237 [http-bio-8080-exec-5] [erp] [INFO] - userId: 1
2015-03-02 17:45:59,237 [http-bio-8080-exec-5] [erp] [INFO] - userName: admin
2015-03-02 17:45:59,237 [http-bio-8080-exec-5] [erp] [INFO] - ******************本次POST请求的参数如下************************
********请求toUri=/yazuo_erp/myHomePage/getComplexSynMerchants.do**********

2015-03-02 17:46:05,134 [http-bio-8080-exec-6] [erp] [INFO] - sessionId: 44ECD1DD31A2A032E4577038037E77DF
2015-03-02 17:46:05,135 [http-bio-8080-exec-6] [erp] [INFO] - userId: 1
2015-03-02 17:46:05,135 [http-bio-8080-exec-6] [erp] [INFO] - userName: admin
2015-03-02 17:46:05,135 [http-bio-8080-exec-6] [erp] [INFO] - ******************本次POST请求的参数如下************************
********请求toUri=/yazuo_erp/myHomePage/getComplexSynMerchants.do**********

2015-03-02 17:46:07,851 [http-bio-8080-exec-8] [erp] [INFO] - sessionId: 44ECD1DD31A2A032E4577038037E77DF
2015-03-02 17:46:07,851 [http-bio-8080-exec-8] [erp] [INFO] - userId: 1
2015-03-02 17:46:07,851 [http-bio-8080-exec-8] [erp] [INFO] - userName: admin
2015-03-02 17:46:07,851 [http-bio-8080-exec-8] [erp] [INFO] - ******************本次POST请求的参数如下************************
********请求toUri=/yazuo_erp/myHomePage/getComplexSynMerchants.do**********

2015-03-02 17:46:38,980 [http-bio-8080-exec-7] [erp] [INFO] - sessionId: 44ECD1DD31A2A032E4577038037E77DF
2015-03-02 17:46:38,980 [http-bio-8080-exec-7] [erp] [INFO] - userId: 1
2015-03-02 17:46:38,980 [http-bio-8080-exec-7] [erp] [INFO] - userName: admin
2015-03-02 17:46:38,980 [http-bio-8080-exec-7] [erp] [INFO] - ******************本次POST请求的参数如下************************
********请求toUri=/yazuo_erp/myHomePage/getComplexSynMerchants.do**********

2015-03-02 17:46:46,518 [http-bio-8080-exec-9] [erp] [INFO] - sessionId: 44ECD1DD31A2A032E4577038037E77DF
2015-03-02 17:46:46,518 [http-bio-8080-exec-9] [erp] [INFO] - userId: 1
2015-03-02 17:46:46,518 [http-bio-8080-exec-9] [erp] [INFO] - userName: admin
2015-03-02 17:46:46,518 [http-bio-8080-exec-9] [erp] [INFO] - ******************本次POST请求的参数如下************************
********请求toUri=/yazuo_erp/myHomePage/getComplexSynMerchants.do**********

2015-03-02 17:46:55,837 [http-bio-8080-exec-1] [erp] [INFO] - sessionId: 44ECD1DD31A2A032E4577038037E77DF
2015-03-02 17:46:55,837 [http-bio-8080-exec-1] [erp] [INFO] - userId: 1
2015-03-02 17:46:55,838 [http-bio-8080-exec-1] [erp] [INFO] - userName: admin
2015-03-02 17:46:55,838 [http-bio-8080-exec-1] [erp] [INFO] - ******************本次POST请求的参数如下************************
********请求toUri=/yazuo_erp/myHomePage/getComplexSynMerchants.do**********

2015-03-02 17:46:56,981 [http-bio-8080-exec-10] [erp] [INFO] - sessionId: 44ECD1DD31A2A032E4577038037E77DF
2015-03-02 17:46:56,981 [http-bio-8080-exec-10] [erp] [INFO] - userId: 1
2015-03-02 17:46:56,982 [http-bio-8080-exec-10] [erp] [INFO] - userName: admin
2015-03-02 17:46:56,982 [http-bio-8080-exec-10] [erp] [INFO] - ******************本次POST请求的参数如下************************
********请求toUri=/yazuo_erp/myHomePage/getComplexSynMerchants.do**********

2015-03-02 17:46:58,277 [http-bio-8080-exec-2] [erp] [INFO] - sessionId: 44ECD1DD31A2A032E4577038037E77DF
2015-03-02 17:46:58,278 [http-bio-8080-exec-2] [erp] [INFO] - userId: 1
2015-03-02 17:46:58,278 [http-bio-8080-exec-2] [erp] [INFO] - userName: admin
2015-03-02 17:46:58,278 [http-bio-8080-exec-2] [erp] [INFO] - ******************本次POST请求的参数如下************************
********请求toUri=/yazuo_erp/myHomePage/getComplexSynMerchants.do**********

2015-03-02 17:47:21,487 [http-bio-8080-exec-3] [erp] [INFO] - sessionId: 44ECD1DD31A2A032E4577038037E77DF
2015-03-02 17:47:21,487 [http-bio-8080-exec-3] [erp] [INFO] - userId: 1
2015-03-02 17:47:21,487 [http-bio-8080-exec-3] [erp] [INFO] - userName: admin
2015-03-02 17:47:21,487 [http-bio-8080-exec-3] [erp] [INFO] - ******************本次POST请求的参数如下************************
********请求toUri=/yazuo_erp/myHomePage/getComplexSynMerchants.do**********

2015-03-02 18:03:39,383 [http-bio-8080-exec-4] [erp] [INFO] - sessionId: 44ECD1DD31A2A032E4577038037E77DF
2015-03-02 18:03:39,383 [http-bio-8080-exec-4] [erp] [INFO] - userId: 1
2015-03-02 18:03:39,383 [http-bio-8080-exec-4] [erp] [INFO] - userName: admin
2015-03-02 18:03:39,383 [http-bio-8080-exec-4] [erp] [INFO] - ******************本次POST请求的参数如下************************
********请求toUri=/yazuo_erp/besRequirement/listBesReqConditions.do**********

2015-03-02 18:03:39,391 [http-bio-8080-exec-5] [erp] [INFO] - sessionId: 44ECD1DD31A2A032E4577038037E77DF
2015-03-02 18:03:39,391 [http-bio-8080-exec-5] [erp] [INFO] - userId: 1
2015-03-02 18:03:39,391 [http-bio-8080-exec-5] [erp] [INFO] - userName: admin
2015-03-02 18:03:39,391 [http-bio-8080-exec-5] [erp] [INFO] - ******************本次POST请求的参数如下************************
********请求toUri=/yazuo_erp/besRequirement/listBesRequirements.do**********

2015-03-02 18:03:39,459 [http-bio-8080-exec-6] [erp] [INFO] - sessionId: 44ECD1DD31A2A032E4577038037E77DF
2015-03-02 18:03:39,459 [http-bio-8080-exec-6] [erp] [INFO] - userId: 1
2015-03-02 18:03:39,459 [http-bio-8080-exec-6] [erp] [INFO] - userName: admin
2015-03-02 18:03:39,459 [http-bio-8080-exec-6] [erp] [INFO] - ******************本次POST请求的参数如下************************
********请求toUri=/yazuo_erp/besRequirement/listBesRequirements.do**********

2015-03-02 18:03:58,546 [http-bio-8080-exec-7] [erp] [INFO] - sessionId: 44ECD1DD31A2A032E4577038037E77DF
2015-03-02 18:03:58,546 [http-bio-8080-exec-7] [erp] [INFO] - userId: 1
2015-03-02 18:03:58,546 [http-bio-8080-exec-7] [erp] [INFO] - userName: admin
2015-03-02 18:03:58,547 [http-bio-8080-exec-7] [erp] [INFO] - ******************本次POST请求的参数如下************************
********请求toUri=/yazuo_erp/myHomePage/getComplexSynMerchants.do**********

2015-03-02 18:03:58,550 [http-bio-8080-exec-8] [erp] [INFO] - sessionId: 44ECD1DD31A2A032E4577038037E77DF
2015-03-02 18:03:58,550 [http-bio-8080-exec-8] [erp] [INFO] - userId: 1
2015-03-02 18:03:58,550 [http-bio-8080-exec-8] [erp] [INFO] - userName: admin
2015-03-02 18:03:58,550 [http-bio-8080-exec-8] [erp] [INFO] - ******************本次POST请求的参数如下************************
********请求toUri=/yazuo_erp/myHomePage/getComplexSysToDoLists.do**********

2015-03-02 18:03:59,957 [http-bio-8080-exec-9] [erp] [INFO] - sessionId: 44ECD1DD31A2A032E4577038037E77DF
2015-03-02 18:03:59,958 [http-bio-8080-exec-9] [erp] [INFO] - userId: 1
2015-03-02 18:03:59,958 [http-bio-8080-exec-9] [erp] [INFO] - userName: admin
2015-03-02 18:03:59,958 [http-bio-8080-exec-9] [erp] [INFO] - ******************本次POST请求的参数如下************************
********请求toUri=/yazuo_erp/myHomePage/getComplexSysToDoLists.do**********

2015-03-02 18:06:37,065 [http-bio-8080-exec-10] [erp] [INFO] - sessionId: 44ECD1DD31A2A032E4577038037E77DF
2015-03-02 18:06:37,065 [http-bio-8080-exec-1] [erp] [INFO] - sessionId: 44ECD1DD31A2A032E4577038037E77DF
2015-03-02 18:06:37,065 [http-bio-8080-exec-10] [erp] [INFO] - userId: 1
2015-03-02 18:06:37,065 [http-bio-8080-exec-10] [erp] [INFO] - userName: admin
2015-03-02 18:06:37,065 [http-bio-8080-exec-10] [erp] [INFO] - ******************本次POST请求的参数如下************************
********请求toUri=/yazuo_erp/besRequirement/listBesRequirements.do**********

2015-03-02 18:06:37,065 [http-bio-8080-exec-1] [erp] [INFO] - userId: 1
2015-03-02 18:06:37,065 [http-bio-8080-exec-1] [erp] [INFO] - userName: admin
2015-03-02 18:06:37,065 [http-bio-8080-exec-1] [erp] [INFO] - ******************本次POST请求的参数如下************************
********请求toUri=/yazuo_erp/besRequirement/listBesReqConditions.do**********

2015-03-02 18:06:37,129 [http-bio-8080-exec-2] [erp] [INFO] - sessionId: 44ECD1DD31A2A032E4577038037E77DF
2015-03-02 18:06:37,129 [http-bio-8080-exec-2] [erp] [INFO] - userId: 1
2015-03-02 18:06:37,129 [http-bio-8080-exec-2] [erp] [INFO] - userName: admin
2015-03-02 18:06:37,129 [http-bio-8080-exec-2] [erp] [INFO] - ******************本次POST请求的参数如下************************
********请求toUri=/yazuo_erp/besRequirement/listBesRequirements.do**********

2015-03-02 18:06:40,923 [http-bio-8080-exec-3] [erp] [INFO] - sessionId: 44ECD1DD31A2A032E4577038037E77DF
2015-03-02 18:06:40,924 [http-bio-8080-exec-3] [erp] [INFO] - userId: 1
2015-03-02 18:06:40,924 [http-bio-8080-exec-3] [erp] [INFO] - userName: admin
2015-03-02 18:06:40,924 [http-bio-8080-exec-3] [erp] [INFO] - ******************本次POST请求的参数如下************************
********请求toUri=/yazuo_erp/myHomePage/getComplexSynMerchants.do**********

2015-03-02 18:06:40,925 [http-bio-8080-exec-5] [erp] [INFO] - sessionId: 44ECD1DD31A2A032E4577038037E77DF
2015-03-02 18:06:40,925 [http-bio-8080-exec-5] [erp] [INFO] - userId: 1
2015-03-02 18:06:40,925 [http-bio-8080-exec-5] [erp] [INFO] - userName: admin
2015-03-02 18:06:40,926 [http-bio-8080-exec-5] [erp] [INFO] - ******************本次POST请求的参数如下************************
********请求toUri=/yazuo_erp/myHomePage/getComplexSysToDoLists.do**********

2015-03-02 18:06:43,443 [http-bio-8080-exec-4] [erp] [INFO] - sessionId: 44ECD1DD31A2A032E4577038037E77DF
2015-03-02 18:06:43,443 [http-bio-8080-exec-4] [erp] [INFO] - userId: 1
2015-03-02 18:06:43,444 [http-bio-8080-exec-4] [erp] [INFO] - userName: admin
2015-03-02 18:06:43,444 [http-bio-8080-exec-4] [erp] [INFO] - ******************本次POST请求的参数如下************************
********请求toUri=/yazuo_erp/myHomePage/getComplexSynMerchants.do**********

2015-03-02 18:06:44,766 [http-bio-8080-exec-6] [erp] [INFO] - sessionId: 44ECD1DD31A2A032E4577038037E77DF
2015-03-02 18:06:44,766 [http-bio-8080-exec-6] [erp] [INFO] - userId: 1
2015-03-02 18:06:44,766 [http-bio-8080-exec-6] [erp] [INFO] - userName: admin
2015-03-02 18:06:44,766 [http-bio-8080-exec-6] [erp] [INFO] - ******************本次POST请求的参数如下************************
********请求toUri=/yazuo_erp/myHomePage/getComplexSynMerchants.do**********

2015-03-02 18:07:16,018 [http-bio-8080-exec-8] [erp] [INFO] - sessionId: 44ECD1DD31A2A032E4577038037E77DF
2015-03-02 18:07:16,018 [http-bio-8080-exec-8] [erp] [INFO] - userId: 1
2015-03-02 18:07:16,018 [http-bio-8080-exec-8] [erp] [INFO] - userName: admin
2015-03-02 18:07:16,018 [http-bio-8080-exec-8] [erp] [INFO] - ******************本次POST请求的参数如下************************
********请求toUri=/yazuo_erp/myHomePage/getComplexSynMerchants.do**********

2015-03-02 18:07:16,907 [http-bio-8080-exec-7] [erp] [INFO] - sessionId: 44ECD1DD31A2A032E4577038037E77DF
2015-03-02 18:07:16,908 [http-bio-8080-exec-7] [erp] [INFO] - userId: 1
2015-03-02 18:07:16,908 [http-bio-8080-exec-7] [erp] [INFO] - userName: admin
2015-03-02 18:07:16,908 [http-bio-8080-exec-7] [erp] [INFO] - ******************本次POST请求的参数如下************************
********请求toUri=/yazuo_erp/myHomePage/getComplexSynMerchants.do**********

2015-03-02 18:07:23,333 [http-bio-8080-exec-9] [erp] [INFO] - sessionId: 44ECD1DD31A2A032E4577038037E77DF
2015-03-02 18:07:23,333 [http-bio-8080-exec-9] [erp] [INFO] - userId: 1
2015-03-02 18:07:23,333 [http-bio-8080-exec-9] [erp] [INFO] - userName: admin
2015-03-02 18:07:23,333 [http-bio-8080-exec-9] [erp] [INFO] - ******************本次POST请求的参数如下************************
********请求toUri=/yazuo_erp/fesPlan/queryFesPlanList.do**********

2015-03-02 18:07:23,469 [http-bio-8080-exec-10] [erp] [INFO] - sessionId: 44ECD1DD31A2A032E4577038037E77DF
2015-03-02 18:07:23,469 [http-bio-8080-exec-1] [erp] [INFO] - sessionId: 44ECD1DD31A2A032E4577038037E77DF
2015-03-02 18:07:23,469 [http-bio-8080-exec-10] [erp] [INFO] - userId: 1
2015-03-02 18:07:23,469 [http-bio-8080-exec-1] [erp] [INFO] - userId: 1
2015-03-02 18:07:23,469 [http-bio-8080-exec-10] [erp] [INFO] - userName: admin
2015-03-02 18:07:23,470 [http-bio-8080-exec-1] [erp] [INFO] - userName: admin
2015-03-02 18:07:23,470 [http-bio-8080-exec-10] [erp] [INFO] - ******************本次POST请求的参数如下************************
********请求toUri=/yazuo_erp/synMerchant/getMerchantInfoByOrder.do**********

2015-03-02 18:07:23,470 [http-bio-8080-exec-1] [erp] [INFO] - ******************本次POST请求的参数如下************************
********请求toUri=/yazuo_erp/health/getHealthDegreeByMerchantId.do**********

2015-03-02 18:07:23,473 [http-bio-8080-exec-2] [erp] [INFO] - sessionId: 44ECD1DD31A2A032E4577038037E77DF
2015-03-02 18:07:23,473 [http-bio-8080-exec-2] [erp] [INFO] - userId: 1
2015-03-02 18:07:23,473 [http-bio-8080-exec-2] [erp] [INFO] - userName: admin
2015-03-02 18:07:23,473 [http-bio-8080-exec-2] [erp] [INFO] - ******************本次POST请求的参数如下************************
********请求toUri=/yazuo_erp/activity/listNoneReadRemind.do**********
	参数名getParameter：merchantId,参数值：1763

2015-03-02 18:07:23,475 [http-bio-8080-exec-5] [erp] [INFO] - sessionId: 44ECD1DD31A2A032E4577038037E77DF
2015-03-02 18:07:23,476 [http-bio-8080-exec-5] [erp] [INFO] - userId: 1
2015-03-02 18:07:23,476 [http-bio-8080-exec-5] [erp] [INFO] - userName: admin
2015-03-02 18:07:23,476 [http-bio-8080-exec-5] [erp] [INFO] - ******************本次POST请求的参数如下************************
********请求toUri=/yazuo_erp/report/getMonthMerchantSummary.do**********

2015-03-02 18:07:50,760 [http-bio-8080-exec-8] [erp] [INFO] - sessionId: 44ECD1DD31A2A032E4577038037E77DF
2015-03-02 18:07:50,760 [http-bio-8080-exec-8] [erp] [INFO] - userId: 1
2015-03-02 18:07:50,760 [http-bio-8080-exec-8] [erp] [INFO] - userName: admin
2015-03-02 18:07:50,760 [http-bio-8080-exec-8] [erp] [INFO] - ******************本次POST请求的参数如下************************
********请求toUri=/yazuo_erp/synMembershipCard/listSynMembershipCards.do**********
	参数名getParameter：pageNumber,参数值：1
	参数名getParameter：pageSize,参数值：10000
	参数名getParameter：merchantId,参数值：10581

2015-03-02 18:26:01,352 [http-bio-8080-exec-9] [erp] [INFO] - sessionId: 44ECD1DD31A2A032E4577038037E77DF
2015-03-02 18:26:01,353 [http-bio-8080-exec-9] [erp] [INFO] - userId: 1
2015-03-02 18:26:01,353 [http-bio-8080-exec-9] [erp] [INFO] - userName: admin
2015-03-02 18:26:01,353 [http-bio-8080-exec-9] [erp] [INFO] - ******************本次POST请求的参数如下************************
********请求toUri=/yazuo_erp/besRequirement/listBesRequirements.do**********

2015-03-02 18:26:01,357 [http-bio-8080-exec-7] [erp] [INFO] - sessionId: 44ECD1DD31A2A032E4577038037E77DF
2015-03-02 18:26:01,357 [http-bio-8080-exec-7] [erp] [INFO] - userId: 1
2015-03-02 18:26:01,357 [http-bio-8080-exec-7] [erp] [INFO] - userName: admin
2015-03-02 18:26:01,357 [http-bio-8080-exec-7] [erp] [INFO] - ******************本次POST请求的参数如下************************
********请求toUri=/yazuo_erp/besRequirement/listBesReqConditions.do**********

2015-03-02 18:26:01,407 [http-bio-8080-exec-3] [erp] [INFO] - sessionId: 44ECD1DD31A2A032E4577038037E77DF
2015-03-02 18:26:01,407 [http-bio-8080-exec-3] [erp] [INFO] - userId: 1
2015-03-02 18:26:01,408 [http-bio-8080-exec-3] [erp] [INFO] - userName: admin
2015-03-02 18:26:01,408 [http-bio-8080-exec-3] [erp] [INFO] - ******************本次POST请求的参数如下************************
********请求toUri=/yazuo_erp/besRequirement/listBesRequirements.do**********

2015-03-02 18:26:19,090 [http-bio-8080-exec-2] [erp] [INFO] - sessionId: 44ECD1DD31A2A032E4577038037E77DF
2015-03-02 18:26:19,093 [http-bio-8080-exec-1] [erp] [INFO] - sessionId: 44ECD1DD31A2A032E4577038037E77DF
2015-03-02 18:26:19,093 [http-bio-8080-exec-1] [erp] [INFO] - userId: 1
2015-03-02 18:26:19,094 [http-bio-8080-exec-1] [erp] [INFO] - userName: admin
2015-03-02 18:26:19,094 [http-bio-8080-exec-1] [erp] [INFO] - ******************本次POST请求的参数如下************************
********请求toUri=/yazuo_erp/myHomePage/getComplexSynMerchants.do**********

2015-03-02 18:26:19,095 [http-bio-8080-exec-2] [erp] [INFO] - userId: 1
2015-03-02 18:26:19,096 [http-bio-8080-exec-2] [erp] [INFO] - userName: admin
2015-03-02 18:26:19,096 [http-bio-8080-exec-2] [erp] [INFO] - ******************本次POST请求的参数如下************************
********请求toUri=/yazuo_erp/myHomePage/getComplexSysToDoLists.do**********

2015-03-02 18:26:23,563 [http-bio-8080-exec-6] [erp] [INFO] - sessionId: 44ECD1DD31A2A032E4577038037E77DF
2015-03-02 18:26:23,563 [http-bio-8080-exec-10] [erp] [INFO] - sessionId: 44ECD1DD31A2A032E4577038037E77DF
2015-03-02 18:26:23,564 [http-bio-8080-exec-6] [erp] [INFO] - userId: 1
2015-03-02 18:26:23,564 [http-bio-8080-exec-10] [erp] [INFO] - userId: 1
2015-03-02 18:26:23,564 [http-bio-8080-exec-6] [erp] [INFO] - userName: admin
2015-03-02 18:26:23,564 [http-bio-8080-exec-10] [erp] [INFO] - userName: admin
2015-03-02 18:26:23,564 [http-bio-8080-exec-6] [erp] [INFO] - ******************本次POST请求的参数如下************************
********请求toUri=/yazuo_erp/besRequirement/listBesRequirements.do**********

2015-03-02 18:26:23,564 [http-bio-8080-exec-10] [erp] [INFO] - ******************本次POST请求的参数如下************************
********请求toUri=/yazuo_erp/besRequirement/listBesReqConditions.do**********

2015-03-02 18:26:23,606 [http-bio-8080-exec-4] [erp] [INFO] - sessionId: 44ECD1DD31A2A032E4577038037E77DF
2015-03-02 18:26:23,606 [http-bio-8080-exec-4] [erp] [INFO] - userId: 1
2015-03-02 18:26:23,606 [http-bio-8080-exec-4] [erp] [INFO] - userName: admin
2015-03-02 18:26:23,606 [http-bio-8080-exec-4] [erp] [INFO] - ******************本次POST请求的参数如下************************
********请求toUri=/yazuo_erp/besRequirement/listBesRequirements.do**********

2015-03-02 18:26:43,334 [http-bio-8080-exec-8] [erp] [INFO] - sessionId: 44ECD1DD31A2A032E4577038037E77DF
2015-03-02 18:26:43,334 [http-bio-8080-exec-5] [erp] [INFO] - sessionId: 44ECD1DD31A2A032E4577038037E77DF
2015-03-02 18:26:43,334 [http-bio-8080-exec-5] [erp] [INFO] - userId: 1
2015-03-02 18:26:43,334 [http-bio-8080-exec-8] [erp] [INFO] - userId: 1
2015-03-02 18:26:43,334 [http-bio-8080-exec-5] [erp] [INFO] - userName: admin
2015-03-02 18:26:43,334 [http-bio-8080-exec-8] [erp] [INFO] - userName: admin
2015-03-02 18:26:43,334 [http-bio-8080-exec-5] [erp] [INFO] - ******************本次POST请求的参数如下************************
********请求toUri=/yazuo_erp/myHomePage/getComplexSysToDoLists.do**********

2015-03-02 18:26:43,334 [http-bio-8080-exec-8] [erp] [INFO] - ******************本次POST请求的参数如下************************
********请求toUri=/yazuo_erp/myHomePage/getComplexSynMerchants.do**********

2015-03-02 18:26:44,826 [http-bio-8080-exec-9] [erp] [INFO] - sessionId: 44ECD1DD31A2A032E4577038037E77DF
2015-03-02 18:26:44,827 [http-bio-8080-exec-9] [erp] [INFO] - userId: 1
2015-03-02 18:26:44,827 [http-bio-8080-exec-9] [erp] [INFO] - userName: admin
2015-03-02 18:26:44,827 [http-bio-8080-exec-9] [erp] [INFO] - ******************本次POST请求的参数如下************************
********请求toUri=/yazuo_erp/myHomePage/getComplexSysToDoLists.do**********

2015-03-02 18:26:53,518 [http-bio-8080-exec-7] [erp] [INFO] - sessionId: 44ECD1DD31A2A032E4577038037E77DF
2015-03-02 18:26:53,518 [http-bio-8080-exec-7] [erp] [INFO] - userId: 1
2015-03-02 18:26:53,518 [http-bio-8080-exec-7] [erp] [INFO] - userName: admin
2015-03-02 18:26:53,518 [http-bio-8080-exec-7] [erp] [INFO] - ******************本次POST请求的参数如下************************
********请求toUri=/yazuo_erp/myHomePage/getComplexSysToDoLists.do**********

2015-03-02 18:27:36,263 [http-bio-8080-exec-1] [erp] [INFO] - sessionId: 44ECD1DD31A2A032E4577038037E77DF
2015-03-02 18:27:36,264 [http-bio-8080-exec-1] [erp] [INFO] - userId: 1
2015-03-02 18:27:36,264 [http-bio-8080-exec-1] [erp] [INFO] - userName: admin
2015-03-02 18:27:36,264 [http-bio-8080-exec-1] [erp] [INFO] - ******************本次POST请求的参数如下************************
********请求toUri=/yazuo_erp/sysProductOperation/listSysProductOperations.do**********

2015-03-02 18:27:42,474 [http-bio-8080-exec-6] [erp] [INFO] - sessionId: 44ECD1DD31A2A032E4577038037E77DF
2015-03-02 18:27:42,474 [http-bio-8080-exec-10] [erp] [INFO] - sessionId: 44ECD1DD31A2A032E4577038037E77DF
2015-03-02 18:27:42,474 [http-bio-8080-exec-10] [erp] [INFO] - userId: 1
2015-03-02 18:27:42,474 [http-bio-8080-exec-6] [erp] [INFO] - userId: 1
2015-03-02 18:27:42,474 [http-bio-8080-exec-10] [erp] [INFO] - userName: admin
2015-03-02 18:27:42,474 [http-bio-8080-exec-6] [erp] [INFO] - userName: admin
2015-03-02 18:27:42,474 [http-bio-8080-exec-10] [erp] [INFO] - ******************本次POST请求的参数如下************************
********请求toUri=/yazuo_erp/myHomePage/getComplexSynMerchants.do**********

2015-03-02 18:27:42,475 [http-bio-8080-exec-6] [erp] [INFO] - ******************本次POST请求的参数如下************************
********请求toUri=/yazuo_erp/myHomePage/getComplexSysToDoLists.do**********

2015-03-02 18:27:44,636 [http-bio-8080-exec-5] [erp] [INFO] - sessionId: 44ECD1DD31A2A032E4577038037E77DF
2015-03-02 18:27:44,636 [http-bio-8080-exec-5] [erp] [INFO] - userId: 1
2015-03-02 18:27:44,636 [http-bio-8080-exec-5] [erp] [INFO] - userName: admin
2015-03-02 18:27:44,636 [http-bio-8080-exec-5] [erp] [INFO] - ******************本次POST请求的参数如下************************
********请求toUri=/yazuo_erp/myHomePage/getComplexSysToDoLists.do**********

2015-03-02 18:27:47,706 [http-bio-8080-exec-8] [erp] [INFO] - sessionId: 44ECD1DD31A2A032E4577038037E77DF
2015-03-02 18:27:47,707 [http-bio-8080-exec-8] [erp] [INFO] - userId: 1
2015-03-02 18:27:47,707 [http-bio-8080-exec-8] [erp] [INFO] - userName: admin
2015-03-02 18:27:47,707 [http-bio-8080-exec-8] [erp] [INFO] - ******************本次POST请求的参数如下************************
********请求toUri=/yazuo_erp/myHomePage/getComplexSysToDoLists.do**********

2015-03-02 18:28:29,829 [http-bio-8080-exec-3] [erp] [INFO] - sessionId: 44ECD1DD31A2A032E4577038037E77DF
2015-03-02 18:28:29,830 [http-bio-8080-exec-3] [erp] [INFO] - userId: 1
2015-03-02 18:28:29,830 [http-bio-8080-exec-3] [erp] [INFO] - userName: admin
2015-03-02 18:28:29,830 [http-bio-8080-exec-3] [erp] [INFO] - ******************本次POST请求的参数如下************************
********请求toUri=/yazuo_erp/sysProductOperation/listSysProductOperations.do**********

2015-03-02 18:28:34,585 [http-bio-8080-exec-2] [erp] [INFO] - sessionId: 44ECD1DD31A2A032E4577038037E77DF
2015-03-02 18:28:34,586 [http-bio-8080-exec-2] [erp] [INFO] - userId: 1
2015-03-02 18:28:34,586 [http-bio-8080-exec-2] [erp] [INFO] - userName: admin
2015-03-02 18:28:34,586 [http-bio-8080-exec-2] [erp] [INFO] - ******************本次POST请求的参数如下************************
********请求toUri=/yazuo_erp/myHomePage/getComplexSysToDoLists.do**********

2015-03-02 18:28:34,588 [http-bio-8080-exec-1] [erp] [INFO] - sessionId: 44ECD1DD31A2A032E4577038037E77DF
2015-03-02 18:28:34,588 [http-bio-8080-exec-1] [erp] [INFO] - userId: 1
2015-03-02 18:28:34,589 [http-bio-8080-exec-1] [erp] [INFO] - userName: admin
2015-03-02 18:28:34,589 [http-bio-8080-exec-1] [erp] [INFO] - ******************本次POST请求的参数如下************************
********请求toUri=/yazuo_erp/myHomePage/getComplexSynMerchants.do**********

2015-03-02 18:28:35,883 [http-bio-8080-exec-6] [erp] [INFO] - sessionId: 44ECD1DD31A2A032E4577038037E77DF
2015-03-02 18:28:35,883 [http-bio-8080-exec-6] [erp] [INFO] - userId: 1
2015-03-02 18:28:35,883 [http-bio-8080-exec-6] [erp] [INFO] - userName: admin
2015-03-02 18:28:35,884 [http-bio-8080-exec-6] [erp] [INFO] - ******************本次POST请求的参数如下************************
********请求toUri=/yazuo_erp/myHomePage/getComplexSysToDoLists.do**********

2015-03-02 18:28:38,222 [http-bio-8080-exec-10] [erp] [INFO] - sessionId: 44ECD1DD31A2A032E4577038037E77DF
2015-03-02 18:28:38,222 [http-bio-8080-exec-10] [erp] [INFO] - userId: 1
2015-03-02 18:28:38,222 [http-bio-8080-exec-10] [erp] [INFO] - userName: admin
2015-03-02 18:28:38,222 [http-bio-8080-exec-10] [erp] [INFO] - ******************本次POST请求的参数如下************************
********请求toUri=/yazuo_erp/myHomePage/getComplexSysToDoLists.do**********

2015-03-02 18:40:24,420 [http-bio-8080-exec-5] [erp] [INFO] - sessionId: 44ECD1DD31A2A032E4577038037E77DF
2015-03-02 18:40:24,420 [http-bio-8080-exec-5] [erp] [INFO] - userId: 1
2015-03-02 18:40:24,420 [http-bio-8080-exec-5] [erp] [INFO] - userName: admin
2015-03-02 18:40:24,420 [http-bio-8080-exec-5] [erp] [INFO] - ******************本次POST请求的参数如下************************
********请求toUri=/yazuo_erp/myHomePage/getComplexSysToDoLists.do**********

2015-03-02 18:40:25,588 [http-bio-8080-exec-8] [erp] [INFO] - sessionId: 44ECD1DD31A2A032E4577038037E77DF
2015-03-02 18:40:25,588 [http-bio-8080-exec-8] [erp] [INFO] - userId: 1
2015-03-02 18:40:25,588 [http-bio-8080-exec-8] [erp] [INFO] - userName: admin
2015-03-02 18:40:25,588 [http-bio-8080-exec-8] [erp] [INFO] - ******************本次POST请求的参数如下************************
********请求toUri=/yazuo_erp/myHomePage/getComplexSysToDoLists.do**********

2015-03-02 18:40:40,774 [http-bio-8080-exec-9] [erp] [INFO] - sessionId: 44ECD1DD31A2A032E4577038037E77DF
2015-03-02 18:40:40,775 [http-bio-8080-exec-9] [erp] [INFO] - userId: 1
2015-03-02 18:40:40,775 [http-bio-8080-exec-9] [erp] [INFO] - userName: admin
2015-03-02 18:40:40,775 [http-bio-8080-exec-9] [erp] [INFO] - ******************本次POST请求的参数如下************************
********请求toUri=/yazuo_erp/login/removeSessionUser.do**********

2015-03-02 18:40:41,846 [http-bio-8080-exec-3] [erp] [INFO] - ******************本次POST请求的参数如下************************
********请求toUri=/yazuo_erp/login/verifyMac.do**********
	参数名getParameter：tel,参数值：13521768597

2015-03-02 18:40:56,752 [http-bio-8080-exec-2] [erp] [INFO] - ******************本次POST请求的参数如下************************
********请求toUri=/yazuo_erp/login/verifyMac.do**********
	参数名getParameter：tel,参数值：15000000000

2015-03-02 18:40:56,801 [http-bio-8080-exec-1] [erp] [INFO] - ******************本次POST请求的参数如下************************
********请求toUri=/yazuo_erp/login/loginSubmit.do**********

2015-03-02 18:40:58,238 [http-bio-8080-exec-5] [erp] [INFO] - sessionId: DACAB0B3DA37428A7F0E98E010213409
2015-03-02 18:40:58,239 [http-bio-8080-exec-5] [erp] [INFO] - userId: 1
2015-03-02 18:40:58,239 [http-bio-8080-exec-5] [erp] [INFO] - userName: admin
2015-03-02 18:40:58,239 [http-bio-8080-exec-5] [erp] [INFO] - ******************本次POST请求的参数如下************************
********请求toUri=/yazuo_erp/sysProductOperation/listSysProductOperations.do**********

2015-03-02 18:41:02,678 [http-bio-8080-exec-8] [erp] [INFO] - sessionId: DACAB0B3DA37428A7F0E98E010213409
2015-03-02 18:41:02,679 [http-bio-8080-exec-9] [erp] [INFO] - sessionId: DACAB0B3DA37428A7F0E98E010213409
2015-03-02 18:41:02,679 [http-bio-8080-exec-8] [erp] [INFO] - userId: 1
2015-03-02 18:41:02,679 [http-bio-8080-exec-8] [erp] [INFO] - userName: admin
2015-03-02 18:41:02,679 [http-bio-8080-exec-8] [erp] [INFO] - ******************本次POST请求的参数如下************************
********请求toUri=/yazuo_erp/myHomePage/getComplexSysToDoLists.do**********

2015-03-02 18:41:02,683 [http-bio-8080-exec-9] [erp] [INFO] - userId: 1
2015-03-02 18:41:02,683 [http-bio-8080-exec-9] [erp] [INFO] - userName: admin
2015-03-02 18:41:02,684 [http-bio-8080-exec-9] [erp] [INFO] - ******************本次POST请求的参数如下************************
********请求toUri=/yazuo_erp/myHomePage/getComplexSynMerchants.do**********

2015-03-02 18:41:03,496 [http-bio-8080-exec-3] [erp] [INFO] - sessionId: DACAB0B3DA37428A7F0E98E010213409
2015-03-02 18:41:03,496 [http-bio-8080-exec-3] [erp] [INFO] - userId: 1
2015-03-02 18:41:03,496 [http-bio-8080-exec-3] [erp] [INFO] - userName: admin
2015-03-02 18:41:03,496 [http-bio-8080-exec-3] [erp] [INFO] - ******************本次POST请求的参数如下************************
********请求toUri=/yazuo_erp/myHomePage/getComplexSysToDoLists.do**********

2015-03-02 18:41:04,433 [http-bio-8080-exec-4] [erp] [INFO] - sessionId: DACAB0B3DA37428A7F0E98E010213409
2015-03-02 18:41:04,433 [http-bio-8080-exec-4] [erp] [INFO] - userId: 1
2015-03-02 18:41:04,434 [http-bio-8080-exec-4] [erp] [INFO] - userName: admin
2015-03-02 18:41:04,434 [http-bio-8080-exec-4] [erp] [INFO] - ******************本次POST请求的参数如下************************
********请求toUri=/yazuo_erp/myHomePage/getComplexSysToDoLists.do**********

2015-03-02 18:41:07,881 [http-bio-8080-exec-2] [erp] [INFO] - sessionId: DACAB0B3DA37428A7F0E98E010213409
2015-03-02 18:41:07,883 [http-bio-8080-exec-1] [erp] [INFO] - sessionId: DACAB0B3DA37428A7F0E98E010213409
2015-03-02 18:41:07,883 [http-bio-8080-exec-2] [erp] [INFO] - userId: 1
2015-03-02 18:41:07,883 [http-bio-8080-exec-2] [erp] [INFO] - userName: admin
2015-03-02 18:41:07,883 [http-bio-8080-exec-1] [erp] [INFO] - userId: 1
2015-03-02 18:41:07,883 [http-bio-8080-exec-1] [erp] [INFO] - userName: admin
2015-03-02 18:41:07,884 [http-bio-8080-exec-1] [erp] [INFO] - ******************本次POST请求的参数如下************************
********请求toUri=/yazuo_erp/fesOnlineProcess/listFesOnlineProcesssAfterOnline.do**********

2015-03-02 18:41:07,885 [http-bio-8080-exec-2] [erp] [INFO] - ******************本次POST请求的参数如下************************
********请求toUri=/yazuo_erp/synMerchant/getMerchantInfoByOrder.do**********

2015-03-02 18:41:13,891 [http-bio-8080-exec-5] [erp] [INFO] - sessionId: DACAB0B3DA37428A7F0E98E010213409
2015-03-02 18:41:13,891 [http-bio-8080-exec-10] [erp] [INFO] - sessionId: DACAB0B3DA37428A7F0E98E010213409
2015-03-02 18:41:13,891 [http-bio-8080-exec-10] [erp] [INFO] - userId: 1
2015-03-02 18:41:13,891 [http-bio-8080-exec-10] [erp] [INFO] - userName: admin
2015-03-02 18:41:13,891 [http-bio-8080-exec-10] [erp] [INFO] - ******************本次POST请求的参数如下************************
********请求toUri=/yazuo_erp/myHomePage/getComplexSysToDoLists.do**********

2015-03-02 18:41:13,892 [http-bio-8080-exec-5] [erp] [INFO] - userId: 1
2015-03-02 18:41:13,892 [http-bio-8080-exec-5] [erp] [INFO] - userName: admin
2015-03-02 18:41:13,892 [http-bio-8080-exec-5] [erp] [INFO] - ******************本次POST请求的参数如下************************
********请求toUri=/yazuo_erp/myHomePage/getComplexSynMerchants.do**********

2015-03-02 18:41:14,894 [http-bio-8080-exec-7] [erp] [INFO] - sessionId: DACAB0B3DA37428A7F0E98E010213409
2015-03-02 18:41:14,894 [http-bio-8080-exec-7] [erp] [INFO] - userId: 1
2015-03-02 18:41:14,895 [http-bio-8080-exec-7] [erp] [INFO] - userName: admin
2015-03-02 18:41:14,895 [http-bio-8080-exec-7] [erp] [INFO] - ******************本次POST请求的参数如下************************
********请求toUri=/yazuo_erp/myHomePage/getComplexSysToDoLists.do**********

2015-03-02 18:41:15,735 [http-bio-8080-exec-8] [erp] [INFO] - sessionId: DACAB0B3DA37428A7F0E98E010213409
2015-03-02 18:41:15,735 [http-bio-8080-exec-8] [erp] [INFO] - userId: 1
2015-03-02 18:41:15,735 [http-bio-8080-exec-8] [erp] [INFO] - userName: admin
2015-03-02 18:41:15,735 [http-bio-8080-exec-8] [erp] [INFO] - ******************本次POST请求的参数如下************************
********请求toUri=/yazuo_erp/myHomePage/getComplexSysToDoLists.do**********

2015-03-02 18:41:42,258 [http-bio-8080-exec-9] [erp] [INFO] - sessionId: DACAB0B3DA37428A7F0E98E010213409
2015-03-02 18:41:42,258 [http-bio-8080-exec-9] [erp] [INFO] - userId: 1
2015-03-02 18:41:42,259 [http-bio-8080-exec-9] [erp] [INFO] - userName: admin
2015-03-02 18:41:42,259 [http-bio-8080-exec-9] [erp] [INFO] - ******************本次POST请求的参数如下************************
********请求toUri=/yazuo_erp/myHomePage/getComplexSysToDoLists.do**********

2015-03-02 18:51:52,267 [http-bio-8080-exec-3] [erp] [INFO] - sessionId: DACAB0B3DA37428A7F0E98E010213409
2015-03-02 18:51:52,267 [http-bio-8080-exec-3] [erp] [INFO] - userId: 1
2015-03-02 18:51:52,267 [http-bio-8080-exec-3] [erp] [INFO] - userName: admin
2015-03-02 18:51:52,267 [http-bio-8080-exec-3] [erp] [INFO] - ******************本次POST请求的参数如下************************
********请求toUri=/yazuo_erp/synMerchant/getMerchantInfoByOrder.do**********

2015-03-02 18:51:52,270 [http-bio-8080-exec-4] [erp] [INFO] - sessionId: DACAB0B3DA37428A7F0E98E010213409
2015-03-02 18:51:52,270 [http-bio-8080-exec-4] [erp] [INFO] - userId: 1
2015-03-02 18:51:52,270 [http-bio-8080-exec-4] [erp] [INFO] - userName: admin
2015-03-02 18:51:52,270 [http-bio-8080-exec-4] [erp] [INFO] - ******************本次POST请求的参数如下************************
********请求toUri=/yazuo_erp/fesOnlineProcess/listFesOnlineProcesssAfterOnline.do**********

2015-03-02 18:52:00,714 [http-bio-8080-exec-1] [erp] [INFO] - sessionId: DACAB0B3DA37428A7F0E98E010213409
2015-03-02 18:52:00,714 [http-bio-8080-exec-1] [erp] [INFO] - userId: 1
2015-03-02 18:52:00,715 [http-bio-8080-exec-1] [erp] [INFO] - userName: admin
2015-03-02 18:52:00,715 [http-bio-8080-exec-1] [erp] [INFO] - ******************本次POST请求的参数如下************************
********请求toUri=/yazuo_erp/synMembershipCard/listSynMembershipCards.do**********
	参数名getParameter：pageNumber,参数值：1
	参数名getParameter：pageSize,参数值：10000
	参数名getParameter：merchantId,参数值：10578

2015-03-02 18:52:19,157 [http-bio-8080-exec-5] [erp] [INFO] - sessionId: DACAB0B3DA37428A7F0E98E010213409
2015-03-02 18:52:19,158 [http-bio-8080-exec-5] [erp] [INFO] - userId: 1
2015-03-02 18:52:19,158 [http-bio-8080-exec-5] [erp] [INFO] - userName: admin
2015-03-02 18:52:19,158 [http-bio-8080-exec-5] [erp] [INFO] - ******************本次POST请求的参数如下************************
********请求toUri=/yazuo_erp/synMerchant/getMerchantInfoByOrder.do**********

2015-03-02 18:52:19,169 [http-bio-8080-exec-7] [erp] [INFO] - sessionId: DACAB0B3DA37428A7F0E98E010213409
2015-03-02 18:52:19,169 [http-bio-8080-exec-7] [erp] [INFO] - userId: 1
2015-03-02 18:52:19,169 [http-bio-8080-exec-7] [erp] [INFO] - userName: admin
2015-03-02 18:52:19,169 [http-bio-8080-exec-7] [erp] [INFO] - ******************本次POST请求的参数如下************************
********请求toUri=/yazuo_erp/fesOnlineProcess/listFesOnlineProcesssAfterOnline.do**********

2015-03-02 19:00:37,785 [http-bio-8080-exec-9] [erp] [INFO] - sessionId: DACAB0B3DA37428A7F0E98E010213409
2015-03-02 19:00:37,786 [http-bio-8080-exec-9] [erp] [INFO] - userId: 1
2015-03-02 19:00:37,786 [http-bio-8080-exec-9] [erp] [INFO] - userName: admin
2015-03-02 19:00:37,786 [http-bio-8080-exec-9] [erp] [INFO] - ******************本次POST请求的参数如下************************
********请求toUri=/yazuo_erp/myHomePage/getComplexSysToDoLists.do**********

2015-03-02 19:00:39,036 [http-bio-8080-exec-4] [erp] [INFO] - sessionId: DACAB0B3DA37428A7F0E98E010213409
2015-03-02 19:00:39,036 [http-bio-8080-exec-4] [erp] [INFO] - userId: 1
2015-03-02 19:00:39,036 [http-bio-8080-exec-4] [erp] [INFO] - userName: admin
2015-03-02 19:00:39,036 [http-bio-8080-exec-4] [erp] [INFO] - ******************本次POST请求的参数如下************************
********请求toUri=/yazuo_erp/myHomePage/getComplexSysToDoLists.do**********

2015-03-02 19:00:39,036 [http-bio-8080-exec-3] [erp] [INFO] - sessionId: DACAB0B3DA37428A7F0E98E010213409
2015-03-02 19:00:39,036 [http-bio-8080-exec-3] [erp] [INFO] - userId: 1
2015-03-02 19:00:39,036 [http-bio-8080-exec-3] [erp] [INFO] - userName: admin
2015-03-02 19:00:39,036 [http-bio-8080-exec-3] [erp] [INFO] - ******************本次POST请求的参数如下************************
********请求toUri=/yazuo_erp/myHomePage/getComplexSynMerchants.do**********

2015-03-02 19:00:40,177 [http-bio-8080-exec-1] [erp] [INFO] - sessionId: DACAB0B3DA37428A7F0E98E010213409
2015-03-02 19:00:40,178 [http-bio-8080-exec-1] [erp] [INFO] - userId: 1
2015-03-02 19:00:40,178 [http-bio-8080-exec-1] [erp] [INFO] - userName: admin
2015-03-02 19:00:40,178 [http-bio-8080-exec-1] [erp] [INFO] - ******************本次POST请求的参数如下************************
********请求toUri=/yazuo_erp/myHomePage/getComplexSysToDoLists.do**********

2015-03-02 19:00:42,147 [http-bio-8080-exec-2] [erp] [INFO] - sessionId: DACAB0B3DA37428A7F0E98E010213409
2015-03-02 19:00:42,148 [http-bio-8080-exec-2] [erp] [INFO] - userId: 1
2015-03-02 19:00:42,148 [http-bio-8080-exec-2] [erp] [INFO] - userName: admin
2015-03-02 19:00:42,148 [http-bio-8080-exec-2] [erp] [INFO] - ******************本次POST请求的参数如下************************
********请求toUri=/yazuo_erp/myHomePage/getComplexSysToDoLists.do**********

2015-03-02 19:00:43,426 [http-bio-8080-exec-10] [erp] [INFO] - sessionId: DACAB0B3DA37428A7F0E98E010213409
2015-03-02 19:00:43,426 [http-bio-8080-exec-10] [erp] [INFO] - userId: 1
2015-03-02 19:00:43,426 [http-bio-8080-exec-10] [erp] [INFO] - userName: admin
2015-03-02 19:00:43,426 [http-bio-8080-exec-10] [erp] [INFO] - ******************本次POST请求的参数如下************************
********请求toUri=/yazuo_erp/synMerchant/getMerchantInfoByOrder.do**********

2015-03-02 19:00:43,428 [http-bio-8080-exec-8] [erp] [INFO] - sessionId: DACAB0B3DA37428A7F0E98E010213409
2015-03-02 19:00:43,428 [http-bio-8080-exec-8] [erp] [INFO] - userId: 1
2015-03-02 19:00:43,428 [http-bio-8080-exec-8] [erp] [INFO] - userName: admin
2015-03-02 19:00:43,428 [http-bio-8080-exec-8] [erp] [INFO] - ******************本次POST请求的参数如下************************
********请求toUri=/yazuo_erp/fesOnlineProcess/listFesOnlineProcesssAfterOnline.do**********

2015-03-02 19:00:45,578 [http-bio-8080-exec-6] [erp] [INFO] - sessionId: DACAB0B3DA37428A7F0E98E010213409
2015-03-02 19:00:45,578 [http-bio-8080-exec-5] [erp] [INFO] - sessionId: DACAB0B3DA37428A7F0E98E010213409
2015-03-02 19:00:45,578 [http-bio-8080-exec-5] [erp] [INFO] - userId: 1
2015-03-02 19:00:45,578 [http-bio-8080-exec-6] [erp] [INFO] - userId: 1
2015-03-02 19:00:45,578 [http-bio-8080-exec-5] [erp] [INFO] - userName: admin
2015-03-02 19:00:45,578 [http-bio-8080-exec-6] [erp] [INFO] - userName: admin
2015-03-02 19:00:45,578 [http-bio-8080-exec-5] [erp] [INFO] - ******************本次POST请求的参数如下************************
********请求toUri=/yazuo_erp/myHomePage/getComplexSysToDoLists.do**********

2015-03-02 19:00:45,578 [http-bio-8080-exec-6] [erp] [INFO] - ******************本次POST请求的参数如下************************
********请求toUri=/yazuo_erp/myHomePage/getComplexSynMerchants.do**********

2015-03-02 19:00:46,742 [http-bio-8080-exec-9] [erp] [INFO] - sessionId: DACAB0B3DA37428A7F0E98E010213409
2015-03-02 19:00:46,742 [http-bio-8080-exec-9] [erp] [INFO] - userId: 1
2015-03-02 19:00:46,742 [http-bio-8080-exec-9] [erp] [INFO] - userName: admin
2015-03-02 19:00:46,742 [http-bio-8080-exec-9] [erp] [INFO] - ******************本次POST请求的参数如下************************
********请求toUri=/yazuo_erp/myHomePage/getComplexSysToDoLists.do**********

2015-03-02 19:00:47,506 [http-bio-8080-exec-4] [erp] [INFO] - sessionId: DACAB0B3DA37428A7F0E98E010213409
2015-03-02 19:00:47,506 [http-bio-8080-exec-4] [erp] [INFO] - userId: 1
2015-03-02 19:00:47,506 [http-bio-8080-exec-4] [erp] [INFO] - userName: admin
2015-03-02 19:00:47,506 [http-bio-8080-exec-4] [erp] [INFO] - ******************本次POST请求的参数如下************************
********请求toUri=/yazuo_erp/myHomePage/getComplexSysToDoLists.do**********

