2015-03-03 13:54:12,396 [http-bio-8080-exec-5] [erp] [INFO] - ******************本次POST请求的参数如下************************
********请求toUri=/yazuo_erp/login/verifyMac.do**********
	参数名getParameter：tel,参数值：15000000000

2015-03-03 13:54:12,897 [http-bio-8080-exec-6] [erp] [INFO] - ******************本次POST请求的参数如下************************
********请求toUri=/yazuo_erp/login/loginSubmit.do**********

2015-03-03 13:54:14,877 [http-bio-8080-exec-9] [erp] [INFO] - sessionId: B4E0E552E3B085E25FA43D13F86133E0
2015-03-03 13:54:14,878 [http-bio-8080-exec-9] [erp] [INFO] - userId: 1
2015-03-03 13:54:14,878 [http-bio-8080-exec-9] [erp] [INFO] - userName: admin
2015-03-03 13:54:14,878 [http-bio-8080-exec-9] [erp] [INFO] - ******************本次POST请求的参数如下************************
********请求toUri=/yazuo_erp/sysProductOperation/listSysProductOperations.do**********

2015-03-03 13:54:58,203 [http-bio-8080-exec-1] [erp] [INFO] - sessionId: B4E0E552E3B085E25FA43D13F86133E0
2015-03-03 13:54:58,203 [http-bio-8080-exec-1] [erp] [INFO] - userId: 1
2015-03-03 13:54:58,203 [http-bio-8080-exec-1] [erp] [INFO] - userName: admin
2015-03-03 13:54:58,203 [http-bio-8080-exec-1] [erp] [INFO] - ******************本次POST请求的参数如下************************
********请求toUri=/yazuo_erp/synMerchant/updateSynMerchantForOnline.do**********

2015-03-03 13:59:20,803 [http-bio-8080-exec-2] [erp] [INFO] - sessionId: B4E0E552E3B085E25FA43D13F86133E0
2015-03-03 13:59:20,803 [http-bio-8080-exec-2] [erp] [INFO] - userId: 1
2015-03-03 13:59:20,803 [http-bio-8080-exec-2] [erp] [INFO] - userName: admin
2015-03-03 13:59:20,803 [http-bio-8080-exec-2] [erp] [INFO] - ******************本次POST请求的参数如下************************
********请求toUri=/yazuo_erp/besRequirement/listBesReqConditions.do**********

2015-03-03 13:59:20,819 [http-bio-8080-exec-3] [erp] [INFO] - sessionId: B4E0E552E3B085E25FA43D13F86133E0
2015-03-03 13:59:20,819 [http-bio-8080-exec-3] [erp] [INFO] - userId: 1
2015-03-03 13:59:20,819 [http-bio-8080-exec-3] [erp] [INFO] - userName: admin
2015-03-03 13:59:20,819 [http-bio-8080-exec-3] [erp] [INFO] - ******************本次POST请求的参数如下************************
********请求toUri=/yazuo_erp/besRequirement/listBesRequirements.do**********

2015-03-03 13:59:23,830 [http-bio-8080-exec-5] [erp] [INFO] - sessionId: B4E0E552E3B085E25FA43D13F86133E0
2015-03-03 13:59:23,830 [http-bio-8080-exec-6] [erp] [INFO] - sessionId: B4E0E552E3B085E25FA43D13F86133E0
2015-03-03 13:59:23,831 [http-bio-8080-exec-5] [erp] [INFO] - userId: 1
2015-03-03 13:59:23,831 [http-bio-8080-exec-6] [erp] [INFO] - userId: 1
2015-03-03 13:59:23,831 [http-bio-8080-exec-5] [erp] [INFO] - userName: admin
2015-03-03 13:59:23,831 [http-bio-8080-exec-6] [erp] [INFO] - userName: admin
2015-03-03 13:59:23,831 [http-bio-8080-exec-5] [erp] [INFO] - ******************本次POST请求的参数如下************************
********请求toUri=/yazuo_erp/myHomePage/getComplexSysToDoLists.do**********

2015-03-03 13:59:23,831 [http-bio-8080-exec-6] [erp] [INFO] - ******************本次POST请求的参数如下************************
********请求toUri=/yazuo_erp/myHomePage/getComplexSynMerchants.do**********

2015-03-03 13:59:25,251 [http-bio-8080-exec-7] [erp] [INFO] - sessionId: B4E0E552E3B085E25FA43D13F86133E0
2015-03-03 13:59:25,251 [http-bio-8080-exec-7] [erp] [INFO] - userId: 1
2015-03-03 13:59:25,251 [http-bio-8080-exec-7] [erp] [INFO] - userName: admin
2015-03-03 13:59:25,251 [http-bio-8080-exec-7] [erp] [INFO] - ******************本次POST请求的参数如下************************
********请求toUri=/yazuo_erp/myHomePage/getComplexSynMerchants.do**********

2015-03-03 14:06:05,071 [http-bio-8080-exec-8] [erp] [INFO] - sessionId: B4E0E552E3B085E25FA43D13F86133E0
2015-03-03 14:06:05,080 [http-bio-8080-exec-8] [erp] [INFO] - userId: 1
2015-03-03 14:06:05,081 [http-bio-8080-exec-8] [erp] [INFO] - userName: admin
2015-03-03 14:06:05,081 [http-bio-8080-exec-8] [erp] [INFO] - ******************本次POST请求的参数如下************************
********请求toUri=/yazuo_erp/myHomePage/getComplexSynMerchants.do**********

2015-03-03 14:06:05,090 [http-bio-8080-exec-9] [erp] [INFO] - sessionId: B4E0E552E3B085E25FA43D13F86133E0
2015-03-03 14:06:05,091 [http-bio-8080-exec-9] [erp] [INFO] - userId: 1
2015-03-03 14:06:05,091 [http-bio-8080-exec-9] [erp] [INFO] - userName: admin
2015-03-03 14:06:05,091 [http-bio-8080-exec-9] [erp] [INFO] - ******************本次POST请求的参数如下************************
********请求toUri=/yazuo_erp/myHomePage/getComplexSysToDoLists.do**********

2015-03-03 14:06:24,794 [http-bio-8080-exec-10] [erp] [INFO] - sessionId: B4E0E552E3B085E25FA43D13F86133E0
2015-03-03 14:06:24,794 [http-bio-8080-exec-10] [erp] [INFO] - userId: 1
2015-03-03 14:06:24,794 [http-bio-8080-exec-10] [erp] [INFO] - userName: admin
2015-03-03 14:06:24,794 [http-bio-8080-exec-10] [erp] [INFO] - ******************本次POST请求的参数如下************************
********请求toUri=/yazuo_erp/myHomePage/getComplexSynMerchants.do**********

2015-03-03 14:06:40,559 [http-bio-8080-exec-1] [erp] [INFO] - sessionId: B4E0E552E3B085E25FA43D13F86133E0
2015-03-03 14:06:40,559 [http-bio-8080-exec-1] [erp] [INFO] - userId: 1
2015-03-03 14:06:40,559 [http-bio-8080-exec-1] [erp] [INFO] - userName: admin
2015-03-03 14:06:40,560 [http-bio-8080-exec-1] [erp] [INFO] - ******************本次POST请求的参数如下************************
********请求toUri=/yazuo_erp/fesPlan/queryFesPlanList.do**********

2015-03-03 14:06:40,615 [http-bio-8080-exec-2] [erp] [INFO] - sessionId: B4E0E552E3B085E25FA43D13F86133E0
2015-03-03 14:06:40,615 [http-bio-8080-exec-2] [erp] [INFO] - userId: 1
2015-03-03 14:06:40,615 [http-bio-8080-exec-2] [erp] [INFO] - userName: admin
2015-03-03 14:06:40,615 [http-bio-8080-exec-2] [erp] [INFO] - ******************本次POST请求的参数如下************************
********请求toUri=/yazuo_erp/health/getHealthDegreeByMerchantId.do**********

2015-03-03 14:06:40,615 [http-bio-8080-exec-4] [erp] [INFO] - sessionId: B4E0E552E3B085E25FA43D13F86133E0
2015-03-03 14:06:40,616 [http-bio-8080-exec-5] [erp] [INFO] - sessionId: B4E0E552E3B085E25FA43D13F86133E0
2015-03-03 14:06:40,616 [http-bio-8080-exec-5] [erp] [INFO] - userId: 1
2015-03-03 14:06:40,616 [http-bio-8080-exec-4] [erp] [INFO] - userId: 1
2015-03-03 14:06:40,616 [http-bio-8080-exec-5] [erp] [INFO] - userName: admin
2015-03-03 14:06:40,616 [http-bio-8080-exec-5] [erp] [INFO] - ******************本次POST请求的参数如下************************
********请求toUri=/yazuo_erp/report/getMonthMerchantSummary.do**********

2015-03-03 14:06:40,619 [http-bio-8080-exec-4] [erp] [INFO] - userName: admin
2015-03-03 14:06:40,619 [http-bio-8080-exec-4] [erp] [INFO] - ******************本次POST请求的参数如下************************
********请求toUri=/yazuo_erp/synMerchant/getMerchantInfoByOrder.do**********

2015-03-03 14:06:40,626 [http-bio-8080-exec-3] [erp] [INFO] - sessionId: B4E0E552E3B085E25FA43D13F86133E0
2015-03-03 14:06:40,626 [http-bio-8080-exec-3] [erp] [INFO] - userId: 1
2015-03-03 14:06:40,626 [http-bio-8080-exec-3] [erp] [INFO] - userName: admin
2015-03-03 14:06:40,626 [http-bio-8080-exec-3] [erp] [INFO] - ******************本次POST请求的参数如下************************
********请求toUri=/yazuo_erp/activity/listNoneReadRemind.do**********
	参数名getParameter：merchantId,参数值：1763

2015-03-03 14:07:11,486 [http-bio-8080-exec-8] [erp] [INFO] - sessionId: B4E0E552E3B085E25FA43D13F86133E0
2015-03-03 14:07:11,486 [http-bio-8080-exec-8] [erp] [INFO] - userId: 1
2015-03-03 14:07:11,486 [http-bio-8080-exec-8] [erp] [INFO] - userName: admin
2015-03-03 14:07:11,486 [http-bio-8080-exec-8] [erp] [INFO] - ******************本次POST请求的参数如下************************
********请求toUri=/yazuo_erp/myHomePage/getComplexSynMerchants.do**********

2015-03-03 14:07:11,487 [http-bio-8080-exec-10] [erp] [INFO] - sessionId: B4E0E552E3B085E25FA43D13F86133E0
2015-03-03 14:07:11,487 [http-bio-8080-exec-10] [erp] [INFO] - userId: 1
2015-03-03 14:07:11,487 [http-bio-8080-exec-10] [erp] [INFO] - userName: admin
2015-03-03 14:07:11,487 [http-bio-8080-exec-10] [erp] [INFO] - ******************本次POST请求的参数如下************************
********请求toUri=/yazuo_erp/myHomePage/getComplexSysToDoLists.do**********

2015-03-03 14:07:14,562 [http-bio-8080-exec-1] [erp] [INFO] - sessionId: B4E0E552E3B085E25FA43D13F86133E0
2015-03-03 14:07:14,563 [http-bio-8080-exec-1] [erp] [INFO] - userId: 1
2015-03-03 14:07:14,563 [http-bio-8080-exec-1] [erp] [INFO] - userName: admin
2015-03-03 14:07:14,563 [http-bio-8080-exec-1] [erp] [INFO] - ******************本次POST请求的参数如下************************
********请求toUri=/yazuo_erp/fesPlan/queryFesPlanList.do**********

2015-03-03 14:07:14,659 [http-bio-8080-exec-7] [erp] [INFO] - sessionId: B4E0E552E3B085E25FA43D13F86133E0
2015-03-03 14:07:14,660 [http-bio-8080-exec-7] [erp] [INFO] - userId: 1
2015-03-03 14:07:14,660 [http-bio-8080-exec-7] [erp] [INFO] - userName: admin
2015-03-03 14:07:14,660 [http-bio-8080-exec-7] [erp] [INFO] - ******************本次POST请求的参数如下************************
********请求toUri=/yazuo_erp/report/getMonthMerchantSummary.do**********

2015-03-03 14:07:14,662 [http-bio-8080-exec-2] [erp] [INFO] - sessionId: B4E0E552E3B085E25FA43D13F86133E0
2015-03-03 14:07:14,663 [http-bio-8080-exec-2] [erp] [INFO] - userId: 1
2015-03-03 14:07:14,664 [http-bio-8080-exec-2] [erp] [INFO] - userName: admin
2015-03-03 14:07:14,664 [http-bio-8080-exec-2] [erp] [INFO] - ******************本次POST请求的参数如下************************
********请求toUri=/yazuo_erp/health/getHealthDegreeByMerchantId.do**********

2015-03-03 14:07:14,665 [http-bio-8080-exec-6] [erp] [INFO] - sessionId: B4E0E552E3B085E25FA43D13F86133E0
2015-03-03 14:07:14,670 [http-bio-8080-exec-6] [erp] [INFO] - userId: 1
2015-03-03 14:07:14,670 [http-bio-8080-exec-6] [erp] [INFO] - userName: admin
2015-03-03 14:07:14,671 [http-bio-8080-exec-6] [erp] [INFO] - ******************本次POST请求的参数如下************************
********请求toUri=/yazuo_erp/synMerchant/getMerchantInfoByOrder.do**********

2015-03-03 14:07:14,699 [http-bio-8080-exec-3] [erp] [INFO] - sessionId: B4E0E552E3B085E25FA43D13F86133E0
2015-03-03 14:07:14,700 [http-bio-8080-exec-3] [erp] [INFO] - userId: 1
2015-03-03 14:07:14,700 [http-bio-8080-exec-3] [erp] [INFO] - userName: admin
2015-03-03 14:07:14,700 [http-bio-8080-exec-3] [erp] [INFO] - ******************本次POST请求的参数如下************************
********请求toUri=/yazuo_erp/activity/listNoneReadRemind.do**********
	参数名getParameter：merchantId,参数值：1763

2015-03-03 14:07:16,982 [http-bio-8080-exec-10] [erp] [INFO] - sessionId: B4E0E552E3B085E25FA43D13F86133E0
2015-03-03 14:07:16,982 [http-bio-8080-exec-10] [erp] [INFO] - userId: 1
2015-03-03 14:07:16,982 [http-bio-8080-exec-10] [erp] [INFO] - userName: admin
2015-03-03 14:07:16,982 [http-bio-8080-exec-10] [erp] [INFO] - ******************本次POST请求的参数如下************************
********请求toUri=/yazuo_erp/synMerchant/loadMerchantInfo.do**********

2015-03-03 14:07:31,749 [http-bio-8080-exec-9] [erp] [INFO] - sessionId: B4E0E552E3B085E25FA43D13F86133E0
2015-03-03 14:07:31,749 [http-bio-8080-exec-9] [erp] [INFO] - userId: 1
2015-03-03 14:07:31,749 [http-bio-8080-exec-9] [erp] [INFO] - userName: admin
2015-03-03 14:07:31,749 [http-bio-8080-exec-9] [erp] [INFO] - ******************本次POST请求的参数如下************************
********请求toUri=/yazuo_erp/myHomePage/getComplexSysToDoLists.do**********

2015-03-03 14:07:31,749 [http-bio-8080-exec-1] [erp] [INFO] - sessionId: B4E0E552E3B085E25FA43D13F86133E0
2015-03-03 14:07:31,749 [http-bio-8080-exec-1] [erp] [INFO] - userId: 1
2015-03-03 14:07:31,749 [http-bio-8080-exec-1] [erp] [INFO] - userName: admin
2015-03-03 14:07:31,750 [http-bio-8080-exec-1] [erp] [INFO] - ******************本次POST请求的参数如下************************
********请求toUri=/yazuo_erp/myHomePage/getComplexSynMerchants.do**********

2015-03-03 14:07:42,683 [http-bio-8080-exec-3] [erp] [INFO] - sessionId: B4E0E552E3B085E25FA43D13F86133E0
2015-03-03 14:07:42,683 [http-bio-8080-exec-3] [erp] [INFO] - userId: 1
2015-03-03 14:07:42,683 [http-bio-8080-exec-3] [erp] [INFO] - userName: admin
2015-03-03 14:07:42,683 [http-bio-8080-exec-3] [erp] [INFO] - ******************本次POST请求的参数如下************************
********请求toUri=/yazuo_erp/myHomePage/getComplexSynMerchants.do**********

2015-03-03 15:42:07,315 [http-bio-8080-exec-5] [erp] [INFO] - ******************本次POST请求的参数如下************************
********请求toUri=/yazuo_erp/login/verifyMac.do**********
	参数名getParameter：tel,参数值：15000000000

2015-03-03 15:42:07,797 [http-bio-8080-exec-6] [erp] [INFO] - ******************本次POST请求的参数如下************************
********请求toUri=/yazuo_erp/login/loginSubmit.do**********

2015-03-03 15:42:09,850 [http-bio-8080-exec-9] [erp] [INFO] - sessionId: CC869F51E2E8183D91A7FE4A5D594425
2015-03-03 15:42:09,851 [http-bio-8080-exec-9] [erp] [INFO] - userId: 1
2015-03-03 15:42:09,851 [http-bio-8080-exec-9] [erp] [INFO] - userName: admin
2015-03-03 15:42:09,859 [http-bio-8080-exec-9] [erp] [INFO] - ******************本次POST请求的参数如下************************
********请求toUri=/yazuo_erp/sysProductOperation/listSysProductOperations.do**********

2015-03-03 15:42:28,886 [http-bio-8080-exec-10] [erp] [INFO] - sessionId: CC869F51E2E8183D91A7FE4A5D594425
2015-03-03 15:42:28,886 [http-bio-8080-exec-10] [erp] [INFO] - userId: 1
2015-03-03 15:42:28,886 [http-bio-8080-exec-10] [erp] [INFO] - userName: admin
2015-03-03 15:42:28,886 [http-bio-8080-exec-10] [erp] [INFO] - ******************本次POST请求的参数如下************************
********请求toUri=/yazuo_erp/synMerchant/updateSynMerchantForOnline.do**********

2015-03-03 15:55:18,164 [http-bio-8080-exec-1] [erp] [INFO] - sessionId: CC869F51E2E8183D91A7FE4A5D594425
2015-03-03 15:55:18,164 [http-bio-8080-exec-1] [erp] [INFO] - userId: 1
2015-03-03 15:55:18,164 [http-bio-8080-exec-1] [erp] [INFO] - userName: admin
2015-03-03 15:55:18,164 [http-bio-8080-exec-1] [erp] [INFO] - ******************本次POST请求的参数如下************************
********请求toUri=/yazuo_erp/synMerchant/updateSynMerchantForOnline.do**********

2015-03-03 15:56:24,973 [http-bio-8080-exec-2] [erp] [INFO] - sessionId: CC869F51E2E8183D91A7FE4A5D594425
2015-03-03 15:56:24,974 [http-bio-8080-exec-2] [erp] [INFO] - userId: 1
2015-03-03 15:56:24,974 [http-bio-8080-exec-2] [erp] [INFO] - userName: admin
2015-03-03 15:56:24,974 [http-bio-8080-exec-2] [erp] [INFO] - ******************本次POST请求的参数如下************************
********请求toUri=/yazuo_erp/synMerchant/updateSynMerchantForOnline.do**********

2015-03-03 16:21:12,340 [http-bio-8080-exec-3] [erp] [INFO] - sessionId: CC869F51E2E8183D91A7FE4A5D594425
2015-03-03 16:21:12,340 [http-bio-8080-exec-3] [erp] [INFO] - userId: 1
2015-03-03 16:21:12,340 [http-bio-8080-exec-3] [erp] [INFO] - userName: admin
2015-03-03 16:21:12,341 [http-bio-8080-exec-3] [erp] [INFO] - ******************本次POST请求的参数如下************************
********请求toUri=/yazuo_erp/synMerchant/updateSynMerchantForOnline.do**********

2015-03-03 16:23:47,329 [http-bio-8080-exec-4] [erp] [INFO] - sessionId: CC869F51E2E8183D91A7FE4A5D594425
2015-03-03 16:23:47,330 [http-bio-8080-exec-4] [erp] [INFO] - userId: 1
2015-03-03 16:23:47,330 [http-bio-8080-exec-4] [erp] [INFO] - userName: admin
2015-03-03 16:23:47,330 [http-bio-8080-exec-4] [erp] [INFO] - ******************本次POST请求的参数如下************************
********请求toUri=/yazuo_erp/synMerchant/updateSynMerchantForOnline.do**********

2015-03-03 16:24:40,707 [http-bio-8080-exec-5] [erp] [INFO] - sessionId: CC869F51E2E8183D91A7FE4A5D594425
2015-03-03 16:24:40,708 [http-bio-8080-exec-5] [erp] [INFO] - userId: 1
2015-03-03 16:24:40,708 [http-bio-8080-exec-5] [erp] [INFO] - userName: admin
2015-03-03 16:24:40,708 [http-bio-8080-exec-5] [erp] [INFO] - ******************本次POST请求的参数如下************************
********请求toUri=/yazuo_erp/synMerchant/updateSynMerchantForOnline.do**********

2015-03-03 16:25:09,106 [http-bio-8080-exec-6] [erp] [INFO] - sessionId: CC869F51E2E8183D91A7FE4A5D594425
2015-03-03 16:25:09,106 [http-bio-8080-exec-6] [erp] [INFO] - userId: 1
2015-03-03 16:25:09,106 [http-bio-8080-exec-6] [erp] [INFO] - userName: admin
2015-03-03 16:25:09,106 [http-bio-8080-exec-6] [erp] [INFO] - ******************本次POST请求的参数如下************************
********请求toUri=/yazuo_erp/synMerchant/updateSynMerchantForOnline.do**********

2015-03-03 16:26:01,165 [http-bio-8080-exec-7] [erp] [INFO] - sessionId: CC869F51E2E8183D91A7FE4A5D594425
2015-03-03 16:26:01,165 [http-bio-8080-exec-7] [erp] [INFO] - userId: 1
2015-03-03 16:26:01,166 [http-bio-8080-exec-7] [erp] [INFO] - userName: admin
2015-03-03 16:26:01,166 [http-bio-8080-exec-7] [erp] [INFO] - ******************本次POST请求的参数如下************************
********请求toUri=/yazuo_erp/synMerchant/updateSynMerchantForOnline.do**********

2015-03-03 16:34:06,904 [http-bio-8080-exec-8] [erp] [INFO] - sessionId: CC869F51E2E8183D91A7FE4A5D594425
2015-03-03 16:34:06,905 [http-bio-8080-exec-8] [erp] [INFO] - userId: 1
2015-03-03 16:34:06,905 [http-bio-8080-exec-8] [erp] [INFO] - userName: admin
2015-03-03 16:34:06,905 [http-bio-8080-exec-8] [erp] [INFO] - ******************本次POST请求的参数如下************************
********请求toUri=/yazuo_erp/synMerchant/updateSynMerchantForOnline.do**********

2015-03-03 17:01:16,746 [http-bio-8080-exec-10] [erp] [INFO] - sessionId: CC869F51E2E8183D91A7FE4A5D594425
2015-03-03 17:01:16,746 [http-bio-8080-exec-9] [erp] [INFO] - sessionId: CC869F51E2E8183D91A7FE4A5D594425
2015-03-03 17:01:16,747 [http-bio-8080-exec-10] [erp] [INFO] - userId: 1
2015-03-03 17:01:16,747 [http-bio-8080-exec-9] [erp] [INFO] - userId: 1
2015-03-03 17:01:16,747 [http-bio-8080-exec-10] [erp] [INFO] - userName: admin
2015-03-03 17:01:16,747 [http-bio-8080-exec-9] [erp] [INFO] - userName: admin
2015-03-03 17:01:16,747 [http-bio-8080-exec-10] [erp] [INFO] - ******************本次POST请求的参数如下************************
********请求toUri=/yazuo_erp/myHomePage/getComplexSysToDoLists.do**********

2015-03-03 17:01:16,747 [http-bio-8080-exec-9] [erp] [INFO] - ******************本次POST请求的参数如下************************
********请求toUri=/yazuo_erp/myHomePage/getComplexSynMerchants.do**********

2015-03-03 17:01:19,840 [http-bio-8080-exec-2] [erp] [INFO] - sessionId: CC869F51E2E8183D91A7FE4A5D594425
2015-03-03 17:01:19,840 [http-bio-8080-exec-2] [erp] [INFO] - userId: 1
2015-03-03 17:01:19,840 [http-bio-8080-exec-2] [erp] [INFO] - userName: admin
2015-03-03 17:01:19,840 [http-bio-8080-exec-2] [erp] [INFO] - ******************本次POST请求的参数如下************************
********请求toUri=/yazuo_erp/myHomePage/getComplexSynMerchants.do**********

2015-03-03 17:02:40,427 [http-bio-8080-exec-3] [erp] [INFO] - sessionId: CC869F51E2E8183D91A7FE4A5D594425
2015-03-03 17:02:40,427 [http-bio-8080-exec-3] [erp] [INFO] - userId: 1
2015-03-03 17:02:40,427 [http-bio-8080-exec-3] [erp] [INFO] - userName: admin
2015-03-03 17:02:40,427 [http-bio-8080-exec-3] [erp] [INFO] - ******************本次POST请求的参数如下************************
********请求toUri=/yazuo_erp/myHomePage/getComplexSynMerchants.do**********

2015-03-03 17:18:10,790 [http-bio-8080-exec-4] [erp] [INFO] - sessionId: CC869F51E2E8183D91A7FE4A5D594425
2015-03-03 17:18:10,790 [http-bio-8080-exec-5] [erp] [INFO] - sessionId: CC869F51E2E8183D91A7FE4A5D594425
2015-03-03 17:18:10,790 [http-bio-8080-exec-5] [erp] [INFO] - userId: 1
2015-03-03 17:18:10,790 [http-bio-8080-exec-4] [erp] [INFO] - userId: 1
2015-03-03 17:18:10,790 [http-bio-8080-exec-5] [erp] [INFO] - userName: admin
2015-03-03 17:18:10,790 [http-bio-8080-exec-4] [erp] [INFO] - userName: admin
2015-03-03 17:18:10,790 [http-bio-8080-exec-5] [erp] [INFO] - ******************本次POST请求的参数如下************************
********请求toUri=/yazuo_erp/myHomePage/getComplexSynMerchants.do**********

2015-03-03 17:18:10,793 [http-bio-8080-exec-4] [erp] [INFO] - ******************本次POST请求的参数如下************************
********请求toUri=/yazuo_erp/myHomePage/getComplexSysToDoLists.do**********

2015-03-03 17:18:11,655 [http-bio-8080-exec-6] [erp] [INFO] - sessionId: CC869F51E2E8183D91A7FE4A5D594425
2015-03-03 17:18:11,656 [http-bio-8080-exec-6] [erp] [INFO] - userId: 1
2015-03-03 17:18:11,656 [http-bio-8080-exec-6] [erp] [INFO] - userName: admin
2015-03-03 17:18:11,656 [http-bio-8080-exec-6] [erp] [INFO] - ******************本次POST请求的参数如下************************
********请求toUri=/yazuo_erp/myHomePage/getComplexSysToDoLists.do**********

2015-03-03 17:18:12,935 [http-bio-8080-exec-7] [erp] [INFO] - sessionId: CC869F51E2E8183D91A7FE4A5D594425
2015-03-03 17:18:12,935 [http-bio-8080-exec-7] [erp] [INFO] - userId: 1
2015-03-03 17:18:12,935 [http-bio-8080-exec-7] [erp] [INFO] - userName: admin
2015-03-03 17:18:12,935 [http-bio-8080-exec-7] [erp] [INFO] - ******************本次POST请求的参数如下************************
********请求toUri=/yazuo_erp/myHomePage/getComplexSysToDoLists.do**********

2015-03-03 17:18:19,818 [http-bio-8080-exec-8] [erp] [INFO] - sessionId: CC869F51E2E8183D91A7FE4A5D594425
2015-03-03 17:18:19,818 [http-bio-8080-exec-8] [erp] [INFO] - userId: 1
2015-03-03 17:18:19,818 [http-bio-8080-exec-8] [erp] [INFO] - userName: admin
2015-03-03 17:18:19,818 [http-bio-8080-exec-8] [erp] [INFO] - ******************本次POST请求的参数如下************************
********请求toUri=/yazuo_erp/synMerchant/getMerchantInfoByOrder.do**********

2015-03-03 17:18:19,822 [http-bio-8080-exec-1] [erp] [INFO] - sessionId: CC869F51E2E8183D91A7FE4A5D594425
2015-03-03 17:18:19,822 [http-bio-8080-exec-1] [erp] [INFO] - userId: 1
2015-03-03 17:18:19,822 [http-bio-8080-exec-1] [erp] [INFO] - userName: admin
2015-03-03 17:18:19,822 [http-bio-8080-exec-1] [erp] [INFO] - ******************本次POST请求的参数如下************************
********请求toUri=/yazuo_erp/fesOnlineProcess/listFesOnlineProcesssAfterOnline.do**********

2015-03-03 17:18:28,459 [http-bio-8080-exec-2] [erp] [INFO] - sessionId: CC869F51E2E8183D91A7FE4A5D594425
2015-03-03 17:18:28,459 [http-bio-8080-exec-2] [erp] [INFO] - userId: 1
2015-03-03 17:18:28,459 [http-bio-8080-exec-2] [erp] [INFO] - userName: admin
2015-03-03 17:18:28,459 [http-bio-8080-exec-2] [erp] [INFO] - ******************本次POST请求的参数如下************************
********请求toUri=/yazuo_erp/myHomePage/getComplexSynMerchants.do**********

2015-03-03 17:18:28,726 [http-bio-8080-exec-9] [erp] [INFO] - sessionId: CC869F51E2E8183D91A7FE4A5D594425
2015-03-03 17:18:28,726 [http-bio-8080-exec-9] [erp] [INFO] - userId: 1
2015-03-03 17:18:28,726 [http-bio-8080-exec-9] [erp] [INFO] - userName: admin
2015-03-03 17:18:28,726 [http-bio-8080-exec-9] [erp] [INFO] - ******************本次POST请求的参数如下************************
********请求toUri=/yazuo_erp/myHomePage/getComplexSysToDoLists.do**********

2015-03-03 17:18:29,298 [http-bio-8080-exec-3] [erp] [INFO] - sessionId: CC869F51E2E8183D91A7FE4A5D594425
2015-03-03 17:18:29,298 [http-bio-8080-exec-3] [erp] [INFO] - userId: 1
2015-03-03 17:18:29,298 [http-bio-8080-exec-3] [erp] [INFO] - userName: admin
2015-03-03 17:18:29,298 [http-bio-8080-exec-3] [erp] [INFO] - ******************本次POST请求的参数如下************************
********请求toUri=/yazuo_erp/myHomePage/getComplexSysToDoLists.do**********

2015-03-03 17:18:30,809 [http-bio-8080-exec-4] [erp] [INFO] - sessionId: CC869F51E2E8183D91A7FE4A5D594425
2015-03-03 17:18:30,810 [http-bio-8080-exec-4] [erp] [INFO] - userId: 1
2015-03-03 17:18:30,810 [http-bio-8080-exec-4] [erp] [INFO] - userName: admin
2015-03-03 17:18:30,810 [http-bio-8080-exec-4] [erp] [INFO] - ******************本次POST请求的参数如下************************
********请求toUri=/yazuo_erp/myHomePage/getComplexSysToDoLists.do**********

2015-03-03 17:18:37,886 [http-bio-8080-exec-5] [erp] [INFO] - sessionId: CC869F51E2E8183D91A7FE4A5D594425
2015-03-03 17:18:37,886 [http-bio-8080-exec-5] [erp] [INFO] - userId: 1
2015-03-03 17:18:37,886 [http-bio-8080-exec-5] [erp] [INFO] - userName: admin
2015-03-03 17:18:37,886 [http-bio-8080-exec-5] [erp] [INFO] - ******************本次POST请求的参数如下************************
********请求toUri=/yazuo_erp/synMerchant/getMerchantInfoByOrder.do**********

2015-03-03 17:18:37,887 [http-bio-8080-exec-6] [erp] [INFO] - sessionId: CC869F51E2E8183D91A7FE4A5D594425
2015-03-03 17:18:37,887 [http-bio-8080-exec-6] [erp] [INFO] - userId: 1
2015-03-03 17:18:37,887 [http-bio-8080-exec-6] [erp] [INFO] - userName: admin
2015-03-03 17:18:37,887 [http-bio-8080-exec-6] [erp] [INFO] - ******************本次POST请求的参数如下************************
********请求toUri=/yazuo_erp/fesOnlineProcess/listFesOnlineProcesssAfterOnline.do**********

2015-03-03 17:19:09,326 [http-bio-8080-exec-1] [erp] [INFO] - sessionId: CC869F51E2E8183D91A7FE4A5D594425
2015-03-03 17:19:09,326 [http-bio-8080-exec-1] [erp] [INFO] - userId: 1
2015-03-03 17:19:09,326 [http-bio-8080-exec-1] [erp] [INFO] - userName: admin
2015-03-03 17:19:09,326 [http-bio-8080-exec-1] [erp] [INFO] - ******************本次POST请求的参数如下************************
********请求toUri=/yazuo_erp/myHomePage/getComplexSynMerchants.do**********

2015-03-03 17:19:09,482 [http-bio-8080-exec-10] [erp] [INFO] - sessionId: CC869F51E2E8183D91A7FE4A5D594425
2015-03-03 17:19:09,482 [http-bio-8080-exec-10] [erp] [INFO] - userId: 1
2015-03-03 17:19:09,482 [http-bio-8080-exec-10] [erp] [INFO] - userName: admin
2015-03-03 17:19:09,482 [http-bio-8080-exec-10] [erp] [INFO] - ******************本次POST请求的参数如下************************
********请求toUri=/yazuo_erp/myHomePage/getComplexSysToDoLists.do**********

2015-03-03 17:19:10,202 [http-bio-8080-exec-8] [erp] [INFO] - sessionId: CC869F51E2E8183D91A7FE4A5D594425
2015-03-03 17:19:10,202 [http-bio-8080-exec-8] [erp] [INFO] - userId: 1
2015-03-03 17:19:10,202 [http-bio-8080-exec-8] [erp] [INFO] - userName: admin
2015-03-03 17:19:10,203 [http-bio-8080-exec-8] [erp] [INFO] - ******************本次POST请求的参数如下************************
********请求toUri=/yazuo_erp/myHomePage/getComplexSysToDoLists.do**********

2015-03-03 17:19:18,325 [http-bio-8080-exec-9] [erp] [INFO] - sessionId: CC869F51E2E8183D91A7FE4A5D594425
2015-03-03 17:19:18,325 [http-bio-8080-exec-9] [erp] [INFO] - userId: 1
2015-03-03 17:19:18,325 [http-bio-8080-exec-9] [erp] [INFO] - userName: admin
2015-03-03 17:19:18,325 [http-bio-8080-exec-9] [erp] [INFO] - ******************本次POST请求的参数如下************************
********请求toUri=/yazuo_erp/myHomePage/getComplexSysToDoLists.do**********

2015-03-03 17:19:24,713 [http-bio-8080-exec-2] [erp] [INFO] - sessionId: CC869F51E2E8183D91A7FE4A5D594425
2015-03-03 17:19:24,714 [http-bio-8080-exec-2] [erp] [INFO] - userId: 1
2015-03-03 17:19:24,714 [http-bio-8080-exec-2] [erp] [INFO] - userName: admin
2015-03-03 17:19:24,714 [http-bio-8080-exec-2] [erp] [INFO] - ******************本次POST请求的参数如下************************
********请求toUri=/yazuo_erp/synMerchant/getMerchantInfoByOrder.do**********

2015-03-03 17:19:24,718 [http-bio-8080-exec-3] [erp] [INFO] - sessionId: CC869F51E2E8183D91A7FE4A5D594425
2015-03-03 17:19:24,718 [http-bio-8080-exec-3] [erp] [INFO] - userId: 1
2015-03-03 17:19:24,718 [http-bio-8080-exec-3] [erp] [INFO] - userName: admin
2015-03-03 17:19:24,718 [http-bio-8080-exec-3] [erp] [INFO] - ******************本次POST请求的参数如下************************
********请求toUri=/yazuo_erp/fesOnlineProcess/listFesOnlineProcesssAfterOnline.do**********

2015-03-03 17:19:31,086 [http-bio-8080-exec-7] [erp] [INFO] - sessionId: CC869F51E2E8183D91A7FE4A5D594425
2015-03-03 17:19:31,086 [http-bio-8080-exec-7] [erp] [INFO] - userId: 1
2015-03-03 17:19:31,086 [http-bio-8080-exec-7] [erp] [INFO] - userName: admin
2015-03-03 17:19:31,086 [http-bio-8080-exec-7] [erp] [INFO] - ******************本次POST请求的参数如下************************
********请求toUri=/yazuo_erp/myHomePage/getComplexSysToDoLists.do**********

2015-03-03 17:19:31,090 [http-bio-8080-exec-6] [erp] [INFO] - sessionId: CC869F51E2E8183D91A7FE4A5D594425
2015-03-03 17:19:31,091 [http-bio-8080-exec-6] [erp] [INFO] - userId: 1
2015-03-03 17:19:31,091 [http-bio-8080-exec-6] [erp] [INFO] - userName: admin
2015-03-03 17:19:31,091 [http-bio-8080-exec-6] [erp] [INFO] - ******************本次POST请求的参数如下************************
********请求toUri=/yazuo_erp/myHomePage/getComplexSynMerchants.do**********

2015-03-03 17:19:31,944 [http-bio-8080-exec-5] [erp] [INFO] - sessionId: CC869F51E2E8183D91A7FE4A5D594425
2015-03-03 17:19:31,944 [http-bio-8080-exec-5] [erp] [INFO] - userId: 1
2015-03-03 17:19:31,944 [http-bio-8080-exec-5] [erp] [INFO] - userName: admin
2015-03-03 17:19:31,944 [http-bio-8080-exec-5] [erp] [INFO] - ******************本次POST请求的参数如下************************
********请求toUri=/yazuo_erp/myHomePage/getComplexSysToDoLists.do**********

2015-03-03 17:19:32,742 [http-bio-8080-exec-10] [erp] [INFO] - sessionId: CC869F51E2E8183D91A7FE4A5D594425
2015-03-03 17:19:32,743 [http-bio-8080-exec-10] [erp] [INFO] - userId: 1
2015-03-03 17:19:32,743 [http-bio-8080-exec-10] [erp] [INFO] - userName: admin
2015-03-03 17:19:32,743 [http-bio-8080-exec-10] [erp] [INFO] - ******************本次POST请求的参数如下************************
********请求toUri=/yazuo_erp/myHomePage/getComplexSysToDoLists.do**********

2015-03-03 17:19:36,225 [http-bio-8080-exec-1] [erp] [INFO] - sessionId: CC869F51E2E8183D91A7FE4A5D594425
2015-03-03 17:19:36,225 [http-bio-8080-exec-1] [erp] [INFO] - userId: 1
2015-03-03 17:19:36,225 [http-bio-8080-exec-1] [erp] [INFO] - userName: admin
2015-03-03 17:19:36,225 [http-bio-8080-exec-1] [erp] [INFO] - ******************本次POST请求的参数如下************************
********请求toUri=/yazuo_erp/synMerchant/getMerchantInfoByOrder.do**********

2015-03-03 17:19:36,227 [http-bio-8080-exec-8] [erp] [INFO] - sessionId: CC869F51E2E8183D91A7FE4A5D594425
2015-03-03 17:19:36,227 [http-bio-8080-exec-8] [erp] [INFO] - userId: 1
2015-03-03 17:19:36,227 [http-bio-8080-exec-8] [erp] [INFO] - userName: admin
2015-03-03 17:19:36,227 [http-bio-8080-exec-8] [erp] [INFO] - ******************本次POST请求的参数如下************************
********请求toUri=/yazuo_erp/fesOnlineProcess/listFesOnlineProcesssAfterOnline.do**********

2015-03-03 17:19:50,626 [http-bio-8080-exec-4] [erp] [INFO] - sessionId: CC869F51E2E8183D91A7FE4A5D594425
2015-03-03 17:19:50,626 [http-bio-8080-exec-4] [erp] [INFO] - userId: 1
2015-03-03 17:19:50,626 [http-bio-8080-exec-4] [erp] [INFO] - userName: admin
2015-03-03 17:19:50,627 [http-bio-8080-exec-4] [erp] [INFO] - ******************本次POST请求的参数如下************************
********请求toUri=/yazuo_erp/myHomePage/getComplexSysToDoLists.do**********

2015-03-03 17:19:50,628 [http-bio-8080-exec-3] [erp] [INFO] - sessionId: CC869F51E2E8183D91A7FE4A5D594425
2015-03-03 17:19:50,628 [http-bio-8080-exec-3] [erp] [INFO] - userId: 1
2015-03-03 17:19:50,628 [http-bio-8080-exec-3] [erp] [INFO] - userName: admin
2015-03-03 17:19:50,629 [http-bio-8080-exec-3] [erp] [INFO] - ******************本次POST请求的参数如下************************
********请求toUri=/yazuo_erp/myHomePage/getComplexSynMerchants.do**********

2015-03-03 17:19:55,235 [http-bio-8080-exec-2] [erp] [INFO] - sessionId: CC869F51E2E8183D91A7FE4A5D594425
2015-03-03 17:19:55,236 [http-bio-8080-exec-2] [erp] [INFO] - userId: 1
2015-03-03 17:19:55,236 [http-bio-8080-exec-2] [erp] [INFO] - userName: admin
2015-03-03 17:19:55,236 [http-bio-8080-exec-2] [erp] [INFO] - ******************本次POST请求的参数如下************************
********请求toUri=/yazuo_erp/myHomePage/getComplexSysToDoLists.do**********

2015-03-03 17:19:59,262 [http-bio-8080-exec-7] [erp] [INFO] - sessionId: CC869F51E2E8183D91A7FE4A5D594425
2015-03-03 17:19:59,262 [http-bio-8080-exec-7] [erp] [INFO] - userId: 1
2015-03-03 17:19:59,263 [http-bio-8080-exec-7] [erp] [INFO] - userName: admin
2015-03-03 17:19:59,263 [http-bio-8080-exec-7] [erp] [INFO] - ******************本次POST请求的参数如下************************
********请求toUri=/yazuo_erp/myHomePage/getComplexSysToDoLists.do**********

2015-03-03 17:20:34,004 [http-bio-8080-exec-6] [erp] [INFO] - sessionId: CC869F51E2E8183D91A7FE4A5D594425
2015-03-03 17:20:34,004 [http-bio-8080-exec-6] [erp] [INFO] - userId: 1
2015-03-03 17:20:34,005 [http-bio-8080-exec-6] [erp] [INFO] - userName: admin
2015-03-03 17:20:34,005 [http-bio-8080-exec-6] [erp] [INFO] - ******************本次POST请求的参数如下************************
********请求toUri=/yazuo_erp/synMerchant/getMerchantInfoByOrder.do**********

2015-03-03 17:20:34,007 [http-bio-8080-exec-5] [erp] [INFO] - sessionId: CC869F51E2E8183D91A7FE4A5D594425
2015-03-03 17:20:34,007 [http-bio-8080-exec-5] [erp] [INFO] - userId: 1
2015-03-03 17:20:34,007 [http-bio-8080-exec-5] [erp] [INFO] - userName: admin
2015-03-03 17:20:34,007 [http-bio-8080-exec-5] [erp] [INFO] - ******************本次POST请求的参数如下************************
********请求toUri=/yazuo_erp/fesOnlineProcess/listFesOnlineProcesssAfterOnline.do**********

2015-03-03 17:21:39,428 [http-bio-8080-exec-8] [erp] [INFO] - sessionId: CC869F51E2E8183D91A7FE4A5D594425
2015-03-03 17:21:39,428 [http-bio-8080-exec-9] [erp] [INFO] - sessionId: CC869F51E2E8183D91A7FE4A5D594425
2015-03-03 17:21:39,428 [http-bio-8080-exec-9] [erp] [INFO] - userId: 1
2015-03-03 17:21:39,428 [http-bio-8080-exec-8] [erp] [INFO] - userId: 1
2015-03-03 17:21:39,428 [http-bio-8080-exec-9] [erp] [INFO] - userName: admin
2015-03-03 17:21:39,428 [http-bio-8080-exec-8] [erp] [INFO] - userName: admin
2015-03-03 17:21:39,428 [http-bio-8080-exec-9] [erp] [INFO] - ******************本次POST请求的参数如下************************
********请求toUri=/yazuo_erp/myHomePage/getComplexSysToDoLists.do**********

2015-03-03 17:21:39,428 [http-bio-8080-exec-8] [erp] [INFO] - ******************本次POST请求的参数如下************************
********请求toUri=/yazuo_erp/myHomePage/getComplexSynMerchants.do**********

2015-03-03 17:21:47,584 [http-bio-8080-exec-1] [erp] [INFO] - sessionId: CC869F51E2E8183D91A7FE4A5D594425
2015-03-03 17:21:47,584 [http-bio-8080-exec-1] [erp] [INFO] - userId: 1
2015-03-03 17:21:47,584 [http-bio-8080-exec-1] [erp] [INFO] - userName: admin
2015-03-03 17:21:47,584 [http-bio-8080-exec-1] [erp] [INFO] - ******************本次POST请求的参数如下************************
********请求toUri=/yazuo_erp/myHomePage/getComplexSysToDoLists.do**********

2015-03-03 17:21:48,454 [http-bio-8080-exec-4] [erp] [INFO] - sessionId: CC869F51E2E8183D91A7FE4A5D594425
2015-03-03 17:21:48,454 [http-bio-8080-exec-4] [erp] [INFO] - userId: 1
2015-03-03 17:21:48,454 [http-bio-8080-exec-4] [erp] [INFO] - userName: admin
2015-03-03 17:21:48,454 [http-bio-8080-exec-4] [erp] [INFO] - ******************本次POST请求的参数如下************************
********请求toUri=/yazuo_erp/myHomePage/getComplexSysToDoLists.do**********

2015-03-03 17:21:54,648 [http-bio-8080-exec-3] [erp] [INFO] - sessionId: CC869F51E2E8183D91A7FE4A5D594425
2015-03-03 17:21:54,648 [http-bio-8080-exec-3] [erp] [INFO] - userId: 1
2015-03-03 17:21:54,648 [http-bio-8080-exec-3] [erp] [INFO] - userName: admin
2015-03-03 17:21:54,648 [http-bio-8080-exec-3] [erp] [INFO] - ******************本次POST请求的参数如下************************
********请求toUri=/yazuo_erp/myHomePage/getComplexSysToDoLists.do**********

2015-03-03 17:21:56,430 [http-bio-8080-exec-2] [erp] [INFO] - sessionId: CC869F51E2E8183D91A7FE4A5D594425
2015-03-03 17:21:56,430 [http-bio-8080-exec-2] [erp] [INFO] - userId: 1
2015-03-03 17:21:56,431 [http-bio-8080-exec-2] [erp] [INFO] - userName: admin
2015-03-03 17:21:56,431 [http-bio-8080-exec-2] [erp] [INFO] - ******************本次POST请求的参数如下************************
********请求toUri=/yazuo_erp/synMerchant/getMerchantInfoByOrder.do**********

2015-03-03 17:21:56,431 [http-bio-8080-exec-7] [erp] [INFO] - sessionId: CC869F51E2E8183D91A7FE4A5D594425
2015-03-03 17:21:56,431 [http-bio-8080-exec-7] [erp] [INFO] - userId: 1
2015-03-03 17:21:56,431 [http-bio-8080-exec-7] [erp] [INFO] - userName: admin
2015-03-03 17:21:56,431 [http-bio-8080-exec-7] [erp] [INFO] - ******************本次POST请求的参数如下************************
********请求toUri=/yazuo_erp/fesOnlineProcess/listFesOnlineProcesssAfterOnline.do**********

2015-03-03 17:21:59,425 [http-bio-8080-exec-5] [erp] [INFO] - sessionId: CC869F51E2E8183D91A7FE4A5D594425
2015-03-03 17:21:59,425 [http-bio-8080-exec-5] [erp] [INFO] - userId: 1
2015-03-03 17:21:59,425 [http-bio-8080-exec-5] [erp] [INFO] - userName: admin
2015-03-03 17:21:59,425 [http-bio-8080-exec-5] [erp] [INFO] - ******************本次POST请求的参数如下************************
********请求toUri=/yazuo_erp/myHomePage/getComplexSysToDoLists.do**********

2015-03-03 17:21:59,426 [http-bio-8080-exec-6] [erp] [INFO] - sessionId: CC869F51E2E8183D91A7FE4A5D594425
2015-03-03 17:21:59,426 [http-bio-8080-exec-6] [erp] [INFO] - userId: 1
2015-03-03 17:21:59,426 [http-bio-8080-exec-6] [erp] [INFO] - userName: admin
2015-03-03 17:21:59,426 [http-bio-8080-exec-6] [erp] [INFO] - ******************本次POST请求的参数如下************************
********请求toUri=/yazuo_erp/myHomePage/getComplexSynMerchants.do**********

2015-03-03 17:22:01,559 [http-bio-8080-exec-9] [erp] [INFO] - sessionId: CC869F51E2E8183D91A7FE4A5D594425
2015-03-03 17:22:01,560 [http-bio-8080-exec-9] [erp] [INFO] - userId: 1
2015-03-03 17:22:01,560 [http-bio-8080-exec-9] [erp] [INFO] - userName: admin
2015-03-03 17:22:01,560 [http-bio-8080-exec-9] [erp] [INFO] - ******************本次POST请求的参数如下************************
********请求toUri=/yazuo_erp/myHomePage/getComplexSysToDoLists.do**********

2015-03-03 17:22:02,614 [http-bio-8080-exec-8] [erp] [INFO] - sessionId: CC869F51E2E8183D91A7FE4A5D594425
2015-03-03 17:22:02,614 [http-bio-8080-exec-8] [erp] [INFO] - userId: 1
2015-03-03 17:22:02,614 [http-bio-8080-exec-8] [erp] [INFO] - userName: admin
2015-03-03 17:22:02,614 [http-bio-8080-exec-8] [erp] [INFO] - ******************本次POST请求的参数如下************************
********请求toUri=/yazuo_erp/myHomePage/getComplexSysToDoLists.do**********

2015-03-03 17:22:05,630 [http-bio-8080-exec-1] [erp] [INFO] - sessionId: CC869F51E2E8183D91A7FE4A5D594425
2015-03-03 17:22:05,630 [http-bio-8080-exec-1] [erp] [INFO] - userId: 1
2015-03-03 17:22:05,630 [http-bio-8080-exec-1] [erp] [INFO] - userName: admin
2015-03-03 17:22:05,630 [http-bio-8080-exec-1] [erp] [INFO] - ******************本次POST请求的参数如下************************
********请求toUri=/yazuo_erp/myHomePage/getComplexSysToDoLists.do**********

2015-03-03 17:22:09,583 [http-bio-8080-exec-4] [erp] [INFO] - sessionId: CC869F51E2E8183D91A7FE4A5D594425
2015-03-03 17:22:09,583 [http-bio-8080-exec-4] [erp] [INFO] - userId: 1
2015-03-03 17:22:09,583 [http-bio-8080-exec-4] [erp] [INFO] - userName: admin
2015-03-03 17:22:09,583 [http-bio-8080-exec-4] [erp] [INFO] - ******************本次POST请求的参数如下************************
********请求toUri=/yazuo_erp/myHomePage/getComplexSysToDoLists.do**********

2015-03-03 17:22:11,521 [http-bio-8080-exec-10] [erp] [INFO] - sessionId: CC869F51E2E8183D91A7FE4A5D594425
2015-03-03 17:22:11,521 [http-bio-8080-exec-10] [erp] [INFO] - userId: 1
2015-03-03 17:22:11,521 [http-bio-8080-exec-10] [erp] [INFO] - userName: admin
2015-03-03 17:22:11,521 [http-bio-8080-exec-10] [erp] [INFO] - ******************本次POST请求的参数如下************************
********请求toUri=/yazuo_erp/fesOnlineProcess/listFesOnlineProcesssAfterOnline.do**********

2015-03-03 17:22:11,523 [http-bio-8080-exec-3] [erp] [INFO] - sessionId: CC869F51E2E8183D91A7FE4A5D594425
2015-03-03 17:22:11,524 [http-bio-8080-exec-3] [erp] [INFO] - userId: 1
2015-03-03 17:22:11,524 [http-bio-8080-exec-3] [erp] [INFO] - userName: admin
2015-03-03 17:22:11,524 [http-bio-8080-exec-3] [erp] [INFO] - ******************本次POST请求的参数如下************************
********请求toUri=/yazuo_erp/synMerchant/getMerchantInfoByOrder.do**********

2015-03-03 17:22:19,352 [http-bio-8080-exec-2] [erp] [INFO] - sessionId: CC869F51E2E8183D91A7FE4A5D594425
2015-03-03 17:22:19,352 [http-bio-8080-exec-2] [erp] [INFO] - userId: 1
2015-03-03 17:22:19,352 [http-bio-8080-exec-2] [erp] [INFO] - userName: admin
2015-03-03 17:22:19,352 [http-bio-8080-exec-2] [erp] [INFO] - ******************本次POST请求的参数如下************************
********请求toUri=/yazuo_erp/myHomePage/getComplexSysToDoLists.do**********

2015-03-03 17:22:19,352 [http-bio-8080-exec-5] [erp] [INFO] - sessionId: CC869F51E2E8183D91A7FE4A5D594425
2015-03-03 17:22:19,352 [http-bio-8080-exec-5] [erp] [INFO] - userId: 1
2015-03-03 17:22:19,352 [http-bio-8080-exec-5] [erp] [INFO] - userName: admin
2015-03-03 17:22:19,352 [http-bio-8080-exec-5] [erp] [INFO] - ******************本次POST请求的参数如下************************
********请求toUri=/yazuo_erp/myHomePage/getComplexSynMerchants.do**********

2015-03-03 17:22:22,459 [http-bio-8080-exec-6] [erp] [INFO] - sessionId: CC869F51E2E8183D91A7FE4A5D594425
2015-03-03 17:22:22,460 [http-bio-8080-exec-6] [erp] [INFO] - userId: 1
2015-03-03 17:22:22,460 [http-bio-8080-exec-6] [erp] [INFO] - userName: admin
2015-03-03 17:22:22,460 [http-bio-8080-exec-6] [erp] [INFO] - ******************本次POST请求的参数如下************************
********请求toUri=/yazuo_erp/myHomePage/getComplexSysToDoLists.do**********

2015-03-03 17:22:38,515 [http-bio-8080-exec-9] [erp] [INFO] - sessionId: CC869F51E2E8183D91A7FE4A5D594425
2015-03-03 17:22:38,515 [http-bio-8080-exec-9] [erp] [INFO] - userId: 1
2015-03-03 17:22:38,515 [http-bio-8080-exec-9] [erp] [INFO] - userName: admin
2015-03-03 17:22:38,515 [http-bio-8080-exec-9] [erp] [INFO] - ******************本次POST请求的参数如下************************
********请求toUri=/yazuo_erp/myHomePage/getComplexSysToDoLists.do**********

2015-03-03 17:23:45,118 [http-bio-8080-exec-8] [erp] [INFO] - sessionId: CC869F51E2E8183D91A7FE4A5D594425
2015-03-03 17:23:45,118 [http-bio-8080-exec-8] [erp] [INFO] - userId: 1
2015-03-03 17:23:45,118 [http-bio-8080-exec-8] [erp] [INFO] - userName: admin
2015-03-03 17:23:45,118 [http-bio-8080-exec-8] [erp] [INFO] - ******************本次POST请求的参数如下************************
********请求toUri=/yazuo_erp/myHomePage/getComplexSysToDoLists.do**********

2015-03-03 17:23:51,113 [http-bio-8080-exec-1] [erp] [INFO] - sessionId: CC869F51E2E8183D91A7FE4A5D594425
2015-03-03 17:23:51,114 [http-bio-8080-exec-1] [erp] [INFO] - userId: 1
2015-03-03 17:23:51,114 [http-bio-8080-exec-1] [erp] [INFO] - userName: admin
2015-03-03 17:23:51,115 [http-bio-8080-exec-4] [erp] [INFO] - sessionId: CC869F51E2E8183D91A7FE4A5D594425
2015-03-03 17:23:51,115 [http-bio-8080-exec-4] [erp] [INFO] - userId: 1
2015-03-03 17:23:51,115 [http-bio-8080-exec-4] [erp] [INFO] - userName: admin
2015-03-03 17:23:51,115 [http-bio-8080-exec-4] [erp] [INFO] - ******************本次POST请求的参数如下************************
********请求toUri=/yazuo_erp/fesOnlineProcess/listFesOnlineProcesssAfterOnline.do**********

2015-03-03 17:23:51,115 [http-bio-8080-exec-1] [erp] [INFO] - ******************本次POST请求的参数如下************************
********请求toUri=/yazuo_erp/synMerchant/getMerchantInfoByOrder.do**********

2015-03-03 17:24:01,060 [http-bio-8080-exec-10] [erp] [INFO] - sessionId: CC869F51E2E8183D91A7FE4A5D594425
2015-03-03 17:24:01,060 [http-bio-8080-exec-3] [erp] [INFO] - sessionId: CC869F51E2E8183D91A7FE4A5D594425
2015-03-03 17:24:01,060 [http-bio-8080-exec-3] [erp] [INFO] - userId: 1
2015-03-03 17:24:01,060 [http-bio-8080-exec-10] [erp] [INFO] - userId: 1
2015-03-03 17:24:01,060 [http-bio-8080-exec-3] [erp] [INFO] - userName: admin
2015-03-03 17:24:01,060 [http-bio-8080-exec-10] [erp] [INFO] - userName: admin
2015-03-03 17:24:01,060 [http-bio-8080-exec-3] [erp] [INFO] - ******************本次POST请求的参数如下************************
********请求toUri=/yazuo_erp/myHomePage/getComplexSynMerchants.do**********

2015-03-03 17:24:01,060 [http-bio-8080-exec-10] [erp] [INFO] - ******************本次POST请求的参数如下************************
********请求toUri=/yazuo_erp/myHomePage/getComplexSysToDoLists.do**********

2015-03-03 17:24:02,217 [http-bio-8080-exec-2] [erp] [INFO] - sessionId: CC869F51E2E8183D91A7FE4A5D594425
2015-03-03 17:24:02,217 [http-bio-8080-exec-2] [erp] [INFO] - userId: 1
2015-03-03 17:24:02,217 [http-bio-8080-exec-2] [erp] [INFO] - userName: admin
2015-03-03 17:24:02,217 [http-bio-8080-exec-2] [erp] [INFO] - ******************本次POST请求的参数如下************************
********请求toUri=/yazuo_erp/myHomePage/getComplexSysToDoLists.do**********

2015-03-03 17:24:03,182 [http-bio-8080-exec-5] [erp] [INFO] - sessionId: CC869F51E2E8183D91A7FE4A5D594425
2015-03-03 17:24:03,182 [http-bio-8080-exec-5] [erp] [INFO] - userId: 1
2015-03-03 17:24:03,183 [http-bio-8080-exec-5] [erp] [INFO] - userName: admin
2015-03-03 17:24:03,183 [http-bio-8080-exec-5] [erp] [INFO] - ******************本次POST请求的参数如下************************
********请求toUri=/yazuo_erp/myHomePage/getComplexSysToDoLists.do**********

2015-03-03 17:24:11,598 [http-bio-8080-exec-6] [erp] [INFO] - sessionId: CC869F51E2E8183D91A7FE4A5D594425
2015-03-03 17:24:11,598 [http-bio-8080-exec-6] [erp] [INFO] - userId: 1
2015-03-03 17:24:11,598 [http-bio-8080-exec-9] [erp] [INFO] - sessionId: CC869F51E2E8183D91A7FE4A5D594425
2015-03-03 17:24:11,598 [http-bio-8080-exec-6] [erp] [INFO] - userName: admin
2015-03-03 17:24:11,598 [http-bio-8080-exec-9] [erp] [INFO] - userId: 1
2015-03-03 17:24:11,598 [http-bio-8080-exec-6] [erp] [INFO] - ******************本次POST请求的参数如下************************
********请求toUri=/yazuo_erp/synMerchant/getMerchantInfoByOrder.do**********

2015-03-03 17:24:11,598 [http-bio-8080-exec-9] [erp] [INFO] - userName: admin
2015-03-03 17:24:11,598 [http-bio-8080-exec-9] [erp] [INFO] - ******************本次POST请求的参数如下************************
********请求toUri=/yazuo_erp/fesOnlineProcess/listFesOnlineProcesssAfterOnline.do**********

2015-03-03 17:24:18,806 [http-bio-8080-exec-7] [erp] [INFO] - sessionId: CC869F51E2E8183D91A7FE4A5D594425
2015-03-03 17:24:18,807 [http-bio-8080-exec-7] [erp] [INFO] - userId: 1
2015-03-03 17:24:18,807 [http-bio-8080-exec-7] [erp] [INFO] - userName: admin
2015-03-03 17:24:18,807 [http-bio-8080-exec-7] [erp] [INFO] - ******************本次POST请求的参数如下************************
********请求toUri=/yazuo_erp/myHomePage/getComplexSysToDoLists.do**********

2015-03-03 17:24:18,807 [http-bio-8080-exec-4] [erp] [INFO] - sessionId: CC869F51E2E8183D91A7FE4A5D594425
2015-03-03 17:24:18,807 [http-bio-8080-exec-4] [erp] [INFO] - userId: 1
2015-03-03 17:24:18,807 [http-bio-8080-exec-4] [erp] [INFO] - userName: admin
2015-03-03 17:24:18,807 [http-bio-8080-exec-4] [erp] [INFO] - ******************本次POST请求的参数如下************************
********请求toUri=/yazuo_erp/myHomePage/getComplexSynMerchants.do**********

2015-03-03 17:24:19,884 [http-bio-8080-exec-1] [erp] [INFO] - sessionId: CC869F51E2E8183D91A7FE4A5D594425
2015-03-03 17:24:19,884 [http-bio-8080-exec-1] [erp] [INFO] - userId: 1
2015-03-03 17:24:19,884 [http-bio-8080-exec-1] [erp] [INFO] - userName: admin
2015-03-03 17:24:19,885 [http-bio-8080-exec-1] [erp] [INFO] - ******************本次POST请求的参数如下************************
********请求toUri=/yazuo_erp/myHomePage/getComplexSysToDoLists.do**********

2015-03-03 17:24:20,593 [http-bio-8080-exec-10] [erp] [INFO] - sessionId: CC869F51E2E8183D91A7FE4A5D594425
2015-03-03 17:24:20,593 [http-bio-8080-exec-10] [erp] [INFO] - userId: 1
2015-03-03 17:24:20,593 [http-bio-8080-exec-10] [erp] [INFO] - userName: admin
2015-03-03 17:24:20,593 [http-bio-8080-exec-10] [erp] [INFO] - ******************本次POST请求的参数如下************************
********请求toUri=/yazuo_erp/myHomePage/getComplexSysToDoLists.do**********

2015-03-03 17:24:26,218 [http-bio-8080-exec-3] [erp] [INFO] - sessionId: CC869F51E2E8183D91A7FE4A5D594425
2015-03-03 17:24:26,218 [http-bio-8080-exec-2] [erp] [INFO] - sessionId: CC869F51E2E8183D91A7FE4A5D594425
2015-03-03 17:24:26,218 [http-bio-8080-exec-2] [erp] [INFO] - userId: 1
2015-03-03 17:24:26,218 [http-bio-8080-exec-3] [erp] [INFO] - userId: 1
2015-03-03 17:24:26,218 [http-bio-8080-exec-2] [erp] [INFO] - userName: admin
2015-03-03 17:24:26,218 [http-bio-8080-exec-3] [erp] [INFO] - userName: admin
2015-03-03 17:24:26,218 [http-bio-8080-exec-2] [erp] [INFO] - ******************本次POST请求的参数如下************************
********请求toUri=/yazuo_erp/fesOnlineProcess/listFesOnlineProcesssAfterOnline.do**********

2015-03-03 17:24:26,218 [http-bio-8080-exec-3] [erp] [INFO] - ******************本次POST请求的参数如下************************
********请求toUri=/yazuo_erp/synMerchant/getMerchantInfoByOrder.do**********

2015-03-03 17:33:47,558 [http-bio-8080-exec-8] [erp] [INFO] - sessionId: CC869F51E2E8183D91A7FE4A5D594425
2015-03-03 17:33:47,558 [http-bio-8080-exec-6] [erp] [INFO] - sessionId: CC869F51E2E8183D91A7FE4A5D594425
2015-03-03 17:33:47,558 [http-bio-8080-exec-6] [erp] [INFO] - userId: 1
2015-03-03 17:33:47,558 [http-bio-8080-exec-8] [erp] [INFO] - userId: 1
2015-03-03 17:33:47,558 [http-bio-8080-exec-6] [erp] [INFO] - userName: admin
2015-03-03 17:33:47,558 [http-bio-8080-exec-8] [erp] [INFO] - userName: admin
2015-03-03 17:33:47,558 [http-bio-8080-exec-6] [erp] [INFO] - ******************本次POST请求的参数如下************************
********请求toUri=/yazuo_erp/myHomePage/getComplexSynMerchants.do**********

2015-03-03 17:33:47,558 [http-bio-8080-exec-8] [erp] [INFO] - ******************本次POST请求的参数如下************************
********请求toUri=/yazuo_erp/myHomePage/getComplexSysToDoLists.do**********

2015-03-03 17:33:48,375 [http-bio-8080-exec-9] [erp] [INFO] - sessionId: CC869F51E2E8183D91A7FE4A5D594425
2015-03-03 17:33:48,375 [http-bio-8080-exec-9] [erp] [INFO] - userId: 1
2015-03-03 17:33:48,375 [http-bio-8080-exec-9] [erp] [INFO] - userName: admin
2015-03-03 17:33:48,375 [http-bio-8080-exec-9] [erp] [INFO] - ******************本次POST请求的参数如下************************
********请求toUri=/yazuo_erp/myHomePage/getComplexSysToDoLists.do**********

2015-03-03 17:33:52,664 [http-bio-8080-exec-7] [erp] [INFO] - sessionId: CC869F51E2E8183D91A7FE4A5D594425
2015-03-03 17:33:52,664 [http-bio-8080-exec-7] [erp] [INFO] - userId: 1
2015-03-03 17:33:52,664 [http-bio-8080-exec-7] [erp] [INFO] - userName: admin
2015-03-03 17:33:52,664 [http-bio-8080-exec-7] [erp] [INFO] - ******************本次POST请求的参数如下************************
********请求toUri=/yazuo_erp/myHomePage/getComplexSysToDoLists.do**********

2015-03-03 17:34:06,543 [http-bio-8080-exec-4] [erp] [INFO] - sessionId: CC869F51E2E8183D91A7FE4A5D594425
2015-03-03 17:34:06,543 [http-bio-8080-exec-1] [erp] [INFO] - sessionId: CC869F51E2E8183D91A7FE4A5D594425
2015-03-03 17:34:06,544 [http-bio-8080-exec-1] [erp] [INFO] - userId: 1
2015-03-03 17:34:06,544 [http-bio-8080-exec-4] [erp] [INFO] - userId: 1
2015-03-03 17:34:06,544 [http-bio-8080-exec-1] [erp] [INFO] - userName: admin
2015-03-03 17:34:06,544 [http-bio-8080-exec-4] [erp] [INFO] - userName: admin
2015-03-03 17:34:06,544 [http-bio-8080-exec-1] [erp] [INFO] - ******************本次POST请求的参数如下************************
********请求toUri=/yazuo_erp/myHomePage/getComplexSysToDoLists.do**********

2015-03-03 17:34:06,544 [http-bio-8080-exec-4] [erp] [INFO] - ******************本次POST请求的参数如下************************
********请求toUri=/yazuo_erp/myHomePage/getComplexSynMerchants.do**********

2015-03-03 17:34:08,322 [http-bio-8080-exec-10] [erp] [INFO] - sessionId: CC869F51E2E8183D91A7FE4A5D594425
2015-03-03 17:34:08,322 [http-bio-8080-exec-10] [erp] [INFO] - userId: 1
2015-03-03 17:34:08,322 [http-bio-8080-exec-10] [erp] [INFO] - userName: admin
2015-03-03 17:34:08,322 [http-bio-8080-exec-10] [erp] [INFO] - ******************本次POST请求的参数如下************************
********请求toUri=/yazuo_erp/myHomePage/getComplexSynMerchants.do**********

2015-03-03 17:34:12,695 [http-bio-8080-exec-5] [erp] [INFO] - sessionId: CC869F51E2E8183D91A7FE4A5D594425
2015-03-03 17:34:12,695 [http-bio-8080-exec-5] [erp] [INFO] - userId: 1
2015-03-03 17:34:12,695 [http-bio-8080-exec-5] [erp] [INFO] - userName: admin
2015-03-03 17:34:12,695 [http-bio-8080-exec-5] [erp] [INFO] - ******************本次POST请求的参数如下************************
********请求toUri=/yazuo_erp/myHomePage/getComplexSynMerchants.do**********

2015-03-03 17:34:13,802 [http-bio-8080-exec-2] [erp] [INFO] - sessionId: CC869F51E2E8183D91A7FE4A5D594425
2015-03-03 17:34:13,802 [http-bio-8080-exec-2] [erp] [INFO] - userId: 1
2015-03-03 17:34:13,802 [http-bio-8080-exec-2] [erp] [INFO] - userName: admin
2015-03-03 17:34:13,802 [http-bio-8080-exec-2] [erp] [INFO] - ******************本次POST请求的参数如下************************
********请求toUri=/yazuo_erp/myHomePage/getComplexSynMerchants.do**********

2015-03-03 17:34:26,041 [http-bio-8080-exec-3] [erp] [INFO] - sessionId: CC869F51E2E8183D91A7FE4A5D594425
2015-03-03 17:34:26,041 [http-bio-8080-exec-8] [erp] [INFO] - sessionId: CC869F51E2E8183D91A7FE4A5D594425
2015-03-03 17:34:26,041 [http-bio-8080-exec-8] [erp] [INFO] - userId: 1
2015-03-03 17:34:26,041 [http-bio-8080-exec-3] [erp] [INFO] - userId: 1
2015-03-03 17:34:26,041 [http-bio-8080-exec-8] [erp] [INFO] - userName: admin
2015-03-03 17:34:26,041 [http-bio-8080-exec-3] [erp] [INFO] - userName: admin
2015-03-03 17:34:26,041 [http-bio-8080-exec-8] [erp] [INFO] - ******************本次POST请求的参数如下************************
********请求toUri=/yazuo_erp/fesOnlineProcess/listFesOnlineProcesss.do**********

2015-03-03 17:34:26,041 [http-bio-8080-exec-3] [erp] [INFO] - ******************本次POST请求的参数如下************************
********请求toUri=/yazuo_erp/synMerchant/getMerchantInfoByOrder.do**********

2015-03-03 17:34:37,366 [http-bio-8080-exec-1] [erp] [INFO] - sessionId: CC869F51E2E8183D91A7FE4A5D594425
2015-03-03 17:34:37,367 [http-bio-8080-exec-1] [erp] [INFO] - userId: 1
2015-03-03 17:34:37,367 [http-bio-8080-exec-1] [erp] [INFO] - userName: admin
2015-03-03 17:34:37,367 [http-bio-8080-exec-1] [erp] [INFO] - ******************本次POST请求的参数如下************************
********请求toUri=/yazuo_erp/fesOnlineProcess/updateFesOnlineProcessStatus.do**********

2015-03-03 17:34:54,699 [http-bio-8080-exec-4] [erp] [INFO] - sessionId: CC869F51E2E8183D91A7FE4A5D594425
2015-03-03 17:34:54,699 [http-bio-8080-exec-4] [erp] [INFO] - userId: 1
2015-03-03 17:34:54,699 [http-bio-8080-exec-4] [erp] [INFO] - userName: admin
2015-03-03 17:34:54,699 [http-bio-8080-exec-4] [erp] [INFO] - ******************本次POST请求的参数如下************************
********请求toUri=/yazuo_erp/myHomePage/getComplexSysToDoLists.do**********

2015-03-03 17:35:00,208 [http-bio-8080-exec-10] [erp] [INFO] - sessionId: CC869F51E2E8183D91A7FE4A5D594425
2015-03-03 17:35:00,208 [http-bio-8080-exec-10] [erp] [INFO] - userId: 1
2015-03-03 17:35:00,208 [http-bio-8080-exec-10] [erp] [INFO] - userName: admin
2015-03-03 17:35:00,208 [http-bio-8080-exec-10] [erp] [INFO] - ******************本次POST请求的参数如下************************
********请求toUri=/yazuo_erp/myHomePage/getComplexSysToDoLists.do**********

2015-03-03 17:35:00,210 [http-bio-8080-exec-5] [erp] [INFO] - sessionId: CC869F51E2E8183D91A7FE4A5D594425
2015-03-03 17:35:00,210 [http-bio-8080-exec-5] [erp] [INFO] - userId: 1
2015-03-03 17:35:00,210 [http-bio-8080-exec-5] [erp] [INFO] - userName: admin
2015-03-03 17:35:00,210 [http-bio-8080-exec-5] [erp] [INFO] - ******************本次POST请求的参数如下************************
********请求toUri=/yazuo_erp/myHomePage/getComplexSynMerchants.do**********

2015-03-03 17:35:02,918 [http-bio-8080-exec-2] [erp] [INFO] - sessionId: CC869F51E2E8183D91A7FE4A5D594425
2015-03-03 17:35:02,919 [http-bio-8080-exec-2] [erp] [INFO] - userId: 1
2015-03-03 17:35:02,919 [http-bio-8080-exec-2] [erp] [INFO] - userName: admin
2015-03-03 17:35:02,919 [http-bio-8080-exec-2] [erp] [INFO] - ******************本次POST请求的参数如下************************
********请求toUri=/yazuo_erp/myHomePage/getComplexSysToDoLists.do**********

2015-03-03 17:35:13,197 [http-bio-8080-exec-6] [erp] [INFO] - sessionId: CC869F51E2E8183D91A7FE4A5D594425
2015-03-03 17:35:13,197 [http-bio-8080-exec-6] [erp] [INFO] - userId: 1
2015-03-03 17:35:13,197 [http-bio-8080-exec-6] [erp] [INFO] - userName: admin
2015-03-03 17:35:13,197 [http-bio-8080-exec-6] [erp] [INFO] - ******************本次POST请求的参数如下************************
********请求toUri=/yazuo_erp/myHomePage/getComplexSysToDoLists.do**********

2015-03-03 17:35:25,795 [http-bio-8080-exec-3] [erp] [INFO] - sessionId: CC869F51E2E8183D91A7FE4A5D594425
2015-03-03 17:35:25,795 [http-bio-8080-exec-3] [erp] [INFO] - userId: 1
2015-03-03 17:35:25,795 [http-bio-8080-exec-3] [erp] [INFO] - userName: admin
2015-03-03 17:35:25,795 [http-bio-8080-exec-3] [erp] [INFO] - ******************本次POST请求的参数如下************************
********请求toUri=/yazuo_erp/myHomePage/getComplexSysToDoLists.do**********

2015-03-03 17:35:38,693 [http-bio-8080-exec-9] [erp] [INFO] - sessionId: CC869F51E2E8183D91A7FE4A5D594425
2015-03-03 17:35:38,693 [http-bio-8080-exec-9] [erp] [INFO] - userId: 1
2015-03-03 17:35:38,693 [http-bio-8080-exec-9] [erp] [INFO] - userName: admin
2015-03-03 17:35:38,693 [http-bio-8080-exec-9] [erp] [INFO] - ******************本次POST请求的参数如下************************
********请求toUri=/yazuo_erp/synMerchant/getMerchantInfoByOrder.do**********

2015-03-03 17:35:38,695 [http-bio-8080-exec-8] [erp] [INFO] - sessionId: CC869F51E2E8183D91A7FE4A5D594425
2015-03-03 17:35:38,695 [http-bio-8080-exec-8] [erp] [INFO] - userId: 1
2015-03-03 17:35:38,695 [http-bio-8080-exec-8] [erp] [INFO] - userName: admin
2015-03-03 17:35:38,695 [http-bio-8080-exec-8] [erp] [INFO] - ******************本次POST请求的参数如下************************
********请求toUri=/yazuo_erp/fesOnlineProcess/listFesOnlineProcesss.do**********

2015-03-03 17:35:47,952 [http-bio-8080-exec-4] [erp] [INFO] - sessionId: CC869F51E2E8183D91A7FE4A5D594425
2015-03-03 17:35:47,952 [http-bio-8080-exec-1] [erp] [INFO] - sessionId: CC869F51E2E8183D91A7FE4A5D594425
2015-03-03 17:35:47,953 [http-bio-8080-exec-1] [erp] [INFO] - userId: 1
2015-03-03 17:35:47,953 [http-bio-8080-exec-4] [erp] [INFO] - userId: 1
2015-03-03 17:35:47,953 [http-bio-8080-exec-1] [erp] [INFO] - userName: admin
2015-03-03 17:35:47,953 [http-bio-8080-exec-4] [erp] [INFO] - userName: admin
2015-03-03 17:35:47,953 [http-bio-8080-exec-1] [erp] [INFO] - ******************本次POST请求的参数如下************************
********请求toUri=/yazuo_erp/myHomePage/getComplexSysToDoLists.do**********

2015-03-03 17:35:47,953 [http-bio-8080-exec-4] [erp] [INFO] - ******************本次POST请求的参数如下************************
********请求toUri=/yazuo_erp/myHomePage/getComplexSynMerchants.do**********

2015-03-03 17:35:50,395 [http-bio-8080-exec-10] [erp] [INFO] - sessionId: CC869F51E2E8183D91A7FE4A5D594425
2015-03-03 17:35:50,395 [http-bio-8080-exec-10] [erp] [INFO] - userId: 1
2015-03-03 17:35:50,395 [http-bio-8080-exec-10] [erp] [INFO] - userName: admin
2015-03-03 17:35:50,396 [http-bio-8080-exec-10] [erp] [INFO] - ******************本次POST请求的参数如下************************
********请求toUri=/yazuo_erp/myHomePage/getComplexSysToDoLists.do**********

2015-03-03 17:35:56,910 [http-bio-8080-exec-5] [erp] [INFO] - sessionId: CC869F51E2E8183D91A7FE4A5D594425
2015-03-03 17:35:56,910 [http-bio-8080-exec-5] [erp] [INFO] - userId: 1
2015-03-03 17:35:56,910 [http-bio-8080-exec-5] [erp] [INFO] - userName: admin
2015-03-03 17:35:56,910 [http-bio-8080-exec-5] [erp] [INFO] - ******************本次POST请求的参数如下************************
********请求toUri=/yazuo_erp/myHomePage/getComplexSysToDoLists.do**********

2015-03-03 17:36:10,779 [http-bio-8080-exec-2] [erp] [INFO] - sessionId: CC869F51E2E8183D91A7FE4A5D594425
2015-03-03 17:36:10,779 [http-bio-8080-exec-6] [erp] [INFO] - sessionId: CC869F51E2E8183D91A7FE4A5D594425
2015-03-03 17:36:10,779 [http-bio-8080-exec-6] [erp] [INFO] - userId: 1
2015-03-03 17:36:10,779 [http-bio-8080-exec-2] [erp] [INFO] - userId: 1
2015-03-03 17:36:10,779 [http-bio-8080-exec-6] [erp] [INFO] - userName: admin
2015-03-03 17:36:10,779 [http-bio-8080-exec-2] [erp] [INFO] - userName: admin
2015-03-03 17:36:10,779 [http-bio-8080-exec-6] [erp] [INFO] - ******************本次POST请求的参数如下************************
********请求toUri=/yazuo_erp/fesOnlineProcess/listFesOnlineProcesss.do**********

2015-03-03 17:36:10,779 [http-bio-8080-exec-2] [erp] [INFO] - ******************本次POST请求的参数如下************************
********请求toUri=/yazuo_erp/synMerchant/getMerchantInfoByOrder.do**********

2015-03-03 17:36:19,760 [http-bio-8080-exec-7] [erp] [INFO] - sessionId: CC869F51E2E8183D91A7FE4A5D594425
2015-03-03 17:36:19,761 [http-bio-8080-exec-7] [erp] [INFO] - userId: 1
2015-03-03 17:36:19,761 [http-bio-8080-exec-7] [erp] [INFO] - userName: admin
2015-03-03 17:36:19,761 [http-bio-8080-exec-7] [erp] [INFO] - ******************本次POST请求的参数如下************************
********请求toUri=/yazuo_erp/myHomePage/getComplexSysToDoLists.do**********

2015-03-03 17:37:16,391 [http-bio-8080-exec-8] [erp] [INFO] - sessionId: CC869F51E2E8183D91A7FE4A5D594425
2015-03-03 17:37:16,391 [http-bio-8080-exec-9] [erp] [INFO] - sessionId: CC869F51E2E8183D91A7FE4A5D594425
2015-03-03 17:37:16,391 [http-bio-8080-exec-9] [erp] [INFO] - userId: 1
2015-03-03 17:37:16,391 [http-bio-8080-exec-8] [erp] [INFO] - userId: 1
2015-03-03 17:37:16,391 [http-bio-8080-exec-9] [erp] [INFO] - userName: admin
2015-03-03 17:37:16,391 [http-bio-8080-exec-8] [erp] [INFO] - userName: admin
2015-03-03 17:37:16,391 [http-bio-8080-exec-9] [erp] [INFO] - ******************本次POST请求的参数如下************************
********请求toUri=/yazuo_erp/myHomePage/getComplexSysToDoLists.do**********

2015-03-03 17:37:16,391 [http-bio-8080-exec-8] [erp] [INFO] - ******************本次POST请求的参数如下************************
********请求toUri=/yazuo_erp/myHomePage/getComplexSynMerchants.do**********

2015-03-03 17:37:17,141 [http-bio-8080-exec-1] [erp] [INFO] - sessionId: CC869F51E2E8183D91A7FE4A5D594425
2015-03-03 17:37:17,142 [http-bio-8080-exec-1] [erp] [INFO] - userId: 1
2015-03-03 17:37:17,142 [http-bio-8080-exec-1] [erp] [INFO] - userName: admin
2015-03-03 17:37:17,142 [http-bio-8080-exec-1] [erp] [INFO] - ******************本次POST请求的参数如下************************
********请求toUri=/yazuo_erp/myHomePage/getComplexSysToDoLists.do**********

2015-03-03 17:37:17,895 [http-bio-8080-exec-4] [erp] [INFO] - sessionId: CC869F51E2E8183D91A7FE4A5D594425
2015-03-03 17:37:17,895 [http-bio-8080-exec-4] [erp] [INFO] - userId: 1
2015-03-03 17:37:17,895 [http-bio-8080-exec-4] [erp] [INFO] - userName: admin
2015-03-03 17:37:17,895 [http-bio-8080-exec-4] [erp] [INFO] - ******************本次POST请求的参数如下************************
********请求toUri=/yazuo_erp/myHomePage/getComplexSysToDoLists.do**********

2015-03-03 17:38:06,066 [http-bio-8080-exec-10] [erp] [INFO] - sessionId: CC869F51E2E8183D91A7FE4A5D594425
2015-03-03 17:38:06,066 [http-bio-8080-exec-10] [erp] [INFO] - userId: 1
2015-03-03 17:38:06,066 [http-bio-8080-exec-10] [erp] [INFO] - userName: admin
2015-03-03 17:38:06,066 [http-bio-8080-exec-10] [erp] [INFO] - ******************本次POST请求的参数如下************************
********请求toUri=/yazuo_erp/synMerchant/updateSynMerchantForOnline.do**********

2015-03-03 17:38:09,839 [http-bio-8080-exec-2] [erp] [INFO] - sessionId: CC869F51E2E8183D91A7FE4A5D594425
2015-03-03 17:38:09,841 [http-bio-8080-exec-2] [erp] [INFO] - userId: 1
2015-03-03 17:38:09,841 [http-bio-8080-exec-2] [erp] [INFO] - userName: admin
2015-03-03 17:38:09,841 [http-bio-8080-exec-2] [erp] [INFO] - ******************本次POST请求的参数如下************************
********请求toUri=/yazuo_erp/myHomePage/getComplexSysToDoLists.do**********

2015-03-03 17:38:09,842 [http-bio-8080-exec-6] [erp] [INFO] - sessionId: CC869F51E2E8183D91A7FE4A5D594425
2015-03-03 17:38:09,842 [http-bio-8080-exec-6] [erp] [INFO] - userId: 1
2015-03-03 17:38:09,842 [http-bio-8080-exec-6] [erp] [INFO] - userName: admin
2015-03-03 17:38:09,842 [http-bio-8080-exec-6] [erp] [INFO] - ******************本次POST请求的参数如下************************
********请求toUri=/yazuo_erp/myHomePage/getComplexSynMerchants.do**********

2015-03-03 17:38:10,855 [http-bio-8080-exec-9] [erp] [INFO] - sessionId: CC869F51E2E8183D91A7FE4A5D594425
2015-03-03 17:38:10,855 [http-bio-8080-exec-9] [erp] [INFO] - userId: 1
2015-03-03 17:38:10,855 [http-bio-8080-exec-9] [erp] [INFO] - userName: admin
2015-03-03 17:38:10,855 [http-bio-8080-exec-9] [erp] [INFO] - ******************本次POST请求的参数如下************************
********请求toUri=/yazuo_erp/myHomePage/getComplexSysToDoLists.do**********

2015-03-03 17:38:11,515 [http-bio-8080-exec-8] [erp] [INFO] - sessionId: CC869F51E2E8183D91A7FE4A5D594425
2015-03-03 17:38:11,515 [http-bio-8080-exec-8] [erp] [INFO] - userId: 1
2015-03-03 17:38:11,515 [http-bio-8080-exec-8] [erp] [INFO] - userName: admin
2015-03-03 17:38:11,515 [http-bio-8080-exec-8] [erp] [INFO] - ******************本次POST请求的参数如下************************
********请求toUri=/yazuo_erp/myHomePage/getComplexSysToDoLists.do**********

2015-03-03 17:38:52,798 [http-bio-8080-exec-5] [erp] [INFO] - sessionId: CC869F51E2E8183D91A7FE4A5D594425
2015-03-03 17:38:52,798 [http-bio-8080-exec-5] [erp] [INFO] - userId: 1
2015-03-03 17:38:52,798 [http-bio-8080-exec-10] [erp] [INFO] - sessionId: CC869F51E2E8183D91A7FE4A5D594425
2015-03-03 17:38:52,798 [http-bio-8080-exec-5] [erp] [INFO] - userName: admin
2015-03-03 17:38:52,799 [http-bio-8080-exec-5] [erp] [INFO] - ******************本次POST请求的参数如下************************
********请求toUri=/yazuo_erp/myHomePage/getComplexSynMerchants.do**********

2015-03-03 17:38:52,799 [http-bio-8080-exec-10] [erp] [INFO] - userId: 1
2015-03-03 17:38:52,801 [http-bio-8080-exec-10] [erp] [INFO] - userName: admin
2015-03-03 17:38:52,801 [http-bio-8080-exec-10] [erp] [INFO] - ******************本次POST请求的参数如下************************
********请求toUri=/yazuo_erp/myHomePage/getComplexSysToDoLists.do**********

2015-03-03 17:38:53,596 [http-bio-8080-exec-7] [erp] [INFO] - sessionId: CC869F51E2E8183D91A7FE4A5D594425
2015-03-03 17:38:53,596 [http-bio-8080-exec-7] [erp] [INFO] - userId: 1
2015-03-03 17:38:53,596 [http-bio-8080-exec-7] [erp] [INFO] - userName: admin
2015-03-03 17:38:53,596 [http-bio-8080-exec-7] [erp] [INFO] - ******************本次POST请求的参数如下************************
********请求toUri=/yazuo_erp/myHomePage/getComplexSysToDoLists.do**********

2015-03-03 17:38:54,373 [http-bio-8080-exec-2] [erp] [INFO] - sessionId: CC869F51E2E8183D91A7FE4A5D594425
2015-03-03 17:38:54,373 [http-bio-8080-exec-2] [erp] [INFO] - userId: 1
2015-03-03 17:38:54,373 [http-bio-8080-exec-2] [erp] [INFO] - userName: admin
2015-03-03 17:38:54,373 [http-bio-8080-exec-2] [erp] [INFO] - ******************本次POST请求的参数如下************************
********请求toUri=/yazuo_erp/myHomePage/getComplexSysToDoLists.do**********

2015-03-03 17:38:56,836 [http-bio-8080-exec-6] [erp] [INFO] - sessionId: CC869F51E2E8183D91A7FE4A5D594425
2015-03-03 17:38:56,837 [http-bio-8080-exec-6] [erp] [INFO] - userId: 1
2015-03-03 17:38:56,837 [http-bio-8080-exec-6] [erp] [INFO] - userName: admin
2015-03-03 17:38:56,837 [http-bio-8080-exec-6] [erp] [INFO] - ******************本次POST请求的参数如下************************
********请求toUri=/yazuo_erp/synMerchant/updateSynMerchantForOnline.do**********

2015-03-03 17:38:59,299 [http-bio-8080-exec-1] [erp] [INFO] - sessionId: CC869F51E2E8183D91A7FE4A5D594425
2015-03-03 17:38:59,299 [http-bio-8080-exec-1] [erp] [INFO] - userId: 1
2015-03-03 17:38:59,299 [http-bio-8080-exec-1] [erp] [INFO] - userName: admin
2015-03-03 17:38:59,299 [http-bio-8080-exec-1] [erp] [INFO] - ******************本次POST请求的参数如下************************
********请求toUri=/yazuo_erp/myHomePage/getComplexSysToDoLists.do**********

2015-03-03 17:38:59,299 [http-bio-8080-exec-4] [erp] [INFO] - sessionId: CC869F51E2E8183D91A7FE4A5D594425
2015-03-03 17:38:59,299 [http-bio-8080-exec-4] [erp] [INFO] - userId: 1
2015-03-03 17:38:59,299 [http-bio-8080-exec-4] [erp] [INFO] - userName: admin
2015-03-03 17:38:59,299 [http-bio-8080-exec-4] [erp] [INFO] - ******************本次POST请求的参数如下************************
********请求toUri=/yazuo_erp/myHomePage/getComplexSynMerchants.do**********

2015-03-03 17:38:59,995 [http-bio-8080-exec-10] [erp] [INFO] - sessionId: CC869F51E2E8183D91A7FE4A5D594425
2015-03-03 17:38:59,995 [http-bio-8080-exec-10] [erp] [INFO] - userId: 1
2015-03-03 17:38:59,995 [http-bio-8080-exec-10] [erp] [INFO] - userName: admin
2015-03-03 17:38:59,995 [http-bio-8080-exec-10] [erp] [INFO] - ******************本次POST请求的参数如下************************
********请求toUri=/yazuo_erp/myHomePage/getComplexSysToDoLists.do**********

2015-03-03 17:39:01,073 [http-bio-8080-exec-5] [erp] [INFO] - sessionId: CC869F51E2E8183D91A7FE4A5D594425
2015-03-03 17:39:01,073 [http-bio-8080-exec-5] [erp] [INFO] - userId: 1
2015-03-03 17:39:01,073 [http-bio-8080-exec-5] [erp] [INFO] - userName: admin
2015-03-03 17:39:01,073 [http-bio-8080-exec-5] [erp] [INFO] - ******************本次POST请求的参数如下************************
********请求toUri=/yazuo_erp/myHomePage/getComplexSysToDoLists.do**********

2015-03-03 17:41:49,057 [http-bio-8080-exec-7] [erp] [INFO] - sessionId: CC869F51E2E8183D91A7FE4A5D594425
2015-03-03 17:41:49,057 [http-bio-8080-exec-7] [erp] [INFO] - userId: 1
2015-03-03 17:41:49,057 [http-bio-8080-exec-7] [erp] [INFO] - userName: admin
2015-03-03 17:41:49,057 [http-bio-8080-exec-7] [erp] [INFO] - ******************本次POST请求的参数如下************************
********请求toUri=/yazuo_erp/synMerchant/updateSynMerchantForOnline.do**********

2015-03-03 17:43:53,647 [http-bio-8080-exec-2] [erp] [INFO] - sessionId: CC869F51E2E8183D91A7FE4A5D594425
2015-03-03 17:43:53,647 [http-bio-8080-exec-2] [erp] [INFO] - userId: 1
2015-03-03 17:43:53,647 [http-bio-8080-exec-2] [erp] [INFO] - userName: admin
2015-03-03 17:43:53,647 [http-bio-8080-exec-2] [erp] [INFO] - ******************本次POST请求的参数如下************************
********请求toUri=/yazuo_erp/synMerchant/updateSynMerchantForOnline.do**********

2015-03-03 17:44:08,677 [http-bio-8080-exec-6] [erp] [INFO] - sessionId: CC869F51E2E8183D91A7FE4A5D594425
2015-03-03 17:44:08,677 [http-bio-8080-exec-6] [erp] [INFO] - userId: 1
2015-03-03 17:44:08,677 [http-bio-8080-exec-6] [erp] [INFO] - userName: admin
2015-03-03 17:44:08,677 [http-bio-8080-exec-6] [erp] [INFO] - ******************本次POST请求的参数如下************************
********请求toUri=/yazuo_erp/synMerchant/updateSynMerchantForOnline.do**********

2015-03-03 17:44:30,284 [http-bio-8080-exec-9] [erp] [INFO] - sessionId: CC869F51E2E8183D91A7FE4A5D594425
2015-03-03 17:44:30,284 [http-bio-8080-exec-9] [erp] [INFO] - userId: 1
2015-03-03 17:44:30,284 [http-bio-8080-exec-9] [erp] [INFO] - userName: admin
2015-03-03 17:44:30,284 [http-bio-8080-exec-9] [erp] [INFO] - ******************本次POST请求的参数如下************************
********请求toUri=/yazuo_erp/synMerchant/updateSynMerchantForOnline.do**********

2015-03-03 17:45:35,600 [http-bio-8080-exec-8] [erp] [INFO] - sessionId: CC869F51E2E8183D91A7FE4A5D594425
2015-03-03 17:45:35,600 [http-bio-8080-exec-8] [erp] [INFO] - userId: 1
2015-03-03 17:45:35,600 [http-bio-8080-exec-8] [erp] [INFO] - userName: admin
2015-03-03 17:45:35,600 [http-bio-8080-exec-8] [erp] [INFO] - ******************本次POST请求的参数如下************************
********请求toUri=/yazuo_erp/synMerchant/updateSynMerchantForOnline.do**********

2015-03-03 17:47:05,824 [http-bio-8080-exec-1] [erp] [INFO] - sessionId: CC869F51E2E8183D91A7FE4A5D594425
2015-03-03 17:47:05,825 [http-bio-8080-exec-1] [erp] [INFO] - userId: 1
2015-03-03 17:47:05,825 [http-bio-8080-exec-1] [erp] [INFO] - userName: admin
2015-03-03 17:47:05,825 [http-bio-8080-exec-1] [erp] [INFO] - ******************本次POST请求的参数如下************************
********请求toUri=/yazuo_erp/myHomePage/getComplexSysToDoLists.do**********

2015-03-03 17:47:05,825 [http-bio-8080-exec-10] [erp] [INFO] - sessionId: CC869F51E2E8183D91A7FE4A5D594425
2015-03-03 17:47:05,825 [http-bio-8080-exec-10] [erp] [INFO] - userId: 1
2015-03-03 17:47:05,825 [http-bio-8080-exec-10] [erp] [INFO] - userName: admin
2015-03-03 17:47:05,825 [http-bio-8080-exec-10] [erp] [INFO] - ******************本次POST请求的参数如下************************
********请求toUri=/yazuo_erp/myHomePage/getComplexSynMerchants.do**********

2015-03-03 17:47:06,410 [http-bio-8080-exec-6] [erp] [INFO] - sessionId: CC869F51E2E8183D91A7FE4A5D594425
2015-03-03 17:47:06,411 [http-bio-8080-exec-6] [erp] [INFO] - userId: 1
2015-03-03 17:47:06,411 [http-bio-8080-exec-6] [erp] [INFO] - userName: admin
2015-03-03 17:47:06,411 [http-bio-8080-exec-6] [erp] [INFO] - ******************本次POST请求的参数如下************************
********请求toUri=/yazuo_erp/myHomePage/getComplexSysToDoLists.do**********

2015-03-03 17:47:07,180 [http-bio-8080-exec-7] [erp] [INFO] - sessionId: CC869F51E2E8183D91A7FE4A5D594425
2015-03-03 17:47:07,181 [http-bio-8080-exec-7] [erp] [INFO] - userId: 1
2015-03-03 17:47:07,181 [http-bio-8080-exec-7] [erp] [INFO] - userName: admin
2015-03-03 17:47:07,181 [http-bio-8080-exec-7] [erp] [INFO] - ******************本次POST请求的参数如下************************
********请求toUri=/yazuo_erp/myHomePage/getComplexSysToDoLists.do**********

2015-03-03 17:47:12,100 [http-bio-8080-exec-8] [erp] [INFO] - sessionId: CC869F51E2E8183D91A7FE4A5D594425
2015-03-03 17:47:12,100 [http-bio-8080-exec-8] [erp] [INFO] - userId: 1
2015-03-03 17:47:12,100 [http-bio-8080-exec-2] [erp] [INFO] - sessionId: CC869F51E2E8183D91A7FE4A5D594425
2015-03-03 17:47:12,100 [http-bio-8080-exec-8] [erp] [INFO] - userName: admin
2015-03-03 17:47:12,100 [http-bio-8080-exec-2] [erp] [INFO] - userId: 1
2015-03-03 17:47:12,100 [http-bio-8080-exec-8] [erp] [INFO] - ******************本次POST请求的参数如下************************
********请求toUri=/yazuo_erp/synMerchant/getMerchantInfoByOrder.do**********

2015-03-03 17:47:12,100 [http-bio-8080-exec-2] [erp] [INFO] - userName: admin
2015-03-03 17:47:12,101 [http-bio-8080-exec-2] [erp] [INFO] - ******************本次POST请求的参数如下************************
********请求toUri=/yazuo_erp/fesOnlineProcess/listFesOnlineProcesssAfterOnline.do**********

2015-03-03 17:49:48,084 [http-bio-8080-exec-3] [erp] [INFO] - sessionId: CC869F51E2E8183D91A7FE4A5D594425
2015-03-03 17:49:48,084 [http-bio-8080-exec-3] [erp] [INFO] - userId: 1
2015-03-03 17:49:48,084 [http-bio-8080-exec-3] [erp] [INFO] - userName: admin
2015-03-03 17:49:48,084 [http-bio-8080-exec-3] [erp] [INFO] - ******************本次POST请求的参数如下************************
********请求toUri=/yazuo_erp/synMembershipCard/listSynMembershipCards.do**********
	参数名getParameter：pageNumber,参数值：1
	参数名getParameter：pageSize,参数值：10000
	参数名getParameter：merchantId,参数值：1678

2015-03-03 17:55:56,359 [http-bio-8080-exec-1] [erp] [INFO] - sessionId: CC869F51E2E8183D91A7FE4A5D594425
2015-03-03 17:55:56,359 [http-bio-8080-exec-1] [erp] [INFO] - userId: 1
2015-03-03 17:55:56,359 [http-bio-8080-exec-1] [erp] [INFO] - userName: admin
2015-03-03 17:55:56,359 [http-bio-8080-exec-1] [erp] [INFO] - ******************本次POST请求的参数如下************************
********请求toUri=/yazuo_erp/synMerchant/getMerchantInfoByOrder.do**********

2015-03-03 17:55:56,368 [http-bio-8080-exec-10] [erp] [INFO] - sessionId: CC869F51E2E8183D91A7FE4A5D594425
2015-03-03 17:55:56,368 [http-bio-8080-exec-10] [erp] [INFO] - userId: 1
2015-03-03 17:55:56,368 [http-bio-8080-exec-10] [erp] [INFO] - userName: admin
2015-03-03 17:55:56,368 [http-bio-8080-exec-10] [erp] [INFO] - ******************本次POST请求的参数如下************************
********请求toUri=/yazuo_erp/fesOnlineProcess/listFesOnlineProcesssAfterOnline.do**********

2015-03-03 18:00:55,302 [http-bio-8080-exec-5] [erp] [INFO] - ******************本次POST请求的参数如下************************
********请求toUri=/yazuo_erp/login/verifyMac.do**********
	参数名getParameter：tel,参数值：15000000000

2015-03-03 18:00:55,757 [http-bio-8080-exec-6] [erp] [INFO] - ******************本次POST请求的参数如下************************
********请求toUri=/yazuo_erp/login/loginSubmit.do**********

2015-03-03 18:00:57,640 [http-bio-8080-exec-9] [erp] [INFO] - sessionId: 91786EA16F3D92DFC596B1DA0E24AD16
2015-03-03 18:00:57,640 [http-bio-8080-exec-9] [erp] [INFO] - userId: 1
2015-03-03 18:00:57,644 [http-bio-8080-exec-9] [erp] [INFO] - userName: admin
2015-03-03 18:00:57,644 [http-bio-8080-exec-9] [erp] [INFO] - ******************本次POST请求的参数如下************************
********请求toUri=/yazuo_erp/sysProductOperation/listSysProductOperations.do**********

2015-03-03 18:01:04,881 [http-bio-8080-exec-10] [erp] [INFO] - sessionId: 91786EA16F3D92DFC596B1DA0E24AD16
2015-03-03 18:01:04,881 [http-bio-8080-exec-10] [erp] [INFO] - userId: 1
2015-03-03 18:01:04,881 [http-bio-8080-exec-10] [erp] [INFO] - userName: admin
2015-03-03 18:01:04,881 [http-bio-8080-exec-10] [erp] [INFO] - ******************本次POST请求的参数如下************************
********请求toUri=/yazuo_erp/myHomePage/getComplexSysToDoLists.do**********

2015-03-03 18:01:04,898 [http-bio-8080-exec-1] [erp] [INFO] - sessionId: 91786EA16F3D92DFC596B1DA0E24AD16
2015-03-03 18:01:04,898 [http-bio-8080-exec-1] [erp] [INFO] - userId: 1
2015-03-03 18:01:04,898 [http-bio-8080-exec-1] [erp] [INFO] - userName: admin
2015-03-03 18:01:04,898 [http-bio-8080-exec-1] [erp] [INFO] - ******************本次POST请求的参数如下************************
********请求toUri=/yazuo_erp/myHomePage/getComplexSynMerchants.do**********

2015-03-03 18:01:05,718 [http-bio-8080-exec-4] [erp] [INFO] - sessionId: 91786EA16F3D92DFC596B1DA0E24AD16
2015-03-03 18:01:05,718 [http-bio-8080-exec-4] [erp] [INFO] - userId: 1
2015-03-03 18:01:05,718 [http-bio-8080-exec-4] [erp] [INFO] - userName: admin
2015-03-03 18:01:05,718 [http-bio-8080-exec-4] [erp] [INFO] - ******************本次POST请求的参数如下************************
********请求toUri=/yazuo_erp/myHomePage/getComplexSysToDoLists.do**********

2015-03-03 18:01:06,511 [http-bio-8080-exec-5] [erp] [INFO] - sessionId: 91786EA16F3D92DFC596B1DA0E24AD16
2015-03-03 18:01:06,512 [http-bio-8080-exec-5] [erp] [INFO] - userId: 1
2015-03-03 18:01:06,512 [http-bio-8080-exec-5] [erp] [INFO] - userName: admin
2015-03-03 18:01:06,512 [http-bio-8080-exec-5] [erp] [INFO] - ******************本次POST请求的参数如下************************
********请求toUri=/yazuo_erp/myHomePage/getComplexSysToDoLists.do**********

2015-03-03 18:01:18,023 [http-bio-8080-exec-7] [erp] [INFO] - sessionId: 91786EA16F3D92DFC596B1DA0E24AD16
2015-03-03 18:01:18,023 [http-bio-8080-exec-7] [erp] [INFO] - userId: 1
2015-03-03 18:01:18,023 [http-bio-8080-exec-7] [erp] [INFO] - userName: admin
2015-03-03 18:01:18,023 [http-bio-8080-exec-7] [erp] [INFO] - ******************本次POST请求的参数如下************************
********请求toUri=/yazuo_erp/fesOnlineProcess/listFesOnlineProcesssAfterOnline.do**********

2015-03-03 18:01:18,031 [http-bio-8080-exec-6] [erp] [INFO] - sessionId: 91786EA16F3D92DFC596B1DA0E24AD16
2015-03-03 18:01:18,031 [http-bio-8080-exec-6] [erp] [INFO] - userId: 1
2015-03-03 18:01:18,031 [http-bio-8080-exec-6] [erp] [INFO] - userName: admin
2015-03-03 18:01:18,032 [http-bio-8080-exec-6] [erp] [INFO] - ******************本次POST请求的参数如下************************
********请求toUri=/yazuo_erp/synMerchant/getMerchantInfoByOrder.do**********

